********** Results for Stencil_float_2_1_1_1_0**********
problem-size: 2048
local-size: 256
num-iters: 15
core-freq: 0
memory-freq: 0
device-name: Intel(R) Arc(TM) A770 Graphics
sycl-implementation: UNKNOWN
throughput-metric: N/A
kernel-time-mean: 0.007843 [s]
kernel-time-stddev: 0.000009 [s]
kernel-time-median: 0.007840 [s]
kernel-time-min: 0.007834 [s]
kernel-time-samples: "0.007834 0.007840 0.007840 0.007843 0.007858"
kernel-time-throughput: N/A
run-time-mean: 0.007992 [s]
run-time-stddev: 0.000051 [s]
run-time-median: 0.007972 [s]
run-time-min: 0.007963 [s]
run-time-samples: "0.007963 0.007965 0.007972 0.007976 0.008082"
run-time-throughput: N/A
kernel-energy-mean: 1.352429 [J]
kernel-energy-stddev: 0.056394 [J]
kernel-energy-median: 1.375366 [J]
kernel-energy-min: 1.252075 [J]
kernel-energy-max: 1.384155 [J]
kernel-energy-samples: "1.252075 1.369202 1.375366 1.381348 1.384155"
Verification: PASS
********** Results for Stencil_float_3_1_1_1_0**********
problem-size: 2048
local-size: 256
num-iters: 15
core-freq: 0
memory-freq: 0
device-name: Intel(R) Arc(TM) A770 Graphics
sycl-implementation: UNKNOWN
throughput-metric: N/A
kernel-time-mean: 0.014278 [s]
kernel-time-stddev: 0.000003 [s]
kernel-time-median: 0.014278 [s]
kernel-time-min: 0.014274 [s]
kernel-time-samples: "0.014274 0.014276 0.014278 0.014279 0.014282"
kernel-time-throughput: N/A
run-time-mean: 0.014440 [s]
run-time-stddev: 0.000021 [s]
run-time-median: 0.014429 [s]
run-time-min: 0.014428 [s]
run-time-samples: "0.014428 0.014428 0.014429 0.014437 0.014476"
run-time-throughput: N/A
kernel-energy-mean: 2.848218 [J]
kernel-energy-stddev: 0.014507 [J]
kernel-energy-median: 2.854980 [J]
kernel-energy-min: 2.827881 [J]
kernel-energy-max: 2.863281 [J]
kernel-energy-samples: "2.827881 2.838685 2.854980 2.856262 2.863281"
Verification: PASS
********** Results for Stencil_float_4_1_1_1_0**********
problem-size: 2048
local-size: 256
num-iters: 15
core-freq: 0
memory-freq: 0
device-name: Intel(R) Arc(TM) A770 Graphics
sycl-implementation: UNKNOWN
throughput-metric: N/A
kernel-time-mean: 0.023990 [s]
kernel-time-stddev: 0.000016 [s]
kernel-time-median: 0.023991 [s]
kernel-time-min: 0.023972 [s]
kernel-time-samples: "0.023972 0.023978 0.023991 0.024000 0.024011"
kernel-time-throughput: N/A
run-time-mean: 0.024165 [s]
run-time-stddev: 0.000040 [s]
run-time-median: 0.024152 [s]
run-time-min: 0.024136 [s]
run-time-samples: "0.024136 0.024145 0.024152 0.024155 0.024236"
run-time-throughput: N/A
kernel-energy-mean: 4.813208 [J]
kernel-energy-stddev: 0.029051 [J]
kernel-energy-median: 4.801514 [J]
kernel-energy-min: 4.779297 [J]
kernel-energy-max: 4.846924 [J]
kernel-energy-samples: "4.779297 4.798157 4.801514 4.840149 4.846924"
Verification: PASS
********** Results for Stencil_float_5_0_1_1_0**********
problem-size: 2048
local-size: 256
num-iters: 15
core-freq: 0
memory-freq: 0
device-name: Intel(R) Arc(TM) A770 Graphics
sycl-implementation: UNKNOWN
throughput-metric: N/A
kernel-time-mean: 0.021440 [s]
kernel-time-stddev: 0.000009 [s]
kernel-time-median: 0.021440 [s]
kernel-time-min: 0.021430 [s]
kernel-time-samples: "0.021430 0.021432 0.021440 0.021448 0.021450"
kernel-time-throughput: N/A
run-time-mean: 0.021608 [s]
run-time-stddev: 0.000033 [s]
run-time-median: 0.021605 [s]
run-time-min: 0.021580 [s]
run-time-samples: "0.021580 0.021586 0.021605 0.021608 0.021664"
run-time-throughput: N/A
kernel-energy-mean: 4.624414 [J]
kernel-energy-stddev: 0.049266 [J]
kernel-energy-median: 4.637085 [J]
kernel-energy-min: 4.546265 [J]
kernel-energy-max: 4.672058 [J]
kernel-energy-samples: "4.546265 4.610840 4.637085 4.655823 4.672058"
Verification: PASS
********** Results for Stencil_int_2_1_1_1_0**********
problem-size: 2048
local-size: 256
num-iters: 15
core-freq: 0
memory-freq: 0
device-name: Intel(R) Arc(TM) A770 Graphics
sycl-implementation: UNKNOWN
throughput-metric: N/A
kernel-time-mean: 0.012810 [s]
kernel-time-stddev: 0.000010 [s]
kernel-time-median: 0.012810 [s]
kernel-time-min: 0.012798 [s]
kernel-time-samples: "0.012798 0.012804 0.012810 0.012818 0.012822"
kernel-time-throughput: N/A
run-time-mean: 0.012969 [s]
run-time-stddev: 0.000023 [s]
run-time-median: 0.012968 [s]
run-time-min: 0.012949 [s]
run-time-samples: "0.012949 0.012951 0.012968 0.012974 0.013005"
run-time-throughput: N/A
kernel-energy-mean: 2.657361 [J]
kernel-energy-stddev: 0.070674 [J]
kernel-energy-median: 2.684510 [J]
kernel-energy-min: 2.532105 [J]
kernel-energy-max: 2.704467 [J]
kernel-energy-samples: "2.532105 2.678772 2.684510 2.686951 2.704467"
Verification: PASS
********** Results for Stencil_int_3_1_1_1_0**********
problem-size: 2048
local-size: 256
num-iters: 15
core-freq: 0
memory-freq: 0
device-name: Intel(R) Arc(TM) A770 Graphics
sycl-implementation: UNKNOWN
throughput-metric: N/A
kernel-time-mean: 0.017528 [s]
kernel-time-stddev: 0.000010 [s]
kernel-time-median: 0.017528 [s]
kernel-time-min: 0.017515 [s]
kernel-time-samples: "0.017515 0.017522 0.017528 0.017536 0.017541"
kernel-time-throughput: N/A
run-time-mean: 0.017699 [s]
run-time-stddev: 0.000028 [s]
run-time-median: 0.017695 [s]
run-time-min: 0.017664 [s]
run-time-samples: "0.017664 0.017682 0.017695 0.017714 0.017736"
run-time-throughput: N/A
kernel-energy-mean: 3.892420 [J]
kernel-energy-stddev: 0.072673 [J]
kernel-energy-median: 3.917481 [J]
kernel-energy-min: 3.765808 [J]
kernel-energy-max: 3.947205 [J]
kernel-energy-samples: "3.765808 3.902161 3.917481 3.929443 3.947205"
Verification: PASS
********** Results for Stencil_int_4_1_1_1_0**********
problem-size: 2048
local-size: 256
num-iters: 15
core-freq: 0
memory-freq: 0
device-name: Intel(R) Arc(TM) A770 Graphics
sycl-implementation: UNKNOWN
throughput-metric: N/A
kernel-time-mean: 0.029052 [s]
kernel-time-stddev: 0.000017 [s]
kernel-time-median: 0.029055 [s]
kernel-time-min: 0.029028 [s]
kernel-time-samples: "0.029028 0.029042 0.029055 0.029064 0.029070"
kernel-time-throughput: N/A
run-time-mean: 0.029244 [s]
run-time-stddev: 0.000022 [s]
run-time-median: 0.029252 [s]
run-time-min: 0.029218 [s]
run-time-samples: "0.029218 0.029222 0.029252 0.029263 0.029264"
run-time-throughput: N/A
kernel-energy-mean: 6.307141 [J]
kernel-energy-stddev: 0.009479 [J]
kernel-energy-median: 6.307740 [J]
kernel-energy-min: 6.294556 [J]
kernel-energy-max: 6.319153 [J]
kernel-energy-samples: "6.294556 6.301819 6.307740 6.312439 6.319153"
Verification: PASS
********** Results for Stencil_int_5_0_1_1_0**********
problem-size: 2048
local-size: 256
num-iters: 15
core-freq: 0
memory-freq: 0
device-name: Intel(R) Arc(TM) A770 Graphics
sycl-implementation: UNKNOWN
throughput-metric: N/A
kernel-time-mean: 0.038450 [s]
kernel-time-stddev: 0.000011 [s]
kernel-time-median: 0.038453 [s]
kernel-time-min: 0.038435 [s]
kernel-time-samples: "0.038435 0.038443 0.038453 0.038460 0.038460"
kernel-time-throughput: N/A
run-time-mean: 0.038656 [s]
run-time-stddev: 0.000028 [s]
run-time-median: 0.038648 [s]
run-time-min: 0.038630 [s]
run-time-samples: "0.038630 0.038646 0.038648 0.038652 0.038704"
run-time-throughput: N/A
kernel-energy-mean: 7.909460 [J]
kernel-energy-stddev: 0.083620 [J]
kernel-energy-median: 7.947693 [J]
kernel-energy-min: 7.814636 [J]
kernel-energy-max: 7.980774 [J]
kernel-energy-samples: "7.814636 7.823608 7.947693 7.980591 7.980774"
Verification: PASS
********** Results for Stencil_float_2_1_1_1_1**********
problem-size: 2048
local-size: 256
num-iters: 15
core-freq: 0
memory-freq: 0
device-name: Intel(R) Arc(TM) A770 Graphics
sycl-implementation: UNKNOWN
throughput-metric: N/A
kernel-time-mean: 0.007935 [s]
kernel-time-stddev: 0.000003 [s]
kernel-time-median: 0.007935 [s]
kernel-time-min: 0.007931 [s]
kernel-time-samples: "0.007931 0.007932 0.007935 0.007938 0.007939"
kernel-time-throughput: N/A
run-time-mean: 0.008078 [s]
run-time-stddev: 0.000024 [s]
run-time-median: 0.008077 [s]
run-time-min: 0.008056 [s]
run-time-samples: "0.008056 0.008057 0.008077 0.008088 0.008113"
run-time-throughput: N/A
kernel-energy-mean: 1.856995 [J]
kernel-energy-stddev: 0.028217 [J]
kernel-energy-median: 1.847961 [J]
kernel-energy-min: 1.829834 [J]
kernel-energy-max: 1.904602 [J]
kernel-energy-samples: "1.829834 1.847168 1.847961 1.855408 1.904602"
Verification: PASS
********** Results for Stencil_float_3_1_1_1_1**********
problem-size: 2048
local-size: 256
num-iters: 15
core-freq: 0
memory-freq: 0
device-name: Intel(R) Arc(TM) A770 Graphics
sycl-implementation: UNKNOWN
throughput-metric: N/A
kernel-time-mean: 0.015555 [s]
kernel-time-stddev: 0.000018 [s]
kernel-time-median: 0.015548 [s]
kernel-time-min: 0.015541 [s]
kernel-time-samples: "0.015541 0.015545 0.015548 0.015555 0.015587"
kernel-time-throughput: N/A
run-time-mean: 0.015720 [s]
run-time-stddev: 0.000030 [s]
run-time-median: 0.015718 [s]
run-time-min: 0.015687 [s]
run-time-samples: "0.015687 0.015697 0.015718 0.015743 0.015757"
run-time-throughput: N/A
kernel-energy-mean: 3.736694 [J]
kernel-energy-stddev: 0.097297 [J]
kernel-energy-median: 3.777954 [J]
kernel-energy-min: 3.562744 [J]
kernel-energy-max: 3.784546 [J]
kernel-energy-samples: "3.562744 3.776184 3.777954 3.782044 3.784546"
Verification: PASS
********** Results for Stencil_float_4_1_1_1_1**********
problem-size: 2048
local-size: 256
num-iters: 15
core-freq: 0
memory-freq: 0
device-name: Intel(R) Arc(TM) A770 Graphics
sycl-implementation: UNKNOWN
throughput-metric: N/A
kernel-time-mean: 0.025905 [s]
kernel-time-stddev: 0.000015 [s]
kernel-time-median: 0.025903 [s]
kernel-time-min: 0.025887 [s]
kernel-time-samples: "0.025887 0.025895 0.025903 0.025911 0.025927"
kernel-time-throughput: N/A
run-time-mean: 0.026081 [s]
run-time-stddev: 0.000018 [s]
run-time-median: 0.026081 [s]
run-time-min: 0.026061 [s]
run-time-samples: "0.026061 0.026066 0.026081 0.026096 0.026103"
run-time-throughput: N/A
kernel-energy-mean: 5.959021 [J]
kernel-energy-stddev: 0.092052 [J]
kernel-energy-median: 6.010742 [J]
kernel-energy-min: 5.811706 [J]
kernel-energy-max: 6.026672 [J]
kernel-energy-samples: "5.811706 5.925293 6.010742 6.020691 6.026672"
Verification: PASS
********** Results for Stencil_float_5_1_0_0_1**********
problem-size: 2048
local-size: 256
num-iters: 15
core-freq: 0
memory-freq: 0
device-name: Intel(R) Arc(TM) A770 Graphics
sycl-implementation: UNKNOWN
throughput-metric: N/A
kernel-time-mean: 0.026485 [s]
kernel-time-stddev: 0.000027 [s]
kernel-time-median: 0.026496 [s]
kernel-time-min: 0.026443 [s]
kernel-time-samples: "0.026443 0.026477 0.026496 0.026500 0.026511"
kernel-time-throughput: N/A
run-time-mean: 0.026669 [s]
run-time-stddev: 0.000038 [s]
run-time-median: 0.026684 [s]
run-time-min: 0.026612 [s]
run-time-samples: "0.026612 0.026655 0.026684 0.026687 0.026710"
run-time-throughput: N/A
kernel-energy-mean: 6.101843 [J]
kernel-energy-stddev: 0.037217 [J]
kernel-energy-median: 6.105835 [J]
kernel-energy-min: 6.042115 [J]
kernel-energy-max: 6.133178 [J]
kernel-energy-samples: "6.042115 6.095642 6.105835 6.132447 6.133178"
Verification: PASS
********** Results for Stencil_int_2_1_1_1_1**********
problem-size: 2048
local-size: 256
num-iters: 15
core-freq: 0
memory-freq: 0
device-name: Intel(R) Arc(TM) A770 Graphics
sycl-implementation: UNKNOWN
throughput-metric: N/A
kernel-time-mean: 0.012037 [s]
kernel-time-stddev: 0.000006 [s]
kernel-time-median: 0.012036 [s]
kernel-time-min: 0.012030 [s]
kernel-time-samples: "0.012030 0.012032 0.012036 0.012042 0.012045"
kernel-time-throughput: N/A
run-time-mean: 0.012193 [s]
run-time-stddev: 0.000037 [s]
run-time-median: 0.012180 [s]
run-time-min: 0.012169 [s]
run-time-samples: "0.012169 0.012174 0.012180 0.012183 0.012259"
run-time-throughput: N/A
kernel-energy-mean: 2.642957 [J]
kernel-energy-stddev: 0.073522 [J]
kernel-energy-median: 2.632019 [J]
kernel-energy-min: 2.563172 [J]
kernel-energy-max: 2.757690 [J]
kernel-energy-samples: "2.563172 2.601929 2.632019 2.659974 2.757690"
Verification: PASS
********** Results for Stencil_int_3_1_1_1_1**********
problem-size: 2048
local-size: 256
num-iters: 15
core-freq: 0
memory-freq: 0
device-name: Intel(R) Arc(TM) A770 Graphics
sycl-implementation: UNKNOWN
throughput-metric: N/A
kernel-time-mean: 0.023387 [s]
kernel-time-stddev: 0.000004 [s]
kernel-time-median: 0.023386 [s]
kernel-time-min: 0.023381 [s]
kernel-time-samples: "0.023381 0.023385 0.023386 0.023390 0.023391"
kernel-time-throughput: N/A
run-time-mean: 0.023565 [s]
run-time-stddev: 0.000027 [s]
run-time-median: 0.023554 [s]
run-time-min: 0.023545 [s]
run-time-samples: "0.023545 0.023552 0.023554 0.023562 0.023612"
run-time-throughput: N/A
kernel-energy-mean: 5.050061 [J]
kernel-energy-stddev: 0.065157 [J]
kernel-energy-median: 5.028015 [J]
kernel-energy-min: 4.999634 [J]
kernel-energy-max: 5.163635 [J]
kernel-energy-samples: "4.999634 5.019287 5.028015 5.039734 5.163635"
Verification: PASS
********** Results for Stencil_int_4_1_1_1_1**********
problem-size: 2048
local-size: 256
num-iters: 15
core-freq: 0
memory-freq: 0
device-name: Intel(R) Arc(TM) A770 Graphics
sycl-implementation: UNKNOWN
throughput-metric: N/A
kernel-time-mean: 0.038294 [s]
kernel-time-stddev: 0.000016 [s]
kernel-time-median: 0.038302 [s]
kernel-time-min: 0.038273 [s]
kernel-time-samples: "0.038273 0.038281 0.038302 0.038304 0.038308"
kernel-time-throughput: N/A
run-time-mean: 0.038500 [s]
run-time-stddev: 0.000039 [s]
run-time-median: 0.038504 [s]
run-time-min: 0.038460 [s]
run-time-samples: "0.038460 0.038468 0.038504 0.038512 0.038557"
run-time-throughput: N/A
kernel-energy-mean: 8.149634 [J]
kernel-energy-stddev: 0.078767 [J]
kernel-energy-median: 8.132446 [J]
kernel-energy-min: 8.078858 [J]
kernel-energy-max: 8.275818 [J]
kernel-energy-samples: "8.078858 8.092712 8.132446 8.168335 8.275818"
Verification: PASS
********** Results for Stencil_int_5_1_0_0_1**********
problem-size: 2048
local-size: 256
num-iters: 15
core-freq: 0
memory-freq: 0
device-name: Intel(R) Arc(TM) A770 Graphics
sycl-implementation: UNKNOWN
throughput-metric: N/A
kernel-time-mean: 0.025442 [s]
kernel-time-stddev: 0.000019 [s]
kernel-time-median: 0.025440 [s]
kernel-time-min: 0.025424 [s]
kernel-time-samples: "0.025424 0.025425 0.025440 0.025452 0.025468"
kernel-time-throughput: N/A
run-time-mean: 0.025622 [s]
run-time-stddev: 0.000019 [s]
run-time-median: 0.025625 [s]
run-time-min: 0.025594 [s]
run-time-samples: "0.025594 0.025612 0.025625 0.025637 0.025641"
run-time-throughput: N/A
kernel-energy-mean: 5.679455 [J]
kernel-energy-stddev: 0.030641 [J]
kernel-energy-median: 5.659118 [J]
kernel-energy-min: 5.655640 [J]
kernel-energy-max: 5.722290 [J]
kernel-energy-samples: "5.655640 5.658447 5.659118 5.701782 5.722290"
Verification: PASS
