********** Results for Matrix_mul**********
problem-size: 3072
local-size: 256
num-iters: 1
core-freq: 0
memory-freq: 0
device-name: Intel(R) Arc(TM) A770 Graphics
sycl-implementation: UNKNOWN
throughput-metric: N/A
kernel-time-mean: 0.137532 [s]
kernel-time-stddev: 0.000343 [s]
kernel-time-median: 0.137651 [s]
kernel-time-min: 0.136989 [s]
kernel-time-samples: "0.136989 0.137424 0.137651 0.137738 0.137858"
kernel-time-throughput: N/A
run-time-mean: 0.137903 [s]
run-time-stddev: 0.000346 [s]
run-time-median: 0.137997 [s]
run-time-min: 0.137350 [s]
run-time-samples: "0.137350 0.137829 0.137997 0.138076 0.138263"
run-time-throughput: N/A
kernel-energy-mean: 24.890954 [J]
kernel-energy-stddev: 0.111131 [J]
kernel-energy-median: 24.928100 [J]
kernel-energy-min: 24.700561 [J]
kernel-energy-max: 24.984436 [J]
kernel-energy-samples: "24.700561 24.895874 24.928100 24.945801 24.984436"
Verification: PASS
