********** Results for Matrix_mul**********
problem-size: 3072
local-size: 256
num-iters: 1
core-freq: 0
memory-freq: 0
device-name: Intel(R) Arc(TM) A770 Graphics
sycl-implementation: UNKNOWN
throughput-metric: N/A
kernel-time-mean: 0.137869 [s]
kernel-time-stddev: 0.000408 [s]
kernel-time-median: 0.138065 [s]
kernel-time-min: 0.137329 [s]
kernel-time-samples: "0.137329 0.137565 0.138065 0.138069 0.138319"
kernel-time-throughput: N/A
run-time-mean: 0.138239 [s]
run-time-stddev: 0.000422 [s]
run-time-median: 0.138416 [s]
run-time-min: 0.137693 [s]
run-time-samples: "0.137693 0.137921 0.138416 0.138432 0.138732"
run-time-throughput: N/A
kernel-energy-mean: 24.960413 [J]
kernel-energy-stddev: 0.012749 [J]
kernel-energy-median: 24.958008 [J]
kernel-energy-min: 24.946594 [J]
kernel-energy-max: 24.978333 [J]
kernel-energy-samples: "24.946594 24.951477 24.958008 24.967652 24.978333"
Verification: PASS
