********** Results for Matrix_mul**********
problem-size: 3072
local-size: 256
num-iters: 1
core-freq: 0
memory-freq: 0
device-name: Intel(R) Arc(TM) A770 Graphics
sycl-implementation: UNKNOWN
throughput-metric: N/A
kernel-time-mean: 0.137897 [s]
kernel-time-stddev: 0.000158 [s]
kernel-time-median: 0.137953 [s]
kernel-time-min: 0.137708 [s]
kernel-time-samples: "0.137708 0.137758 0.137953 0.137989 0.138079"
kernel-time-throughput: N/A
run-time-mean: 0.138320 [s]
run-time-stddev: 0.000178 [s]
run-time-median: 0.138369 [s]
run-time-min: 0.138116 [s]
run-time-samples: "0.138116 0.138158 0.138369 0.138421 0.138536"
run-time-throughput: N/A
kernel-energy-mean: 24.616943 [J]
kernel-energy-stddev: 0.031041 [J]
kernel-energy-median: 24.610290 [J]
kernel-energy-min: 24.575012 [J]
kernel-energy-max: 24.650574 [J]
kernel-energy-samples: "24.575012 24.604309 24.610290 24.644531 24.650574"
Verification: PASS
