********** Results for Matrix_mul**********
problem-size: 3072
local-size: 256
num-iters: 1
core-freq: 0
memory-freq: 0
device-name: Intel(R) Arc(TM) A770 Graphics
sycl-implementation: UNKNOWN
throughput-metric: N/A
kernel-time-mean: 0.137618 [s]
kernel-time-stddev: 0.000232 [s]
kernel-time-median: 0.137560 [s]
kernel-time-min: 0.137384 [s]
kernel-time-samples: "0.137384 0.137487 0.137560 0.137670 0.137989"
kernel-time-throughput: N/A
run-time-mean: 0.137985 [s]
run-time-stddev: 0.000225 [s]
run-time-median: 0.137913 [s]
run-time-min: 0.137773 [s]
run-time-samples: "0.137773 0.137847 0.137913 0.138047 0.138346"
run-time-throughput: N/A
kernel-energy-mean: 24.722363 [J]
kernel-energy-stddev: 0.061575 [J]
kernel-energy-median: 24.738342 [J]
kernel-energy-min: 24.656739 [J]
kernel-energy-max: 24.802490 [J]
kernel-energy-samples: "24.656739 24.664001 24.738342 24.750245 24.802490"
Verification: PASS
