********** Results for Matrix_mul**********
problem-size: 3072
local-size: 256
num-iters: 1
core-freq: 0
memory-freq: 0
device-name: Intel(R) Arc(TM) A770 Graphics
sycl-implementation: UNKNOWN
throughput-metric: N/A
kernel-time-mean: 0.137542 [s]
kernel-time-stddev: 0.000369 [s]
kernel-time-median: 0.137541 [s]
kernel-time-min: 0.137003 [s]
kernel-time-samples: "0.137003 0.137457 0.137541 0.137694 0.138015"
kernel-time-throughput: N/A
run-time-mean: 0.137971 [s]
run-time-stddev: 0.000360 [s]
run-time-median: 0.137932 [s]
run-time-min: 0.137463 [s]
run-time-samples: "0.137463 0.137886 0.137932 0.138124 0.138450"
run-time-throughput: N/A
kernel-energy-mean: 24.312158 [J]
kernel-energy-stddev: 0.016086 [J]
kernel-energy-median: 24.318360 [J]
kernel-energy-min: 24.286926 [J]
kernel-energy-max: 24.327942 [J]
kernel-energy-samples: "24.286926 24.306519 24.318360 24.321045 24.327942"
Verification: PASS
