********** Results for Matrix_mul**********
problem-size: 3072
local-size: 256
num-iters: 1
core-freq: 0
memory-freq: 0
device-name: Intel(R) Arc(TM) A770 Graphics
sycl-implementation: UNKNOWN
throughput-metric: N/A
kernel-time-mean: 0.137581 [s]
kernel-time-stddev: 0.000364 [s]
kernel-time-median: 0.137457 [s]
kernel-time-min: 0.137175 [s]
kernel-time-samples: "0.137175 0.137398 0.137457 0.137764 0.138112"
kernel-time-throughput: N/A
run-time-mean: 0.137957 [s]
run-time-stddev: 0.000362 [s]
run-time-median: 0.137872 [s]
run-time-min: 0.137542 [s]
run-time-samples: "0.137542 0.137766 0.137872 0.138116 0.138490"
run-time-throughput: N/A
kernel-energy-mean: 24.825207 [J]
kernel-energy-stddev: 0.074984 [J]
kernel-energy-median: 24.833984 [J]
kernel-energy-min: 24.751648 [J]
kernel-energy-max: 24.939453 [J]
kernel-energy-samples: "24.751648 24.763550 24.833984 24.837402 24.939453"
Verification: PASS
