********** Results for Matrix_mul**********
problem-size: 3072
local-size: 256
num-iters: 1
core-freq: 0
memory-freq: 0
device-name: Intel(R) Arc(TM) A770 Graphics
sycl-implementation: UNKNOWN
throughput-metric: N/A
kernel-time-mean: 0.137730 [s]
kernel-time-stddev: 0.000128 [s]
kernel-time-median: 0.137790 [s]
kernel-time-min: 0.137562 [s]
kernel-time-samples: "0.137562 0.137632 0.137790 0.137794 0.137870"
kernel-time-throughput: N/A
run-time-mean: 0.138161 [s]
run-time-stddev: 0.000157 [s]
run-time-median: 0.138181 [s]
run-time-min: 0.137982 [s]
run-time-samples: "0.137982 0.138039 0.138181 0.138224 0.138378"
run-time-throughput: N/A
kernel-energy-mean: 24.800049 [J]
kernel-energy-stddev: 0.058527 [J]
kernel-energy-median: 24.815185 [J]
kernel-energy-min: 24.702942 [J]
kernel-energy-max: 24.850341 [J]
kernel-energy-samples: "24.702942 24.793396 24.815185 24.838379 24.850341"
Verification: PASS
