********** Results for Matrix_mul**********
problem-size: 3072
local-size: 256
num-iters: 1
core-freq: 0
memory-freq: 0
device-name: Intel(R) Arc(TM) A770 Graphics
sycl-implementation: UNKNOWN
throughput-metric: N/A
kernel-time-mean: 0.137666 [s]
kernel-time-stddev: 0.000370 [s]
kernel-time-median: 0.137589 [s]
kernel-time-min: 0.137326 [s]
kernel-time-samples: "0.137326 0.137389 0.137589 0.137779 0.138245"
kernel-time-throughput: N/A
run-time-mean: 0.138094 [s]
run-time-stddev: 0.000373 [s]
run-time-median: 0.138020 [s]
run-time-min: 0.137781 [s]
run-time-samples: "0.137781 0.137784 0.138020 0.138203 0.138682"
run-time-throughput: N/A
kernel-energy-mean: 24.798840 [J]
kernel-energy-stddev: 0.067572 [J]
kernel-energy-median: 24.788330 [J]
kernel-energy-min: 24.731751 [J]
kernel-energy-max: 24.885864 [J]
kernel-energy-samples: "24.731751 24.739197 24.788330 24.849060 24.885864"
Verification: PASS
