********** Results for Matrix_mul**********
problem-size: 3072
local-size: 256
num-iters: 1
core-freq: 0
memory-freq: 0
device-name: Intel(R) Arc(TM) A770 Graphics
sycl-implementation: UNKNOWN
throughput-metric: N/A
kernel-time-mean: 0.137669 [s]
kernel-time-stddev: 0.000301 [s]
kernel-time-median: 0.137751 [s]
kernel-time-min: 0.137146 [s]
kernel-time-samples: "0.137146 0.137719 0.137751 0.137822 0.137908"
kernel-time-throughput: N/A
run-time-mean: 0.138025 [s]
run-time-stddev: 0.000301 [s]
run-time-median: 0.138117 [s]
run-time-min: 0.137497 [s]
run-time-samples: "0.137497 0.138094 0.138117 0.138166 0.138250"
run-time-throughput: N/A
kernel-energy-mean: 24.571790 [J]
kernel-energy-stddev: 0.086611 [J]
kernel-energy-median: 24.559753 [J]
kernel-energy-min: 24.465332 [J]
kernel-energy-max: 24.703064 [J]
kernel-energy-samples: "24.465332 24.540772 24.559753 24.590027 24.703064"
Verification: PASS
