********** Results for Matrix_mul**********
problem-size: 3072
local-size: 256
num-iters: 1
core-freq: 0
memory-freq: 0
device-name: Intel(R) Arc(TM) A770 Graphics
sycl-implementation: UNKNOWN
throughput-metric: N/A
kernel-time-mean: 0.137840 [s]
kernel-time-stddev: 0.000228 [s]
kernel-time-median: 0.137768 [s]
kernel-time-min: 0.137636 [s]
kernel-time-samples: "0.137636 0.137767 0.137768 0.137794 0.138233"
kernel-time-throughput: N/A
run-time-mean: 0.138278 [s]
run-time-stddev: 0.000221 [s]
run-time-median: 0.138235 [s]
run-time-min: 0.138045 [s]
run-time-samples: "0.138045 0.138219 0.138235 0.138247 0.138644"
run-time-throughput: N/A
kernel-energy-mean: 24.400317 [J]
kernel-energy-stddev: 0.064142 [J]
kernel-energy-median: 24.393188 [J]
kernel-energy-min: 24.317566 [J]
kernel-energy-max: 24.495422 [J]
kernel-energy-samples: "24.317566 24.381897 24.393188 24.413514 24.495422"
Verification: PASS
