********** Results for Matrix_mul**********
problem-size: 3072
local-size: 256
num-iters: 1
core-freq: 0
memory-freq: 0
device-name: Intel(R) Arc(TM) A770 Graphics
sycl-implementation: UNKNOWN
throughput-metric: N/A
kernel-time-mean: 0.137681 [s]
kernel-time-stddev: 0.000429 [s]
kernel-time-median: 0.137576 [s]
kernel-time-min: 0.137261 [s]
kernel-time-samples: "0.137261 0.137430 0.137576 0.137766 0.138372"
kernel-time-throughput: N/A
run-time-mean: 0.138052 [s]
run-time-stddev: 0.000453 [s]
run-time-median: 0.137927 [s]
run-time-min: 0.137603 [s]
run-time-samples: "0.137603 0.137805 0.137927 0.138141 0.138783"
run-time-throughput: N/A
kernel-energy-mean: 24.721143 [J]
kernel-energy-stddev: 0.078455 [J]
kernel-energy-median: 24.755677 [J]
kernel-energy-min: 24.608277 [J]
kernel-energy-max: 24.807190 [J]
kernel-energy-samples: "24.608277 24.676941 24.755677 24.757629 24.807190"
Verification: PASS
