********** Results for Matrix_mul**********
problem-size: 3072
local-size: 256
num-iters: 1
core-freq: 0
memory-freq: 0
device-name: Intel(R) Arc(TM) A770 Graphics
sycl-implementation: UNKNOWN
throughput-metric: N/A
kernel-time-mean: 0.137541 [s]
kernel-time-stddev: 0.000659 [s]
kernel-time-median: 0.137473 [s]
kernel-time-min: 0.136717 [s]
kernel-time-samples: "0.136717 0.137380 0.137473 0.137580 0.138554"
kernel-time-throughput: N/A
run-time-mean: 0.137929 [s]
run-time-stddev: 0.000654 [s]
run-time-median: 0.137884 [s]
run-time-min: 0.137069 [s]
run-time-samples: "0.137069 0.137780 0.137884 0.138013 0.138900"
run-time-throughput: N/A
kernel-energy-mean: 24.789758 [J]
kernel-energy-stddev: 0.103107 [J]
kernel-energy-median: 24.793030 [J]
kernel-energy-min: 24.665650 [J]
kernel-energy-max: 24.945190 [J]
kernel-energy-samples: "24.665650 24.738159 24.793030 24.806763 24.945190"
Verification: PASS
