********** Results for Matrix_mul**********
problem-size: 3072
local-size: 256
num-iters: 1
core-freq: 0
memory-freq: 0
device-name: Intel(R) Arc(TM) A770 Graphics
sycl-implementation: UNKNOWN
throughput-metric: N/A
kernel-time-mean: 0.137581 [s]
kernel-time-stddev: 0.000298 [s]
kernel-time-median: 0.137445 [s]
kernel-time-min: 0.137348 [s]
kernel-time-samples: "0.137348 0.137417 0.137445 0.137613 0.138085"
kernel-time-throughput: N/A
run-time-mean: 0.137994 [s]
run-time-stddev: 0.000294 [s]
run-time-median: 0.137910 [s]
run-time-min: 0.137753 [s]
run-time-samples: "0.137753 0.137804 0.137910 0.138018 0.138487"
run-time-throughput: N/A
kernel-energy-mean: 24.666272 [J]
kernel-energy-stddev: 0.045604 [J]
kernel-energy-median: 24.659668 [J]
kernel-energy-min: 24.628479 [J]
kernel-energy-max: 24.741455 [J]
kernel-energy-samples: "24.628479 24.631897 24.659668 24.669860 24.741455"
Verification: PASS
