********** Results for Matrix_mul**********
problem-size: 3072
local-size: 256
num-iters: 1
core-freq: 0
memory-freq: 0
device-name: Intel(R) Arc(TM) A770 Graphics
sycl-implementation: UNKNOWN
throughput-metric: N/A
kernel-time-mean: 0.145206 [s]
kernel-time-stddev: 0.017307 [s]
kernel-time-median: 0.137473 [s]
kernel-time-min: 0.137267 [s]
kernel-time-samples: "0.137267 0.137436 0.137473 0.137692 0.176165"
kernel-time-throughput: N/A
run-time-mean: 0.145596 [s]
run-time-stddev: 0.017360 [s]
run-time-median: 0.137842 [s]
run-time-min: 0.137639 [s]
run-time-samples: "0.137639 0.137793 0.137842 0.138057 0.176650"
run-time-throughput: N/A
kernel-energy-mean: 23.668469 [J]
kernel-energy-stddev: 1.389942 [J]
kernel-energy-median: 24.320130 [J]
kernel-energy-min: 21.184936 [J]
kernel-energy-max: 24.338745 [J]
kernel-energy-samples: "21.184936 24.174317 24.320130 24.324218 24.338745"
Verification: PASS
