********** Results for Matrix_mul**********
problem-size: 3072
local-size: 256
num-iters: 1
core-freq: 0
memory-freq: 0
device-name: Intel(R) Arc(TM) A770 Graphics
sycl-implementation: UNKNOWN
throughput-metric: N/A
kernel-time-mean: 0.137851 [s]
kernel-time-stddev: 0.000216 [s]
kernel-time-median: 0.137935 [s]
kernel-time-min: 0.137566 [s]
kernel-time-samples: "0.137566 0.137695 0.137935 0.137959 0.138101"
kernel-time-throughput: N/A
run-time-mean: 0.138303 [s]
run-time-stddev: 0.000250 [s]
run-time-median: 0.138405 [s]
run-time-min: 0.137967 [s]
run-time-samples: "0.137967 0.138132 0.138405 0.138423 0.138590"
run-time-throughput: N/A
kernel-energy-mean: 24.658301 [J]
kernel-energy-stddev: 0.048020 [J]
kernel-energy-median: 24.669739 [J]
kernel-energy-min: 24.595337 [J]
kernel-energy-max: 24.722961 [J]
kernel-energy-samples: "24.595337 24.630981 24.669739 24.672486 24.722961"
Verification: PASS
