********** Results for Matrix_mul**********
problem-size: 3072
local-size: 256
num-iters: 1
core-freq: 0
memory-freq: 0
device-name: Intel(R) Arc(TM) A770 Graphics
sycl-implementation: UNKNOWN
throughput-metric: N/A
kernel-time-mean: 0.137529 [s]
kernel-time-stddev: 0.000370 [s]
kernel-time-median: 0.137681 [s]
kernel-time-min: 0.136898 [s]
kernel-time-samples: "0.136898 0.137515 0.137681 0.137725 0.137826"
kernel-time-throughput: N/A
run-time-mean: 0.137945 [s]
run-time-stddev: 0.000363 [s]
run-time-median: 0.138099 [s]
run-time-min: 0.137324 [s]
run-time-samples: "0.137324 0.137926 0.138099 0.138167 0.138208"
run-time-throughput: N/A
kernel-energy-mean: 24.571777 [J]
kernel-energy-stddev: 0.064048 [J]
kernel-energy-median: 24.548340 [J]
kernel-energy-min: 24.503479 [J]
kernel-energy-max: 24.671753 [J]
kernel-energy-samples: "24.503479 24.543518 24.548340 24.591796 24.671753"
Verification: PASS
