********** Results for Matrix_mul**********
problem-size: 3072
local-size: 256
num-iters: 1
core-freq: 0
memory-freq: 0
device-name: Intel(R) Arc(TM) A770 Graphics
sycl-implementation: UNKNOWN
throughput-metric: N/A
kernel-time-mean: 0.137865 [s]
kernel-time-stddev: 0.000565 [s]
kernel-time-median: 0.137659 [s]
kernel-time-min: 0.137277 [s]
kernel-time-samples: "0.137277 0.137459 0.137659 0.138413 0.138514"
kernel-time-throughput: N/A
run-time-mean: 0.138238 [s]
run-time-stddev: 0.000555 [s]
run-time-median: 0.138036 [s]
run-time-min: 0.137669 [s]
run-time-samples: "0.137669 0.137830 0.138036 0.138782 0.138872"
run-time-throughput: N/A
kernel-energy-mean: 24.861218 [J]
kernel-energy-stddev: 0.092132 [J]
kernel-energy-median: 24.867432 [J]
kernel-energy-min: 24.723388 [J]
kernel-energy-max: 24.979920 [J]
kernel-energy-samples: "24.723388 24.848389 24.867432 24.886963 24.979920"
Verification: PASS
