********** Results for Matrix_mul**********
problem-size: 3072
local-size: 256
num-iters: 1
core-freq: 0
memory-freq: 0
device-name: Intel(R) Arc(TM) A770 Graphics
sycl-implementation: UNKNOWN
throughput-metric: N/A
kernel-time-mean: 0.137673 [s]
kernel-time-stddev: 0.000403 [s]
kernel-time-median: 0.137864 [s]
kernel-time-min: 0.136992 [s]
kernel-time-samples: "0.136992 0.137625 0.137864 0.137930 0.137954"
kernel-time-throughput: N/A
run-time-mean: 0.138033 [s]
run-time-stddev: 0.000409 [s]
run-time-median: 0.138234 [s]
run-time-min: 0.137347 [s]
run-time-samples: "0.137347 0.137964 0.138234 0.138298 0.138324"
run-time-throughput: N/A
kernel-energy-mean: 24.699817 [J]
kernel-energy-stddev: 0.028186 [J]
kernel-energy-median: 24.699585 [J]
kernel-energy-min: 24.658875 [J]
kernel-energy-max: 24.738220 [J]
kernel-energy-samples: "24.658875 24.697814 24.699585 24.704590 24.738220"
Verification: PASS
