********** Results for Matrix_mul**********
problem-size: 3072
local-size: 256
num-iters: 1
core-freq: 0
memory-freq: 0
device-name: Intel(R) Arc(TM) A770 Graphics
sycl-implementation: UNKNOWN
throughput-metric: N/A
kernel-time-mean: 0.137767 [s]
kernel-time-stddev: 0.000376 [s]
kernel-time-median: 0.137641 [s]
kernel-time-min: 0.137271 [s]
kernel-time-samples: "0.137271 0.137637 0.137641 0.138093 0.138191"
kernel-time-throughput: N/A
run-time-mean: 0.138129 [s]
run-time-stddev: 0.000375 [s]
run-time-median: 0.138044 [s]
run-time-min: 0.137620 [s]
run-time-samples: "0.137620 0.137984 0.138044 0.138464 0.138531"
run-time-throughput: N/A
kernel-energy-mean: 24.324951 [J]
kernel-energy-stddev: 0.115839 [J]
kernel-energy-median: 24.358948 [J]
kernel-energy-min: 24.173340 [J]
kernel-energy-max: 24.462097 [J]
kernel-energy-samples: "24.173340 24.242615 24.358948 24.387757 24.462097"
Verification: PASS
