********** Results for Matrix_mul**********
problem-size: 3072
local-size: 256
num-iters: 1
core-freq: 0
memory-freq: 0
device-name: Intel(R) Arc(TM) A770 Graphics
sycl-implementation: UNKNOWN
throughput-metric: N/A
kernel-time-mean: 0.137922 [s]
kernel-time-stddev: 0.000342 [s]
kernel-time-median: 0.137870 [s]
kernel-time-min: 0.137465 [s]
kernel-time-samples: "0.137465 0.137854 0.137870 0.138004 0.138418"
kernel-time-throughput: N/A
run-time-mean: 0.138339 [s]
run-time-stddev: 0.000337 [s]
run-time-median: 0.138369 [s]
run-time-min: 0.137868 [s]
run-time-samples: "0.137868 0.138257 0.138369 0.138390 0.138811"
run-time-throughput: N/A
kernel-energy-mean: 24.500622 [J]
kernel-energy-stddev: 0.099740 [J]
kernel-energy-median: 24.494629 [J]
kernel-energy-min: 24.377990 [J]
kernel-energy-max: 24.655213 [J]
kernel-energy-samples: "24.377990 24.472107 24.494629 24.503173 24.655213"
Verification: PASS
