********** Results for Matrix_mul**********
problem-size: 3072
local-size: 256
num-iters: 1
core-freq: 0
memory-freq: 0
device-name: Intel(R) Arc(TM) A770 Graphics
sycl-implementation: UNKNOWN
throughput-metric: N/A
kernel-time-mean: 0.137851 [s]
kernel-time-stddev: 0.000449 [s]
kernel-time-median: 0.137875 [s]
kernel-time-min: 0.137294 [s]
kernel-time-samples: "0.137294 0.137568 0.137875 0.138059 0.138460"
kernel-time-throughput: N/A
run-time-mean: 0.138273 [s]
run-time-stddev: 0.000460 [s]
run-time-median: 0.138277 [s]
run-time-min: 0.137733 [s]
run-time-samples: "0.137733 0.137959 0.138277 0.138483 0.138915"
run-time-throughput: N/A
kernel-energy-mean: 24.407410 [J]
kernel-energy-stddev: 0.056429 [J]
kernel-energy-median: 24.389466 [J]
kernel-energy-min: 24.350647 [J]
kernel-energy-max: 24.476440 [J]
kernel-energy-samples: "24.350647 24.363281 24.389466 24.457214 24.476440"
Verification: PASS
