********** Results for Matrix_mul**********
problem-size: 3072
local-size: 256
num-iters: 1
core-freq: 0
memory-freq: 0
device-name: Intel(R) Arc(TM) A770 Graphics
sycl-implementation: UNKNOWN
throughput-metric: N/A
kernel-time-mean: 0.137620 [s]
kernel-time-stddev: 0.000182 [s]
kernel-time-median: 0.137613 [s]
kernel-time-min: 0.137400 [s]
kernel-time-samples: "0.137400 0.137499 0.137613 0.137729 0.137861"
kernel-time-throughput: N/A
run-time-mean: 0.138041 [s]
run-time-stddev: 0.000174 [s]
run-time-median: 0.138029 [s]
run-time-min: 0.137831 [s]
run-time-samples: "0.137831 0.137933 0.138029 0.138132 0.138280"
run-time-throughput: N/A
kernel-energy-mean: 24.300098 [J]
kernel-energy-stddev: 0.087734 [J]
kernel-energy-median: 24.326905 [J]
kernel-energy-min: 24.201294 [J]
kernel-energy-max: 24.390198 [J]
kernel-energy-samples: "24.201294 24.213501 24.326905 24.368592 24.390198"
Verification: PASS
