********** Results for Matrix_mul**********
problem-size: 3072
local-size: 256
num-iters: 1
core-freq: 0
memory-freq: 0
device-name: Intel(R) Arc(TM) A770 Graphics
sycl-implementation: UNKNOWN
throughput-metric: N/A
kernel-time-mean: 0.137735 [s]
kernel-time-stddev: 0.000359 [s]
kernel-time-median: 0.137784 [s]
kernel-time-min: 0.137225 [s]
kernel-time-samples: "0.137225 0.137616 0.137784 0.137838 0.138212"
kernel-time-throughput: N/A
run-time-mean: 0.138105 [s]
run-time-stddev: 0.000368 [s]
run-time-median: 0.138179 [s]
run-time-min: 0.137582 [s]
run-time-samples: "0.137582 0.137973 0.138179 0.138196 0.138593"
run-time-throughput: N/A
kernel-energy-mean: 24.567322 [J]
kernel-energy-stddev: 0.049245 [J]
kernel-energy-median: 24.589356 [J]
kernel-energy-min: 24.485107 [J]
kernel-energy-max: 24.606384 [J]
kernel-energy-samples: "24.485107 24.559082 24.589356 24.596680 24.606384"
Verification: PASS
