********** Results for Matrix_mul**********
problem-size: 3072
local-size: 256
num-iters: 1
core-freq: 0
memory-freq: 0
device-name: Intel(R) Arc(TM) A770 Graphics
sycl-implementation: UNKNOWN
throughput-metric: N/A
kernel-time-mean: 0.137651 [s]
kernel-time-stddev: 0.000220 [s]
kernel-time-median: 0.137712 [s]
kernel-time-min: 0.137276 [s]
kernel-time-samples: "0.137276 0.137687 0.137712 0.137723 0.137857"
kernel-time-throughput: N/A
run-time-mean: 0.138074 [s]
run-time-stddev: 0.000227 [s]
run-time-median: 0.138133 [s]
run-time-min: 0.137688 [s]
run-time-samples: "0.137688 0.138089 0.138133 0.138180 0.138279"
run-time-throughput: N/A
kernel-energy-mean: 24.713171 [J]
kernel-energy-stddev: 0.074763 [J]
kernel-energy-median: 24.729614 [J]
kernel-energy-min: 24.625122 [J]
kernel-energy-max: 24.815551 [J]
kernel-energy-samples: "24.625122 24.656677 24.729614 24.738892 24.815551"
Verification: PASS
