********** Results for Matrix_mul**********
problem-size: 3072
local-size: 256
num-iters: 1
core-freq: 0
memory-freq: 0
device-name: Intel(R) Arc(TM) A770 Graphics
sycl-implementation: UNKNOWN
throughput-metric: N/A
kernel-time-mean: 0.137655 [s]
kernel-time-stddev: 0.000156 [s]
kernel-time-median: 0.137744 [s]
kernel-time-min: 0.137421 [s]
kernel-time-samples: "0.137421 0.137568 0.137744 0.137767 0.137775"
kernel-time-throughput: N/A
run-time-mean: 0.138014 [s]
run-time-stddev: 0.000163 [s]
run-time-median: 0.138100 [s]
run-time-min: 0.137773 [s]
run-time-samples: "0.137773 0.137921 0.138100 0.138112 0.138165"
run-time-throughput: N/A
kernel-energy-mean: 24.909131 [J]
kernel-energy-stddev: 0.025142 [J]
kernel-energy-median: 24.910889 [J]
kernel-energy-min: 24.871277 [J]
kernel-energy-max: 24.938903 [J]
kernel-energy-samples: "24.871277 24.902648 24.910889 24.921936 24.938903"
Verification: PASS
