********** Results for Matrix_mul**********
problem-size: 3072
local-size: 256
num-iters: 1
core-freq: 0
memory-freq: 0
device-name: Intel(R) Arc(TM) A770 Graphics
sycl-implementation: UNKNOWN
throughput-metric: N/A
kernel-time-mean: 0.137556 [s]
kernel-time-stddev: 0.000259 [s]
kernel-time-median: 0.137554 [s]
kernel-time-min: 0.137155 [s]
kernel-time-samples: "0.137155 0.137537 0.137554 0.137675 0.137861"
kernel-time-throughput: N/A
run-time-mean: 0.137932 [s]
run-time-stddev: 0.000270 [s]
run-time-median: 0.137932 [s]
run-time-min: 0.137524 [s]
run-time-samples: "0.137524 0.137888 0.137932 0.138054 0.138261"
run-time-throughput: N/A
kernel-energy-mean: 24.816113 [J]
kernel-energy-stddev: 0.026724 [J]
kernel-energy-median: 24.822388 [J]
kernel-energy-min: 24.777466 [J]
kernel-energy-max: 24.850647 [J]
kernel-energy-samples: "24.777466 24.807007 24.822388 24.823059 24.850647"
Verification: PASS
