********** Results for Matrix_mul**********
problem-size: 3072
local-size: 256
num-iters: 1
core-freq: 0
memory-freq: 0
device-name: Intel(R) Arc(TM) A770 Graphics
sycl-implementation: UNKNOWN
throughput-metric: N/A
kernel-time-mean: 0.138066 [s]
kernel-time-stddev: 0.000186 [s]
kernel-time-median: 0.138067 [s]
kernel-time-min: 0.137880 [s]
kernel-time-samples: "0.137880 0.137901 0.138067 0.138161 0.138325"
kernel-time-throughput: N/A
run-time-mean: 0.138504 [s]
run-time-stddev: 0.000201 [s]
run-time-median: 0.138480 [s]
run-time-min: 0.138316 [s]
run-time-samples: "0.138316 0.138322 0.138480 0.138614 0.138787"
run-time-throughput: N/A
kernel-energy-mean: 24.355799 [J]
kernel-energy-stddev: 0.057919 [J]
kernel-energy-median: 24.329285 [J]
kernel-energy-min: 24.320557 [J]
kernel-energy-max: 24.457397 [J]
kernel-energy-samples: "24.320557 24.322510 24.329285 24.349244 24.457397"
Verification: PASS
