********** Results for Matrix_mul**********
problem-size: 3072
local-size: 256
num-iters: 1
core-freq: 0
memory-freq: 0
device-name: Intel(R) Arc(TM) A770 Graphics
sycl-implementation: UNKNOWN
throughput-metric: N/A
kernel-time-mean: 0.137571 [s]
kernel-time-stddev: 0.000277 [s]
kernel-time-median: 0.137695 [s]
kernel-time-min: 0.137154 [s]
kernel-time-samples: "0.137154 0.137429 0.137695 0.137754 0.137823"
kernel-time-throughput: N/A
run-time-mean: 0.137931 [s]
run-time-stddev: 0.000286 [s]
run-time-median: 0.138039 [s]
run-time-min: 0.137507 [s]
run-time-samples: "0.137507 0.137780 0.138039 0.138114 0.138213"
run-time-throughput: N/A
kernel-energy-mean: 24.742835 [J]
kernel-energy-stddev: 0.083310 [J]
kernel-energy-median: 24.776123 [J]
kernel-energy-min: 24.594849 [J]
kernel-energy-max: 24.792786 [J]
kernel-energy-samples: "24.594849 24.766174 24.776123 24.784241 24.792786"
Verification: PASS
