********** Results for Matrix_mul**********
problem-size: 3072
local-size: 256
num-iters: 1
core-freq: 0
memory-freq: 0
device-name: Intel(R) Arc(TM) A770 Graphics
sycl-implementation: UNKNOWN
throughput-metric: N/A
kernel-time-mean: 0.137764 [s]
kernel-time-stddev: 0.000318 [s]
kernel-time-median: 0.137615 [s]
kernel-time-min: 0.137460 [s]
kernel-time-samples: "0.137460 0.137530 0.137615 0.138075 0.138137"
kernel-time-throughput: N/A
run-time-mean: 0.138135 [s]
run-time-stddev: 0.000314 [s]
run-time-median: 0.137966 [s]
run-time-min: 0.137868 [s]
run-time-samples: "0.137868 0.137889 0.137966 0.138458 0.138495"
run-time-throughput: N/A
kernel-energy-mean: 24.474780 [J]
kernel-energy-stddev: 0.103829 [J]
kernel-energy-median: 24.463135 [J]
kernel-energy-min: 24.341858 [J]
kernel-energy-max: 24.625732 [J]
kernel-energy-samples: "24.341858 24.436157 24.463135 24.507019 24.625732"
Verification: PASS
