********** Results for Matrix_mul**********
problem-size: 3072
local-size: 256
num-iters: 1
core-freq: 0
memory-freq: 0
device-name: Intel(R) Arc(TM) A770 Graphics
sycl-implementation: UNKNOWN
throughput-metric: N/A
kernel-time-mean: 0.137748 [s]
kernel-time-stddev: 0.000214 [s]
kernel-time-median: 0.137686 [s]
kernel-time-min: 0.137492 [s]
kernel-time-samples: "0.137492 0.137677 0.137686 0.137811 0.138072"
kernel-time-throughput: N/A
run-time-mean: 0.138114 [s]
run-time-stddev: 0.000224 [s]
run-time-median: 0.138025 [s]
run-time-min: 0.137857 [s]
run-time-samples: "0.137857 0.138024 0.138025 0.138225 0.138440"
run-time-throughput: N/A
kernel-energy-mean: 24.750415 [J]
kernel-energy-stddev: 0.055705 [J]
kernel-energy-median: 24.769654 [J]
kernel-energy-min: 24.663330 [J]
kernel-energy-max: 24.812073 [J]
kernel-energy-samples: "24.663330 24.735657 24.769654 24.771362 24.812073"
Verification: PASS
