********** Results for Matrix_mul**********
problem-size: 3072
local-size: 256
num-iters: 1
core-freq: 0
memory-freq: 0
device-name: Intel(R) Arc(TM) A770 Graphics
sycl-implementation: UNKNOWN
throughput-metric: N/A
kernel-time-mean: 0.137830 [s]
kernel-time-stddev: 0.000227 [s]
kernel-time-median: 0.137848 [s]
kernel-time-min: 0.137598 [s]
kernel-time-samples: "0.137598 0.137601 0.137848 0.138040 0.138065"
kernel-time-throughput: N/A
run-time-mean: 0.138246 [s]
run-time-stddev: 0.000246 [s]
run-time-median: 0.138231 [s]
run-time-min: 0.137999 [s]
run-time-samples: "0.137999 0.138015 0.138231 0.138439 0.138546"
run-time-throughput: N/A
kernel-energy-mean: 24.698742 [J]
kernel-energy-stddev: 0.042648 [J]
kernel-energy-median: 24.685241 [J]
kernel-energy-min: 24.667968 [J]
kernel-energy-max: 24.773926 [J]
kernel-energy-samples: "24.667968 24.680481 24.685241 24.686096 24.773926"
Verification: PASS
