********** Results for Matrix_mul**********
problem-size: 3072
local-size: 256
num-iters: 1
core-freq: 0
memory-freq: 0
device-name: Intel(R) Arc(TM) A770 Graphics
sycl-implementation: UNKNOWN
throughput-metric: N/A
kernel-time-mean: 0.137726 [s]
kernel-time-stddev: 0.000243 [s]
kernel-time-median: 0.137705 [s]
kernel-time-min: 0.137473 [s]
kernel-time-samples: "0.137473 0.137570 0.137705 0.137774 0.138106"
kernel-time-throughput: N/A
run-time-mean: 0.138082 [s]
run-time-stddev: 0.000245 [s]
run-time-median: 0.138049 [s]
run-time-min: 0.137832 [s]
run-time-samples: "0.137832 0.137914 0.138049 0.138152 0.138462"
run-time-throughput: N/A
kernel-energy-mean: 24.844006 [J]
kernel-energy-stddev: 0.052295 [J]
kernel-energy-median: 24.825378 [J]
kernel-energy-min: 24.796997 [J]
kernel-energy-max: 24.927979 [J]
kernel-energy-samples: "24.796997 24.810730 24.825378 24.858948 24.927979"
Verification: PASS
