********** Results for Matrix_mul**********
problem-size: 3072
local-size: 256
num-iters: 1
core-freq: 0
memory-freq: 0
device-name: Intel(R) Arc(TM) A770 Graphics
sycl-implementation: UNKNOWN
throughput-metric: N/A
kernel-time-mean: 0.137819 [s]
kernel-time-stddev: 0.000354 [s]
kernel-time-median: 0.137752 [s]
kernel-time-min: 0.137396 [s]
kernel-time-samples: "0.137396 0.137653 0.137752 0.137950 0.138343"
kernel-time-throughput: N/A
run-time-mean: 0.138244 [s]
run-time-stddev: 0.000365 [s]
run-time-median: 0.138207 [s]
run-time-min: 0.137841 [s]
run-time-samples: "0.137841 0.138013 0.138207 0.138372 0.138790"
run-time-throughput: N/A
kernel-energy-mean: 24.314819 [J]
kernel-energy-stddev: 0.075029 [J]
kernel-energy-median: 24.298706 [J]
kernel-energy-min: 24.241699 [J]
kernel-energy-max: 24.441956 [J]
kernel-energy-samples: "24.241699 24.292053 24.298706 24.299683 24.441956"
Verification: PASS
