********** Results for Matrix_mul**********
problem-size: 3072
local-size: 256
num-iters: 1
core-freq: 0
memory-freq: 0
device-name: Intel(R) Arc(TM) A770 Graphics
sycl-implementation: UNKNOWN
throughput-metric: N/A
kernel-time-mean: 0.137885 [s]
kernel-time-stddev: 0.000318 [s]
kernel-time-median: 0.137980 [s]
kernel-time-min: 0.137536 [s]
kernel-time-samples: "0.137536 0.137601 0.137980 0.137999 0.138310"
kernel-time-throughput: N/A
run-time-mean: 0.138311 [s]
run-time-stddev: 0.000336 [s]
run-time-median: 0.138406 [s]
run-time-min: 0.137936 [s]
run-time-samples: "0.137936 0.137994 0.138406 0.138504 0.138716"
run-time-throughput: N/A
kernel-energy-mean: 24.316016 [J]
kernel-energy-stddev: 0.070398 [J]
kernel-energy-median: 24.317566 [J]
kernel-energy-min: 24.212219 [J]
kernel-energy-max: 24.408325 [J]
kernel-energy-samples: "24.212219 24.305542 24.317566 24.336426 24.408325"
Verification: PASS
