********** Results for Matrix_mul**********
problem-size: 3072
local-size: 256
num-iters: 1
core-freq: 0
memory-freq: 0
device-name: Intel(R) Arc(TM) A770 Graphics
sycl-implementation: UNKNOWN
throughput-metric: N/A
kernel-time-mean: 0.137923 [s]
kernel-time-stddev: 0.000452 [s]
kernel-time-median: 0.137760 [s]
kernel-time-min: 0.137408 [s]
kernel-time-samples: "0.137408 0.137732 0.137760 0.138120 0.138595"
kernel-time-throughput: N/A
run-time-mean: 0.138350 [s]
run-time-stddev: 0.000425 [s]
run-time-median: 0.138182 [s]
run-time-min: 0.137877 [s]
run-time-samples: "0.137877 0.138170 0.138182 0.138539 0.138983"
run-time-throughput: N/A
kernel-energy-mean: 24.704236 [J]
kernel-energy-stddev: 0.158053 [J]
kernel-energy-median: 24.636780 [J]
kernel-energy-min: 24.536255 [J]
kernel-energy-max: 24.909912 [J]
kernel-energy-samples: "24.536255 24.608642 24.636780 24.829590 24.909912"
Verification: PASS
