********** Results for Matrix_mul**********
problem-size: 3072
local-size: 256
num-iters: 1
core-freq: 0
memory-freq: 0
device-name: Intel(R) Arc(TM) A770 Graphics
sycl-implementation: UNKNOWN
throughput-metric: N/A
kernel-time-mean: 0.137586 [s]
kernel-time-stddev: 0.000241 [s]
kernel-time-median: 0.137692 [s]
kernel-time-min: 0.137314 [s]
kernel-time-samples: "0.137314 0.137341 0.137692 0.137748 0.137833"
kernel-time-throughput: N/A
run-time-mean: 0.138032 [s]
run-time-stddev: 0.000209 [s]
run-time-median: 0.138118 [s]
run-time-min: 0.137757 [s]
run-time-samples: "0.137757 0.137864 0.138118 0.138184 0.138234"
run-time-throughput: N/A
kernel-energy-mean: 24.481201 [J]
kernel-energy-stddev: 0.036438 [J]
kernel-energy-median: 24.486572 [J]
kernel-energy-min: 24.420593 [J]
kernel-energy-max: 24.513916 [J]
kernel-energy-samples: "24.420593 24.480530 24.486572 24.504395 24.513916"
Verification: PASS
