********** Results for Matrix_mul**********
problem-size: 3072
local-size: 256
num-iters: 1
core-freq: 0
memory-freq: 0
device-name: Intel(R) Arc(TM) A770 Graphics
sycl-implementation: UNKNOWN
throughput-metric: N/A
kernel-time-mean: 0.137831 [s]
kernel-time-stddev: 0.000507 [s]
kernel-time-median: 0.137706 [s]
kernel-time-min: 0.137157 [s]
kernel-time-samples: "0.137157 0.137620 0.137706 0.138294 0.138377"
kernel-time-throughput: N/A
run-time-mean: 0.138260 [s]
run-time-stddev: 0.000478 [s]
run-time-median: 0.138131 [s]
run-time-min: 0.137643 [s]
run-time-samples: "0.137643 0.138044 0.138131 0.138685 0.138799"
run-time-throughput: N/A
kernel-energy-mean: 24.286535 [J]
kernel-energy-stddev: 0.043408 [J]
kernel-energy-median: 24.293030 [J]
kernel-energy-min: 24.215759 [J]
kernel-energy-max: 24.327575 [J]
kernel-energy-samples: "24.215759 24.281860 24.293030 24.314453 24.327575"
Verification: PASS
