********** Results for Matrix_mul**********
problem-size: 3072
local-size: 256
num-iters: 1
core-freq: 0
memory-freq: 0
device-name: Intel(R) Arc(TM) A770 Graphics
sycl-implementation: UNKNOWN
throughput-metric: N/A
kernel-time-mean: 0.137707 [s]
kernel-time-stddev: 0.000164 [s]
kernel-time-median: 0.137687 [s]
kernel-time-min: 0.137539 [s]
kernel-time-samples: "0.137539 0.137561 0.137687 0.137838 0.137909"
kernel-time-throughput: N/A
run-time-mean: 0.138129 [s]
run-time-stddev: 0.000183 [s]
run-time-median: 0.138135 [s]
run-time-min: 0.137913 [s]
run-time-samples: "0.137913 0.138000 0.138135 0.138221 0.138378"
run-time-throughput: N/A
kernel-energy-mean: 24.692407 [J]
kernel-energy-stddev: 0.045751 [J]
kernel-energy-median: 24.687744 [J]
kernel-energy-min: 24.649841 [J]
kernel-energy-max: 24.767883 [J]
kernel-energy-samples: "24.649841 24.663391 24.687744 24.693176 24.767883"
Verification: PASS
