********** Results for Matrix_mul**********
problem-size: 3072
local-size: 256
num-iters: 1
core-freq: 0
memory-freq: 0
device-name: Intel(R) Arc(TM) A770 Graphics
sycl-implementation: UNKNOWN
throughput-metric: N/A
kernel-time-mean: 0.137469 [s]
kernel-time-stddev: 0.000193 [s]
kernel-time-median: 0.137504 [s]
kernel-time-min: 0.137176 [s]
kernel-time-samples: "0.137176 0.137394 0.137504 0.137606 0.137663"
kernel-time-throughput: N/A
run-time-mean: 0.137843 [s]
run-time-stddev: 0.000200 [s]
run-time-median: 0.137946 [s]
run-time-min: 0.137536 [s]
run-time-samples: "0.137536 0.137749 0.137946 0.137959 0.138024"
run-time-throughput: N/A
kernel-energy-mean: 24.698426 [J]
kernel-energy-stddev: 0.066911 [J]
kernel-energy-median: 24.723694 [J]
kernel-energy-min: 24.601929 [J]
kernel-energy-max: 24.764221 [J]
kernel-energy-samples: "24.601929 24.658631 24.723694 24.743653 24.764221"
Verification: PASS
