********** Results for Matrix_mul**********
problem-size: 3072
local-size: 256
num-iters: 1
core-freq: 0
memory-freq: 0
device-name: Intel(R) Arc(TM) A770 Graphics
sycl-implementation: UNKNOWN
throughput-metric: N/A
kernel-time-mean: 0.137874 [s]
kernel-time-stddev: 0.000280 [s]
kernel-time-median: 0.137861 [s]
kernel-time-min: 0.137569 [s]
kernel-time-samples: "0.137569 0.137673 0.137861 0.137981 0.138285"
kernel-time-throughput: N/A
run-time-mean: 0.138325 [s]
run-time-stddev: 0.000280 [s]
run-time-median: 0.138320 [s]
run-time-min: 0.137997 [s]
run-time-samples: "0.137997 0.138141 0.138320 0.138443 0.138722"
run-time-throughput: N/A
kernel-energy-mean: 24.805799 [J]
kernel-energy-stddev: 0.084455 [J]
kernel-energy-median: 24.814881 [J]
kernel-energy-min: 24.677430 [J]
kernel-energy-max: 24.899719 [J]
kernel-energy-samples: "24.677430 24.780884 24.814881 24.856079 24.899719"
Verification: PASS
