********** Results for Matrix_mul**********
problem-size: 3072
local-size: 256
num-iters: 1
core-freq: 0
memory-freq: 0
device-name: Intel(R) Arc(TM) A770 Graphics
sycl-implementation: UNKNOWN
throughput-metric: N/A
kernel-time-mean: 0.137884 [s]
kernel-time-stddev: 0.000390 [s]
kernel-time-median: 0.137667 [s]
kernel-time-min: 0.137603 [s]
kernel-time-samples: "0.137603 0.137652 0.137667 0.137964 0.138533"
kernel-time-throughput: N/A
run-time-mean: 0.138317 [s]
run-time-stddev: 0.000372 [s]
run-time-median: 0.138124 [s]
run-time-min: 0.138062 [s]
run-time-samples: "0.138062 0.138077 0.138124 0.138380 0.138942"
run-time-throughput: N/A
kernel-energy-mean: 24.718945 [J]
kernel-energy-stddev: 0.040179 [J]
kernel-energy-median: 24.718750 [J]
kernel-energy-min: 24.663391 [J]
kernel-energy-max: 24.766174 [J]
kernel-energy-samples: "24.663391 24.699707 24.718750 24.746704 24.766174"
Verification: PASS
