********** Results for Matrix_mul**********
problem-size: 3072
local-size: 256
num-iters: 1
core-freq: 0
memory-freq: 0
device-name: Intel(R) Arc(TM) A770 Graphics
sycl-implementation: UNKNOWN
throughput-metric: N/A
kernel-time-mean: 0.137945 [s]
kernel-time-stddev: 0.000468 [s]
kernel-time-median: 0.138083 [s]
kernel-time-min: 0.137450 [s]
kernel-time-samples: "0.137450 0.137495 0.138083 0.138145 0.138553"
kernel-time-throughput: N/A
run-time-mean: 0.138380 [s]
run-time-stddev: 0.000442 [s]
run-time-median: 0.138522 [s]
run-time-min: 0.137924 [s]
run-time-samples: "0.137924 0.137944 0.138522 0.138554 0.138956"
run-time-throughput: N/A
kernel-energy-mean: 24.344556 [J]
kernel-energy-stddev: 0.113163 [J]
kernel-energy-median: 24.355591 [J]
kernel-energy-min: 24.185302 [J]
kernel-energy-max: 24.502991 [J]
kernel-energy-samples: "24.185302 24.322327 24.355591 24.356567 24.502991"
Verification: PASS
