********** Results for Matrix_mul**********
problem-size: 3072
local-size: 256
num-iters: 1
core-freq: 0
memory-freq: 0
device-name: Intel(R) Arc(TM) A770 Graphics
sycl-implementation: UNKNOWN
throughput-metric: N/A
kernel-time-mean: 0.137776 [s]
kernel-time-stddev: 0.000190 [s]
kernel-time-median: 0.137766 [s]
kernel-time-min: 0.137520 [s]
kernel-time-samples: "0.137520 0.137725 0.137766 0.137820 0.138048"
kernel-time-throughput: N/A
run-time-mean: 0.138202 [s]
run-time-stddev: 0.000184 [s]
run-time-median: 0.138184 [s]
run-time-min: 0.137982 [s]
run-time-samples: "0.137982 0.138134 0.138184 0.138220 0.138489"
run-time-throughput: N/A
kernel-energy-mean: 24.749866 [J]
kernel-energy-stddev: 0.128941 [J]
kernel-energy-median: 24.770874 [J]
kernel-energy-min: 24.623291 [J]
kernel-energy-max: 24.934631 [J]
kernel-energy-samples: "24.623291 24.630371 24.770874 24.790161 24.934631"
Verification: PASS
