********** Results for Matrix_mul**********
problem-size: 3072
local-size: 256
num-iters: 1
core-freq: 0
memory-freq: 0
device-name: Intel(R) Arc(TM) A770 Graphics
sycl-implementation: UNKNOWN
throughput-metric: N/A
kernel-time-mean: 0.137884 [s]
kernel-time-stddev: 0.000205 [s]
kernel-time-median: 0.137888 [s]
kernel-time-min: 0.137588 [s]
kernel-time-samples: "0.137588 0.137824 0.137888 0.137971 0.138148"
kernel-time-throughput: N/A
run-time-mean: 0.138317 [s]
run-time-stddev: 0.000201 [s]
run-time-median: 0.138316 [s]
run-time-min: 0.138009 [s]
run-time-samples: "0.138009 0.138304 0.138316 0.138391 0.138566"
run-time-throughput: N/A
kernel-energy-mean: 24.801392 [J]
kernel-energy-stddev: 0.078681 [J]
kernel-energy-median: 24.807495 [J]
kernel-energy-min: 24.673279 [J]
kernel-energy-max: 24.886719 [J]
kernel-energy-samples: "24.673279 24.806335 24.807495 24.833130 24.886719"
Verification: PASS
