********** Results for Matrix_mul**********
problem-size: 3072
local-size: 256
num-iters: 1
core-freq: 0
memory-freq: 0
device-name: Intel(R) Arc(TM) A770 Graphics
sycl-implementation: UNKNOWN
throughput-metric: N/A
kernel-time-mean: 0.137672 [s]
kernel-time-stddev: 0.000550 [s]
kernel-time-median: 0.137843 [s]
kernel-time-min: 0.136746 [s]
kernel-time-samples: "0.136746 0.137632 0.137843 0.138021 0.138120"
kernel-time-throughput: N/A
run-time-mean: 0.138033 [s]
run-time-stddev: 0.000546 [s]
run-time-median: 0.138192 [s]
run-time-min: 0.137103 [s]
run-time-samples: "0.137103 0.138036 0.138192 0.138364 0.138472"
run-time-throughput: N/A
kernel-energy-mean: 24.915137 [J]
kernel-energy-stddev: 0.105419 [J]
kernel-energy-median: 24.936890 [J]
kernel-energy-min: 24.750611 [J]
kernel-energy-max: 25.029236 [J]
kernel-energy-samples: "24.750611 24.887757 24.936890 24.971191 25.029236"
Verification: PASS
