********** Results for Matrix_mul**********
problem-size: 3072
local-size: 256
num-iters: 1
core-freq: 0
memory-freq: 0
device-name: Intel(R) Arc(TM) A770 Graphics
sycl-implementation: UNKNOWN
throughput-metric: N/A
kernel-time-mean: 0.137543 [s]
kernel-time-stddev: 0.000385 [s]
kernel-time-median: 0.137438 [s]
kernel-time-min: 0.137164 [s]
kernel-time-samples: "0.137164 0.137239 0.137438 0.137806 0.138069"
kernel-time-throughput: N/A
run-time-mean: 0.137910 [s]
run-time-stddev: 0.000377 [s]
run-time-median: 0.137794 [s]
run-time-min: 0.137574 [s]
run-time-samples: "0.137574 0.137586 0.137794 0.138163 0.138431"
run-time-throughput: N/A
kernel-energy-mean: 24.751916 [J]
kernel-energy-stddev: 0.075672 [J]
kernel-energy-median: 24.722839 [J]
kernel-energy-min: 24.686035 [J]
kernel-energy-max: 24.863464 [J]
kernel-energy-samples: "24.686035 24.692932 24.722839 24.794311 24.863464"
Verification: PASS
