********** Results for Matrix_mul**********
problem-size: 3072
local-size: 256
num-iters: 1
core-freq: 0
memory-freq: 0
device-name: Intel(R) Arc(TM) A770 Graphics
sycl-implementation: UNKNOWN
throughput-metric: N/A
kernel-time-mean: 0.137714 [s]
kernel-time-stddev: 0.000421 [s]
kernel-time-median: 0.137863 [s]
kernel-time-min: 0.137047 [s]
kernel-time-samples: "0.137047 0.137573 0.137863 0.138005 0.138084"
kernel-time-throughput: N/A
run-time-mean: 0.138095 [s]
run-time-stddev: 0.000420 [s]
run-time-median: 0.138218 [s]
run-time-min: 0.137420 [s]
run-time-samples: "0.137420 0.137985 0.138218 0.138410 0.138444"
run-time-throughput: N/A
kernel-energy-mean: 24.634399 [J]
kernel-energy-stddev: 0.034131 [J]
kernel-energy-median: 24.632751 [J]
kernel-energy-min: 24.586365 [J]
kernel-energy-max: 24.680847 [J]
kernel-energy-samples: "24.586365 24.626343 24.632751 24.645691 24.680847"
Verification: PASS
