********** Results for Matrix_mul**********
problem-size: 3072
local-size: 256
num-iters: 1
core-freq: 0
memory-freq: 0
device-name: Intel(R) Arc(TM) A770 Graphics
sycl-implementation: UNKNOWN
throughput-metric: N/A
kernel-time-mean: 0.137718 [s]
kernel-time-stddev: 0.000413 [s]
kernel-time-median: 0.137776 [s]
kernel-time-min: 0.137223 [s]
kernel-time-samples: "0.137223 0.137423 0.137776 0.137889 0.138282"
kernel-time-throughput: N/A
run-time-mean: 0.138157 [s]
run-time-stddev: 0.000449 [s]
run-time-median: 0.138203 [s]
run-time-min: 0.137624 [s]
run-time-samples: "0.137624 0.137838 0.138203 0.138344 0.138776"
run-time-throughput: N/A
kernel-energy-mean: 24.748987 [J]
kernel-energy-stddev: 0.049834 [J]
kernel-energy-median: 24.764221 [J]
kernel-energy-min: 24.662110 [J]
kernel-energy-max: 24.789978 [J]
kernel-energy-samples: "24.662110 24.762879 24.764221 24.765747 24.789978"
Verification: PASS
