********** Results for Matrix_mul**********
problem-size: 3072
local-size: 256
num-iters: 1
core-freq: 0
memory-freq: 0
device-name: Intel(R) Arc(TM) A770 Graphics
sycl-implementation: UNKNOWN
throughput-metric: N/A
kernel-time-mean: 0.137548 [s]
kernel-time-stddev: 0.000349 [s]
kernel-time-median: 0.137658 [s]
kernel-time-min: 0.137113 [s]
kernel-time-samples: "0.137113 0.137275 0.137658 0.137724 0.137973"
kernel-time-throughput: N/A
run-time-mean: 0.137984 [s]
run-time-stddev: 0.000344 [s]
run-time-median: 0.138085 [s]
run-time-min: 0.137585 [s]
run-time-samples: "0.137585 0.137679 0.138085 0.138168 0.138404"
run-time-throughput: N/A
kernel-energy-mean: 24.236755 [J]
kernel-energy-stddev: 0.105253 [J]
kernel-energy-median: 24.251526 [J]
kernel-energy-min: 24.103454 [J]
kernel-energy-max: 24.384094 [J]
kernel-energy-samples: "24.103454 24.176514 24.251526 24.268188 24.384094"
Verification: PASS
