********** Results for Matrix_mul**********
problem-size: 3072
local-size: 256
num-iters: 1
core-freq: 0
memory-freq: 0
device-name: Intel(R) Arc(TM) A770 Graphics
sycl-implementation: UNKNOWN
throughput-metric: N/A
kernel-time-mean: 0.137830 [s]
kernel-time-stddev: 0.000213 [s]
kernel-time-median: 0.137804 [s]
kernel-time-min: 0.137559 [s]
kernel-time-samples: "0.137559 0.137700 0.137804 0.138024 0.138061"
kernel-time-throughput: N/A
run-time-mean: 0.138266 [s]
run-time-stddev: 0.000229 [s]
run-time-median: 0.138346 [s]
run-time-min: 0.137964 [s]
run-time-samples: "0.137964 0.138093 0.138346 0.138421 0.138508"
run-time-throughput: N/A
kernel-energy-mean: 24.655994 [J]
kernel-energy-stddev: 0.046101 [J]
kernel-energy-median: 24.669678 [J]
kernel-energy-min: 24.583069 [J]
kernel-energy-max: 24.694153 [J]
kernel-energy-samples: "24.583069 24.640869 24.669678 24.692200 24.694153"
Verification: PASS
