********** Results for Matrix_mul**********
problem-size: 3072
local-size: 256
num-iters: 1
core-freq: 0
memory-freq: 0
device-name: Intel(R) Arc(TM) A770 Graphics
sycl-implementation: UNKNOWN
throughput-metric: N/A
kernel-time-mean: 0.137715 [s]
kernel-time-stddev: 0.000432 [s]
kernel-time-median: 0.137741 [s]
kernel-time-min: 0.137114 [s]
kernel-time-samples: "0.137114 0.137480 0.137741 0.138115 0.138126"
kernel-time-throughput: N/A
run-time-mean: 0.138148 [s]
run-time-stddev: 0.000443 [s]
run-time-median: 0.138242 [s]
run-time-min: 0.137533 [s]
run-time-samples: "0.137533 0.137869 0.138242 0.138525 0.138570"
run-time-throughput: N/A
kernel-energy-mean: 24.833655 [J]
kernel-energy-stddev: 0.105708 [J]
kernel-energy-median: 24.870422 [J]
kernel-energy-min: 24.678955 [J]
kernel-energy-max: 24.955322 [J]
kernel-energy-samples: "24.678955 24.783813 24.870422 24.879761 24.955322"
Verification: PASS
