********** Results for Matrix_mul**********
problem-size: 3072
local-size: 256
num-iters: 1
core-freq: 0
memory-freq: 0
device-name: Intel(R) Arc(TM) A770 Graphics
sycl-implementation: UNKNOWN
throughput-metric: N/A
kernel-time-mean: 0.137513 [s]
kernel-time-stddev: 0.000666 [s]
kernel-time-median: 0.137316 [s]
kernel-time-min: 0.136711 [s]
kernel-time-samples: "0.136711 0.137141 0.137316 0.138124 0.138274"
kernel-time-throughput: N/A
run-time-mean: 0.137894 [s]
run-time-stddev: 0.000676 [s]
run-time-median: 0.137686 [s]
run-time-min: 0.137083 [s]
run-time-samples: "0.137083 0.137514 0.137686 0.138554 0.138634"
run-time-throughput: N/A
kernel-energy-mean: 24.813135 [J]
kernel-energy-stddev: 0.113210 [J]
kernel-energy-median: 24.793335 [J]
kernel-energy-min: 24.706909 [J]
kernel-energy-max: 24.971801 [J]
kernel-energy-samples: "24.706909 24.713501 24.793335 24.880127 24.971801"
Verification: PASS
