********** Results for Matrix_mul**********
problem-size: 3072
local-size: 256
num-iters: 1
core-freq: 0
memory-freq: 0
device-name: Intel(R) Arc(TM) A770 Graphics
sycl-implementation: UNKNOWN
throughput-metric: N/A
kernel-time-mean: 0.137725 [s]
kernel-time-stddev: 0.000184 [s]
kernel-time-median: 0.137685 [s]
kernel-time-min: 0.137464 [s]
kernel-time-samples: "0.137464 0.137681 0.137685 0.137852 0.137944"
kernel-time-throughput: N/A
run-time-mean: 0.138159 [s]
run-time-stddev: 0.000183 [s]
run-time-median: 0.138103 [s]
run-time-min: 0.137911 [s]
run-time-samples: "0.137911 0.138102 0.138103 0.138340 0.138341"
run-time-throughput: N/A
kernel-energy-mean: 24.190295 [J]
kernel-energy-stddev: 0.068422 [J]
kernel-energy-median: 24.187561 [J]
kernel-energy-min: 24.085389 [J]
kernel-energy-max: 24.255432 [J]
kernel-energy-samples: "24.085389 24.175720 24.187561 24.247375 24.255432"
Verification: PASS
