********** Results for Matrix_mul**********
problem-size: 3072
local-size: 256
num-iters: 1
core-freq: 0
memory-freq: 0
device-name: Intel(R) Arc(TM) A770 Graphics
sycl-implementation: UNKNOWN
throughput-metric: N/A
kernel-time-mean: 0.137997 [s]
kernel-time-stddev: 0.000205 [s]
kernel-time-median: 0.137877 [s]
kernel-time-min: 0.137804 [s]
kernel-time-samples: "0.137804 0.137864 0.137877 0.138219 0.138222"
kernel-time-throughput: N/A
run-time-mean: 0.138368 [s]
run-time-stddev: 0.000205 [s]
run-time-median: 0.138268 [s]
run-time-min: 0.138171 [s]
run-time-samples: "0.138171 0.138223 0.138268 0.138579 0.138600"
run-time-throughput: N/A
kernel-energy-mean: 24.592029 [J]
kernel-energy-stddev: 0.103411 [J]
kernel-energy-median: 24.560119 [J]
kernel-energy-min: 24.474854 [J]
kernel-energy-max: 24.755066 [J]
kernel-energy-samples: "24.474854 24.559082 24.560119 24.611023 24.755066"
Verification: PASS
