********** Results for Matrix_mul**********
problem-size: 3072
local-size: 256
num-iters: 1
core-freq: 0
memory-freq: 0
device-name: Intel(R) Arc(TM) A770 Graphics
sycl-implementation: UNKNOWN
throughput-metric: N/A
kernel-time-mean: 0.137878 [s]
kernel-time-stddev: 0.000335 [s]
kernel-time-median: 0.138039 [s]
kernel-time-min: 0.137411 [s]
kernel-time-samples: "0.137411 0.137639 0.138039 0.138131 0.138170"
kernel-time-throughput: N/A
run-time-mean: 0.138314 [s]
run-time-stddev: 0.000337 [s]
run-time-median: 0.138502 [s]
run-time-min: 0.137896 [s]
run-time-samples: "0.137896 0.138006 0.138502 0.138537 0.138631"
run-time-throughput: N/A
kernel-energy-mean: 24.657178 [J]
kernel-energy-stddev: 0.108150 [J]
kernel-energy-median: 24.657471 [J]
kernel-energy-min: 24.500488 [J]
kernel-energy-max: 24.806030 [J]
kernel-energy-samples: "24.500488 24.656006 24.657471 24.665893 24.806030"
Verification: PASS
