********** Results for Matrix_mul**********
problem-size: 3072
local-size: 256
num-iters: 1
core-freq: 0
memory-freq: 0
device-name: Intel(R) Arc(TM) A770 Graphics
sycl-implementation: UNKNOWN
throughput-metric: N/A
kernel-time-mean: 0.137631 [s]
kernel-time-stddev: 0.000231 [s]
kernel-time-median: 0.137660 [s]
kernel-time-min: 0.137242 [s]
kernel-time-samples: "0.137242 0.137647 0.137660 0.137772 0.137836"
kernel-time-throughput: N/A
run-time-mean: 0.138005 [s]
run-time-stddev: 0.000244 [s]
run-time-median: 0.138023 [s]
run-time-min: 0.137603 [s]
run-time-samples: "0.137603 0.138015 0.138023 0.138141 0.138243"
run-time-throughput: N/A
kernel-energy-mean: 24.756311 [J]
kernel-energy-stddev: 0.052607 [J]
kernel-energy-median: 24.774841 [J]
kernel-energy-min: 24.664734 [J]
kernel-energy-max: 24.792786 [J]
kernel-energy-samples: "24.664734 24.761535 24.774841 24.787659 24.792786"
Verification: PASS
