********** Results for Matrix_mul**********
problem-size: 3072
local-size: 256
num-iters: 1
core-freq: 0
memory-freq: 0
device-name: Intel(R) Arc(TM) A770 Graphics
sycl-implementation: UNKNOWN
throughput-metric: N/A
kernel-time-mean: 0.137758 [s]
kernel-time-stddev: 0.000464 [s]
kernel-time-median: 0.137902 [s]
kernel-time-min: 0.137131 [s]
kernel-time-samples: "0.137131 0.137445 0.137902 0.138025 0.138285"
kernel-time-throughput: N/A
run-time-mean: 0.138125 [s]
run-time-stddev: 0.000484 [s]
run-time-median: 0.138261 [s]
run-time-min: 0.137483 [s]
run-time-samples: "0.137483 0.137792 0.138261 0.138398 0.138691"
run-time-throughput: N/A
kernel-energy-mean: 24.543677 [J]
kernel-energy-stddev: 0.110056 [J]
kernel-energy-median: 24.537659 [J]
kernel-energy-min: 24.369018 [J]
kernel-energy-max: 24.646057 [J]
kernel-energy-samples: "24.369018 24.536133 24.537659 24.629516 24.646057"
Verification: PASS
