********** Results for Matrix_mul**********
problem-size: 3072
local-size: 256
num-iters: 1
core-freq: 0
memory-freq: 0
device-name: Intel(R) Arc(TM) A770 Graphics
sycl-implementation: UNKNOWN
throughput-metric: N/A
kernel-time-mean: 0.137900 [s]
kernel-time-stddev: 0.000237 [s]
kernel-time-median: 0.137811 [s]
kernel-time-min: 0.137647 [s]
kernel-time-samples: "0.137647 0.137766 0.137811 0.138036 0.138241"
kernel-time-throughput: N/A
run-time-mean: 0.138280 [s]
run-time-stddev: 0.000226 [s]
run-time-median: 0.138177 [s]
run-time-min: 0.138039 [s]
run-time-samples: "0.138039 0.138160 0.138177 0.138430 0.138595"
run-time-throughput: N/A
kernel-energy-mean: 24.805127 [J]
kernel-energy-stddev: 0.014919 [J]
kernel-energy-median: 24.801087 [J]
kernel-energy-min: 24.791870 [J]
kernel-energy-max: 24.830383 [J]
kernel-energy-samples: "24.791870 24.797363 24.801087 24.804932 24.830383"
Verification: PASS
