********** Results for Matrix_mul**********
problem-size: 3072
local-size: 256
num-iters: 1
core-freq: 0
memory-freq: 0
device-name: Intel(R) Arc(TM) A770 Graphics
sycl-implementation: UNKNOWN
throughput-metric: N/A
kernel-time-mean: 0.137774 [s]
kernel-time-stddev: 0.000309 [s]
kernel-time-median: 0.137841 [s]
kernel-time-min: 0.137442 [s]
kernel-time-samples: "0.137442 0.137459 0.137841 0.138032 0.138095"
kernel-time-throughput: N/A
run-time-mean: 0.138215 [s]
run-time-stddev: 0.000300 [s]
run-time-median: 0.138269 [s]
run-time-min: 0.137879 [s]
run-time-samples: "0.137879 0.137931 0.138269 0.138462 0.138535"
run-time-throughput: N/A
kernel-energy-mean: 24.537549 [J]
kernel-energy-stddev: 0.088059 [J]
kernel-energy-median: 24.538635 [J]
kernel-energy-min: 24.399292 [J]
kernel-energy-max: 24.615296 [J]
kernel-energy-samples: "24.399292 24.522033 24.538635 24.612488 24.615296"
Verification: PASS
