********** Results for Matrix_mul**********
problem-size: 3072
local-size: 256
num-iters: 1
core-freq: 0
memory-freq: 0
device-name: Intel(R) Arc(TM) A770 Graphics
sycl-implementation: UNKNOWN
throughput-metric: N/A
kernel-time-mean: 0.137744 [s]
kernel-time-stddev: 0.000241 [s]
kernel-time-median: 0.137714 [s]
kernel-time-min: 0.137381 [s]
kernel-time-samples: "0.137381 0.137698 0.137714 0.137939 0.137988"
kernel-time-throughput: N/A
run-time-mean: 0.138156 [s]
run-time-stddev: 0.000264 [s]
run-time-median: 0.138118 [s]
run-time-min: 0.137775 [s]
run-time-samples: "0.137775 0.138094 0.138118 0.138320 0.138473"
run-time-throughput: N/A
kernel-energy-mean: 24.399487 [J]
kernel-energy-stddev: 0.056189 [J]
kernel-energy-median: 24.419190 [J]
kernel-energy-min: 24.299804 [J]
kernel-energy-max: 24.434815 [J]
kernel-energy-samples: "24.299804 24.416381 24.419190 24.427246 24.434815"
Verification: PASS
