********** Results for Matrix_mul**********
problem-size: 3072
local-size: 256
num-iters: 1
core-freq: 0
memory-freq: 0
device-name: Intel(R) Arc(TM) A770 Graphics
sycl-implementation: UNKNOWN
throughput-metric: N/A
kernel-time-mean: 0.137671 [s]
kernel-time-stddev: 0.000456 [s]
kernel-time-median: 0.137588 [s]
kernel-time-min: 0.137162 [s]
kernel-time-samples: "0.137162 0.137347 0.137588 0.137987 0.138271"
kernel-time-throughput: N/A
run-time-mean: 0.138092 [s]
run-time-stddev: 0.000485 [s]
run-time-median: 0.138013 [s]
run-time-min: 0.137549 [s]
run-time-samples: "0.137549 0.137748 0.138013 0.138418 0.138735"
run-time-throughput: N/A
kernel-energy-mean: 24.380457 [J]
kernel-energy-stddev: 0.074588 [J]
kernel-energy-median: 24.355713 [J]
kernel-energy-min: 24.317505 [J]
kernel-energy-max: 24.509827 [J]
kernel-energy-samples: "24.317505 24.353577 24.355713 24.365662 24.509827"
Verification: PASS
