********** Results for Matrix_mul**********
problem-size: 3072
local-size: 256
num-iters: 1
core-freq: 0
memory-freq: 0
device-name: Intel(R) Arc(TM) A770 Graphics
sycl-implementation: UNKNOWN
throughput-metric: N/A
kernel-time-mean: 0.137952 [s]
kernel-time-stddev: 0.000312 [s]
kernel-time-median: 0.137852 [s]
kernel-time-min: 0.137538 [s]
kernel-time-samples: "0.137538 0.137840 0.137852 0.138241 0.138289"
kernel-time-throughput: N/A
run-time-mean: 0.138330 [s]
run-time-stddev: 0.000299 [s]
run-time-median: 0.138231 [s]
run-time-min: 0.137938 [s]
run-time-samples: "0.137938 0.138218 0.138231 0.138614 0.138646"
run-time-throughput: N/A
kernel-energy-mean: 24.756665 [J]
kernel-energy-stddev: 0.067442 [J]
kernel-energy-median: 24.769959 [J]
kernel-energy-min: 24.643127 [J]
kernel-energy-max: 24.820801 [J]
kernel-energy-samples: "24.643127 24.761291 24.769959 24.788147 24.820801"
Verification: PASS
