********** Results for Matrix_mul**********
problem-size: 3072
local-size: 256
num-iters: 1
core-freq: 0
memory-freq: 0
device-name: Intel(R) Arc(TM) A770 Graphics
sycl-implementation: UNKNOWN
throughput-metric: N/A
kernel-time-mean: 0.137663 [s]
kernel-time-stddev: 0.000453 [s]
kernel-time-median: 0.137669 [s]
kernel-time-min: 0.136996 [s]
kernel-time-samples: "0.136996 0.137565 0.137669 0.137845 0.138238"
kernel-time-throughput: N/A
run-time-mean: 0.138083 [s]
run-time-stddev: 0.000446 [s]
run-time-median: 0.138061 [s]
run-time-min: 0.137427 [s]
run-time-samples: "0.137427 0.138019 0.138061 0.138245 0.138662"
run-time-throughput: N/A
kernel-energy-mean: 24.361987 [J]
kernel-energy-stddev: 0.074953 [J]
kernel-energy-median: 24.368774 [J]
kernel-energy-min: 24.275025 [J]
kernel-energy-max: 24.474854 [J]
kernel-energy-samples: "24.275025 24.317444 24.368774 24.373840 24.474854"
Verification: PASS
