********** Results for Matrix_mul**********
problem-size: 3072
local-size: 256
num-iters: 1
core-freq: 0
memory-freq: 0
device-name: Intel(R) Arc(TM) A770 Graphics
sycl-implementation: UNKNOWN
throughput-metric: N/A
kernel-time-mean: 0.137663 [s]
kernel-time-stddev: 0.000202 [s]
kernel-time-median: 0.137699 [s]
kernel-time-min: 0.137400 [s]
kernel-time-samples: "0.137400 0.137525 0.137699 0.137785 0.137905"
kernel-time-throughput: N/A
run-time-mean: 0.138032 [s]
run-time-stddev: 0.000190 [s]
run-time-median: 0.138058 [s]
run-time-min: 0.137803 [s]
run-time-samples: "0.137803 0.137884 0.138058 0.138146 0.138271"
run-time-throughput: N/A
kernel-energy-mean: 24.753735 [J]
kernel-energy-stddev: 0.094903 [J]
kernel-energy-median: 24.764038 [J]
kernel-energy-min: 24.611633 [J]
kernel-energy-max: 24.877868 [J]
kernel-energy-samples: "24.611633 24.745544 24.764038 24.769592 24.877868"
Verification: PASS
