********** Results for Matrix_mul**********
problem-size: 3072
local-size: 256
num-iters: 1
core-freq: 0
memory-freq: 0
device-name: Intel(R) Arc(TM) A770 Graphics
sycl-implementation: UNKNOWN
throughput-metric: N/A
kernel-time-mean: 0.137840 [s]
kernel-time-stddev: 0.000131 [s]
kernel-time-median: 0.137894 [s]
kernel-time-min: 0.137609 [s]
kernel-time-samples: "0.137609 0.137858 0.137894 0.137916 0.137920"
kernel-time-throughput: N/A
run-time-mean: 0.138269 [s]
run-time-stddev: 0.000131 [s]
run-time-median: 0.138309 [s]
run-time-min: 0.138043 [s]
run-time-samples: "0.138043 0.138282 0.138309 0.138345 0.138369"
run-time-throughput: N/A
kernel-energy-mean: 24.276502 [J]
kernel-energy-stddev: 0.029300 [J]
kernel-energy-median: 24.274109 [J]
kernel-energy-min: 24.234375 [J]
kernel-energy-max: 24.309510 [J]
kernel-energy-samples: "24.234375 24.266480 24.274109 24.298034 24.309510"
Verification: PASS
