********** Results for Matrix_mul**********
problem-size: 3072
local-size: 256
num-iters: 1
core-freq: 0
memory-freq: 0
device-name: Intel(R) Arc(TM) A770 Graphics
sycl-implementation: UNKNOWN
throughput-metric: N/A
kernel-time-mean: 0.138101 [s]
kernel-time-stddev: 0.000293 [s]
kernel-time-median: 0.138085 [s]
kernel-time-min: 0.137813 [s]
kernel-time-samples: "0.137813 0.137930 0.138085 0.138093 0.138582"
kernel-time-throughput: N/A
run-time-mean: 0.138468 [s]
run-time-stddev: 0.000284 [s]
run-time-median: 0.138437 [s]
run-time-min: 0.138179 [s]
run-time-samples: "0.138179 0.138346 0.138437 0.138441 0.138938"
run-time-throughput: N/A
kernel-energy-mean: 24.806763 [J]
kernel-energy-stddev: 0.074517 [J]
kernel-energy-median: 24.779846 [J]
kernel-energy-min: 24.737183 [J]
kernel-energy-max: 24.916748 [J]
kernel-energy-samples: "24.737183 24.752808 24.779846 24.847229 24.916748"
Verification: PASS
