********** Results for Matrix_mul**********
problem-size: 3072
local-size: 256
num-iters: 1
core-freq: 0
memory-freq: 0
device-name: Intel(R) Arc(TM) A770 Graphics
sycl-implementation: UNKNOWN
throughput-metric: N/A
kernel-time-mean: 0.137792 [s]
kernel-time-stddev: 0.000140 [s]
kernel-time-median: 0.137809 [s]
kernel-time-min: 0.137561 [s]
kernel-time-samples: "0.137561 0.137794 0.137809 0.137870 0.137928"
kernel-time-throughput: N/A
run-time-mean: 0.138238 [s]
run-time-stddev: 0.000145 [s]
run-time-median: 0.138243 [s]
run-time-min: 0.138004 [s]
run-time-samples: "0.138004 0.138227 0.138243 0.138349 0.138367"
run-time-throughput: N/A
kernel-energy-mean: 24.651050 [J]
kernel-energy-stddev: 0.073329 [J]
kernel-energy-median: 24.653564 [J]
kernel-energy-min: 24.554870 [J]
kernel-energy-max: 24.731812 [J]
kernel-energy-samples: "24.554870 24.604370 24.653564 24.710632 24.731812"
Verification: PASS
