********** Results for Matrix_mul**********
problem-size: 3072
local-size: 256
num-iters: 1
core-freq: 0
memory-freq: 0
device-name: Intel(R) Arc(TM) A770 Graphics
sycl-implementation: UNKNOWN
throughput-metric: N/A
kernel-time-mean: 0.137700 [s]
kernel-time-stddev: 0.000342 [s]
kernel-time-median: 0.137821 [s]
kernel-time-min: 0.137099 [s]
kernel-time-samples: "0.137099 0.137796 0.137821 0.137823 0.137963"
kernel-time-throughput: N/A
run-time-mean: 0.138078 [s]
run-time-stddev: 0.000346 [s]
run-time-median: 0.138183 [s]
run-time-min: 0.137471 [s]
run-time-samples: "0.137471 0.138157 0.138183 0.138263 0.138317"
run-time-throughput: N/A
kernel-energy-mean: 24.842102 [J]
kernel-energy-stddev: 0.081809 [J]
kernel-energy-median: 24.849548 [J]
kernel-energy-min: 24.727783 [J]
kernel-energy-max: 24.952819 [J]
kernel-energy-samples: "24.727783 24.813903 24.849548 24.866455 24.952819"
Verification: PASS
