********** Results for Matrix_mul**********
problem-size: 3072
local-size: 256
num-iters: 1
core-freq: 0
memory-freq: 0
device-name: Intel(R) Arc(TM) A770 Graphics
sycl-implementation: UNKNOWN
throughput-metric: N/A
kernel-time-mean: 0.137644 [s]
kernel-time-stddev: 0.000146 [s]
kernel-time-median: 0.137604 [s]
kernel-time-min: 0.137487 [s]
kernel-time-samples: "0.137487 0.137557 0.137604 0.137709 0.137861"
kernel-time-throughput: N/A
run-time-mean: 0.138075 [s]
run-time-stddev: 0.000173 [s]
run-time-median: 0.138013 [s]
run-time-min: 0.137903 [s]
run-time-samples: "0.137903 0.137972 0.138013 0.138148 0.138340"
run-time-throughput: N/A
kernel-energy-mean: 24.320044 [J]
kernel-energy-stddev: 0.046810 [J]
kernel-energy-median: 24.336121 [J]
kernel-energy-min: 24.243835 [J]
kernel-energy-max: 24.368469 [J]
kernel-energy-samples: "24.243835 24.313964 24.336121 24.337830 24.368469"
Verification: PASS
