********** Results for Matrix_mul**********
problem-size: 3072
local-size: 256
num-iters: 1
core-freq: 0
memory-freq: 0
device-name: Intel(R) Arc(TM) A770 Graphics
sycl-implementation: UNKNOWN
throughput-metric: N/A
kernel-time-mean: 0.137547 [s]
kernel-time-stddev: 0.000173 [s]
kernel-time-median: 0.137576 [s]
kernel-time-min: 0.137284 [s]
kernel-time-samples: "0.137284 0.137491 0.137576 0.137643 0.137740"
kernel-time-throughput: N/A
run-time-mean: 0.137916 [s]
run-time-stddev: 0.000171 [s]
run-time-median: 0.137932 [s]
run-time-min: 0.137644 [s]
run-time-samples: "0.137644 0.137897 0.137932 0.138017 0.138093"
run-time-throughput: N/A
kernel-energy-mean: 24.424988 [J]
kernel-energy-stddev: 0.090384 [J]
kernel-energy-median: 24.459290 [J]
kernel-energy-min: 24.264954 [J]
kernel-energy-max: 24.486206 [J]
kernel-energy-samples: "24.264954 24.451722 24.459290 24.462769 24.486206"
Verification: PASS
