********** Results for Matrix_mul**********
problem-size: 3072
local-size: 256
num-iters: 1
core-freq: 0
memory-freq: 0
device-name: Intel(R) Arc(TM) A770 Graphics
sycl-implementation: UNKNOWN
throughput-metric: N/A
kernel-time-mean: 0.137768 [s]
kernel-time-stddev: 0.000478 [s]
kernel-time-median: 0.137686 [s]
kernel-time-min: 0.137230 [s]
kernel-time-samples: "0.137230 0.137470 0.137686 0.137997 0.138458"
kernel-time-throughput: N/A
run-time-mean: 0.138214 [s]
run-time-stddev: 0.000491 [s]
run-time-median: 0.138214 [s]
run-time-min: 0.137641 [s]
run-time-samples: "0.137641 0.137866 0.138214 0.138455 0.138891"
run-time-throughput: N/A
kernel-energy-mean: 24.718836 [J]
kernel-energy-stddev: 0.132231 [J]
kernel-energy-median: 24.671265 [J]
kernel-energy-min: 24.603210 [J]
kernel-energy-max: 24.945923 [J]
kernel-energy-samples: "24.603210 24.668213 24.671265 24.705567 24.945923"
Verification: PASS
