********** Results for Matrix_mul**********
problem-size: 3072
local-size: 256
num-iters: 1
core-freq: 0
memory-freq: 0
device-name: Intel(R) Arc(TM) A770 Graphics
sycl-implementation: UNKNOWN
throughput-metric: N/A
kernel-time-mean: 0.137350 [s]
kernel-time-stddev: 0.000206 [s]
kernel-time-median: 0.137343 [s]
kernel-time-min: 0.137102 [s]
kernel-time-samples: "0.137102 0.137256 0.137343 0.137385 0.137664"
kernel-time-throughput: N/A
run-time-mean: 0.137719 [s]
run-time-stddev: 0.000183 [s]
run-time-median: 0.137714 [s]
run-time-min: 0.137535 [s]
run-time-samples: "0.137535 0.137602 0.137714 0.137734 0.138012"
run-time-throughput: N/A
kernel-energy-mean: 24.759716 [J]
kernel-energy-stddev: 0.069298 [J]
kernel-energy-median: 24.784790 [J]
kernel-energy-min: 24.660766 [J]
kernel-energy-max: 24.836304 [J]
kernel-energy-samples: "24.660766 24.720153 24.784790 24.796569 24.836304"
Verification: PASS
