********** Results for Matrix_mul**********
problem-size: 3072
local-size: 256
num-iters: 1
core-freq: 0
memory-freq: 0
device-name: Intel(R) Arc(TM) A770 Graphics
sycl-implementation: UNKNOWN
throughput-metric: N/A
kernel-time-mean: 0.137564 [s]
kernel-time-stddev: 0.000415 [s]
kernel-time-median: 0.137391 [s]
kernel-time-min: 0.137054 [s]
kernel-time-samples: "0.137054 0.137390 0.137391 0.137976 0.138011"
kernel-time-throughput: N/A
run-time-mean: 0.137998 [s]
run-time-stddev: 0.000401 [s]
run-time-median: 0.137862 [s]
run-time-min: 0.137517 [s]
run-time-samples: "0.137517 0.137782 0.137862 0.138393 0.138434"
run-time-throughput: N/A
kernel-energy-mean: 24.495361 [J]
kernel-energy-stddev: 0.101396 [J]
kernel-energy-median: 24.443542 [J]
kernel-energy-min: 24.416687 [J]
kernel-energy-max: 24.664185 [J]
kernel-energy-samples: "24.416687 24.437378 24.443542 24.515015 24.664185"
Verification: PASS
