********** Results for Matrix_mul**********
problem-size: 3072
local-size: 256
num-iters: 1
core-freq: 0
memory-freq: 0
device-name: Intel(R) Arc(TM) A770 Graphics
sycl-implementation: UNKNOWN
throughput-metric: N/A
kernel-time-mean: 0.138000 [s]
kernel-time-stddev: 0.000369 [s]
kernel-time-median: 0.137970 [s]
kernel-time-min: 0.137578 [s]
kernel-time-samples: "0.137578 0.137729 0.137970 0.138244 0.138482"
kernel-time-throughput: N/A
run-time-mean: 0.138380 [s]
run-time-stddev: 0.000383 [s]
run-time-median: 0.138311 [s]
run-time-min: 0.137975 [s]
run-time-samples: "0.137975 0.138074 0.138311 0.138670 0.138870"
run-time-throughput: N/A
kernel-energy-mean: 24.832324 [J]
kernel-energy-stddev: 0.059253 [J]
kernel-energy-median: 24.830200 [J]
kernel-energy-min: 24.772339 [J]
kernel-energy-max: 24.918213 [J]
kernel-energy-samples: "24.772339 24.783142 24.830200 24.857727 24.918213"
Verification: PASS
