********** Results for Matrix_mul**********
problem-size: 3072
local-size: 256
num-iters: 1
core-freq: 0
memory-freq: 0
device-name: Intel(R) Arc(TM) A770 Graphics
sycl-implementation: UNKNOWN
throughput-metric: N/A
kernel-time-mean: 0.137874 [s]
kernel-time-stddev: 0.000410 [s]
kernel-time-median: 0.138010 [s]
kernel-time-min: 0.137243 [s]
kernel-time-samples: "0.137243 0.137750 0.138010 0.138029 0.138339"
kernel-time-throughput: N/A
run-time-mean: 0.138240 [s]
run-time-stddev: 0.000422 [s]
run-time-median: 0.138376 [s]
run-time-min: 0.137590 [s]
run-time-samples: "0.137590 0.138106 0.138376 0.138414 0.138713"
run-time-throughput: N/A
kernel-energy-mean: 24.600488 [J]
kernel-energy-stddev: 0.113991 [J]
kernel-energy-median: 24.595520 [J]
kernel-energy-min: 24.448547 [J]
kernel-energy-max: 24.717407 [J]
kernel-energy-samples: "24.448547 24.535644 24.595520 24.705322 24.717407"
Verification: PASS
