********** Results for Matrix_mul**********
problem-size: 3072
local-size: 256
num-iters: 1
core-freq: 0
memory-freq: 0
device-name: Intel(R) Arc(TM) A770 Graphics
sycl-implementation: UNKNOWN
throughput-metric: N/A
kernel-time-mean: 0.137887 [s]
kernel-time-stddev: 0.000248 [s]
kernel-time-median: 0.137810 [s]
kernel-time-min: 0.137699 [s]
kernel-time-samples: "0.137699 0.137709 0.137810 0.137919 0.138301"
kernel-time-throughput: N/A
run-time-mean: 0.138265 [s]
run-time-stddev: 0.000235 [s]
run-time-median: 0.138157 [s]
run-time-min: 0.138078 [s]
run-time-samples: "0.138078 0.138132 0.138157 0.138297 0.138659"
run-time-throughput: N/A
kernel-energy-mean: 24.882629 [J]
kernel-energy-stddev: 0.063761 [J]
kernel-energy-median: 24.876221 [J]
kernel-energy-min: 24.791809 [J]
kernel-energy-max: 24.965454 [J]
kernel-energy-samples: "24.791809 24.867371 24.876221 24.912292 24.965454"
Verification: PASS
