********** Results for Matrix_mul**********
problem-size: 3072
local-size: 256
num-iters: 1
core-freq: 0
memory-freq: 0
device-name: Intel(R) Arc(TM) A770 Graphics
sycl-implementation: UNKNOWN
throughput-metric: N/A
kernel-time-mean: 0.137603 [s]
kernel-time-stddev: 0.000286 [s]
kernel-time-median: 0.137729 [s]
kernel-time-min: 0.137219 [s]
kernel-time-samples: "0.137219 0.137401 0.137729 0.137737 0.137928"
kernel-time-throughput: N/A
run-time-mean: 0.137982 [s]
run-time-stddev: 0.000284 [s]
run-time-median: 0.138098 [s]
run-time-min: 0.137587 [s]
run-time-samples: "0.137587 0.137795 0.138098 0.138143 0.138285"
run-time-throughput: N/A
kernel-energy-mean: 24.670081 [J]
kernel-energy-stddev: 0.075071 [J]
kernel-energy-median: 24.701050 [J]
kernel-energy-min: 24.562256 [J]
kernel-energy-max: 24.752929 [J]
kernel-energy-samples: "24.562256 24.627869 24.701050 24.706299 24.752929"
Verification: PASS
