********** Results for Matrix_mul**********
problem-size: 3072
local-size: 256
num-iters: 1
core-freq: 0
memory-freq: 0
device-name: Intel(R) Arc(TM) A770 Graphics
sycl-implementation: UNKNOWN
throughput-metric: N/A
kernel-time-mean: 0.137592 [s]
kernel-time-stddev: 0.000299 [s]
kernel-time-median: 0.137694 [s]
kernel-time-min: 0.137219 [s]
kernel-time-samples: "0.137219 0.137336 0.137694 0.137813 0.137899"
kernel-time-throughput: N/A
run-time-mean: 0.138027 [s]
run-time-stddev: 0.000282 [s]
run-time-median: 0.138104 [s]
run-time-min: 0.137697 [s]
run-time-samples: "0.137697 0.137765 0.138104 0.138254 0.138315"
run-time-throughput: N/A
kernel-energy-mean: 24.553040 [J]
kernel-energy-stddev: 0.104554 [J]
kernel-energy-median: 24.578369 [J]
kernel-energy-min: 24.430237 [J]
kernel-energy-max: 24.678284 [J]
kernel-energy-samples: "24.430237 24.461914 24.578369 24.616394 24.678284"
Verification: PASS
