********** Results for Matrix_mul**********
problem-size: 3072
local-size: 256
num-iters: 1
core-freq: 0
memory-freq: 0
device-name: Intel(R) Arc(TM) A770 Graphics
sycl-implementation: UNKNOWN
throughput-metric: N/A
kernel-time-mean: 0.137828 [s]
kernel-time-stddev: 0.000228 [s]
kernel-time-median: 0.137877 [s]
kernel-time-min: 0.137527 [s]
kernel-time-samples: "0.137527 0.137675 0.137877 0.137966 0.138095"
kernel-time-throughput: N/A
run-time-mean: 0.138192 [s]
run-time-stddev: 0.000218 [s]
run-time-median: 0.138234 [s]
run-time-min: 0.137882 [s]
run-time-samples: "0.137882 0.138077 0.138234 0.138327 0.138440"
run-time-throughput: N/A
kernel-energy-mean: 24.878259 [J]
kernel-energy-stddev: 0.012696 [J]
kernel-energy-median: 24.876892 [J]
kernel-energy-min: 24.866577 [J]
kernel-energy-max: 24.899353 [J]
kernel-energy-samples: "24.866577 24.870423 24.876892 24.878051 24.899353"
Verification: PASS
