********** Results for Matrix_mul**********
problem-size: 3072
local-size: 256
num-iters: 1
core-freq: 0
memory-freq: 0
device-name: Intel(R) Arc(TM) A770 Graphics
sycl-implementation: UNKNOWN
throughput-metric: N/A
kernel-time-mean: 0.137807 [s]
kernel-time-stddev: 0.000088 [s]
kernel-time-median: 0.137776 [s]
kernel-time-min: 0.137715 [s]
kernel-time-samples: "0.137715 0.137743 0.137776 0.137892 0.137910"
kernel-time-throughput: N/A
run-time-mean: 0.138183 [s]
run-time-stddev: 0.000087 [s]
run-time-median: 0.138151 [s]
run-time-min: 0.138072 [s]
run-time-samples: "0.138072 0.138147 0.138151 0.138268 0.138275"
run-time-throughput: N/A
kernel-energy-mean: 24.762183 [J]
kernel-energy-stddev: 0.065635 [J]
kernel-energy-median: 24.752990 [J]
kernel-energy-min: 24.687073 [J]
kernel-energy-max: 24.867981 [J]
kernel-energy-samples: "24.687073 24.745056 24.752990 24.757813 24.867981"
Verification: PASS
