********** Results for Matrix_mul**********
problem-size: 3072
local-size: 256
num-iters: 1
core-freq: 0
memory-freq: 0
device-name: Intel(R) Arc(TM) A770 Graphics
sycl-implementation: UNKNOWN
throughput-metric: N/A
kernel-time-mean: 0.137727 [s]
kernel-time-stddev: 0.000221 [s]
kernel-time-median: 0.137802 [s]
kernel-time-min: 0.137382 [s]
kernel-time-samples: "0.137382 0.137645 0.137802 0.137865 0.137940"
kernel-time-throughput: N/A
run-time-mean: 0.138154 [s]
run-time-stddev: 0.000205 [s]
run-time-median: 0.138211 [s]
run-time-min: 0.137825 [s]
run-time-samples: "0.137825 0.138115 0.138211 0.138255 0.138365"
run-time-throughput: N/A
kernel-energy-mean: 24.327368 [J]
kernel-energy-stddev: 0.038839 [J]
kernel-energy-median: 24.343689 [J]
kernel-energy-min: 24.263916 [J]
kernel-energy-max: 24.356750 [J]
kernel-energy-samples: "24.263916 24.317261 24.343689 24.355224 24.356750"
Verification: PASS
