********** Results for Matrix_mul**********
problem-size: 3072
local-size: 256
num-iters: 1
core-freq: 0
memory-freq: 0
device-name: Intel(R) Arc(TM) A770 Graphics
sycl-implementation: UNKNOWN
throughput-metric: N/A
kernel-time-mean: 0.137856 [s]
kernel-time-stddev: 0.000385 [s]
kernel-time-median: 0.137927 [s]
kernel-time-min: 0.137194 [s]
kernel-time-samples: "0.137194 0.137905 0.137927 0.138110 0.138144"
kernel-time-throughput: N/A
run-time-mean: 0.138214 [s]
run-time-stddev: 0.000388 [s]
run-time-median: 0.138290 [s]
run-time-min: 0.137542 [s]
run-time-samples: "0.137542 0.138283 0.138290 0.138457 0.138500"
run-time-throughput: N/A
kernel-energy-mean: 24.951807 [J]
kernel-energy-stddev: 0.068242 [J]
kernel-energy-median: 24.933716 [J]
kernel-energy-min: 24.879761 [J]
kernel-energy-max: 25.061279 [J]
kernel-energy-samples: "24.879761 24.920471 24.933716 24.963806 25.061279"
Verification: PASS
