********** Results for Matrix_mul**********
problem-size: 3072
local-size: 256
num-iters: 1
core-freq: 0
memory-freq: 0
device-name: Intel(R) Arc(TM) A770 Graphics
sycl-implementation: UNKNOWN
throughput-metric: N/A
kernel-time-mean: 0.137807 [s]
kernel-time-stddev: 0.000324 [s]
kernel-time-median: 0.137764 [s]
kernel-time-min: 0.137463 [s]
kernel-time-samples: "0.137463 0.137531 0.137764 0.138100 0.138178"
kernel-time-throughput: N/A
run-time-mean: 0.138237 [s]
run-time-stddev: 0.000325 [s]
run-time-median: 0.138176 [s]
run-time-min: 0.137905 [s]
run-time-samples: "0.137905 0.137955 0.138176 0.138560 0.138590"
run-time-throughput: N/A
kernel-energy-mean: 24.804749 [J]
kernel-energy-stddev: 0.107685 [J]
kernel-energy-median: 24.828857 [J]
kernel-energy-min: 24.673157 [J]
kernel-energy-max: 24.948120 [J]
kernel-energy-samples: "24.673157 24.726441 24.828857 24.847168 24.948120"
Verification: PASS
