********** Results for Matrix_mul**********
problem-size: 3072
local-size: 256
num-iters: 1
core-freq: 0
memory-freq: 0
device-name: Intel(R) Arc(TM) A770 Graphics
sycl-implementation: UNKNOWN
throughput-metric: N/A
kernel-time-mean: 0.137697 [s]
kernel-time-stddev: 0.000329 [s]
kernel-time-median: 0.137747 [s]
kernel-time-min: 0.137161 [s]
kernel-time-samples: "0.137161 0.137668 0.137747 0.137882 0.138027"
kernel-time-throughput: N/A
run-time-mean: 0.138067 [s]
run-time-stddev: 0.000344 [s]
run-time-median: 0.138088 [s]
run-time-min: 0.137507 [s]
run-time-samples: "0.137507 0.138069 0.138088 0.138252 0.138419"
run-time-throughput: N/A
kernel-energy-mean: 24.489124 [J]
kernel-energy-stddev: 0.103988 [J]
kernel-energy-median: 24.478028 [J]
kernel-energy-min: 24.382568 [J]
kernel-energy-max: 24.660034 [J]
kernel-energy-samples: "24.382568 24.438538 24.478028 24.486450 24.660034"
Verification: PASS
