********** Results for Matrix_mul**********
problem-size: 3072
local-size: 256
num-iters: 1
core-freq: 0
memory-freq: 0
device-name: Intel(R) Arc(TM) A770 Graphics
sycl-implementation: UNKNOWN
throughput-metric: N/A
kernel-time-mean: 0.138008 [s]
kernel-time-stddev: 0.000156 [s]
kernel-time-median: 0.137955 [s]
kernel-time-min: 0.137913 [s]
kernel-time-samples: "0.137913 0.137929 0.137955 0.137959 0.138285"
kernel-time-throughput: N/A
run-time-mean: 0.138444 [s]
run-time-stddev: 0.000197 [s]
run-time-median: 0.138377 [s]
run-time-min: 0.138292 [s]
run-time-samples: "0.138292 0.138347 0.138377 0.138418 0.138787"
run-time-throughput: N/A
kernel-energy-mean: 24.646960 [J]
kernel-energy-stddev: 0.037420 [J]
kernel-energy-median: 24.641052 [J]
kernel-energy-min: 24.610169 [J]
kernel-energy-max: 24.702209 [J]
kernel-energy-samples: "24.610169 24.617432 24.641052 24.663940 24.702209"
Verification: PASS
