********** Results for Matrix_mul**********
problem-size: 3072
local-size: 256
num-iters: 1
core-freq: 0
memory-freq: 0
device-name: Intel(R) Arc(TM) A770 Graphics
sycl-implementation: UNKNOWN
throughput-metric: N/A
kernel-time-mean: 0.137547 [s]
kernel-time-stddev: 0.000382 [s]
kernel-time-median: 0.137523 [s]
kernel-time-min: 0.137096 [s]
kernel-time-samples: "0.137096 0.137404 0.137523 0.137565 0.138147"
kernel-time-throughput: N/A
run-time-mean: 0.137987 [s]
run-time-stddev: 0.000347 [s]
run-time-median: 0.137918 [s]
run-time-min: 0.137616 [s]
run-time-samples: "0.137616 0.137842 0.137918 0.138007 0.138551"
run-time-throughput: N/A
kernel-energy-mean: 24.678052 [J]
kernel-energy-stddev: 0.118142 [J]
kernel-energy-median: 24.684204 [J]
kernel-energy-min: 24.503052 [J]
kernel-energy-max: 24.836059 [J]
kernel-energy-samples: "24.503052 24.675049 24.684204 24.691895 24.836059"
Verification: PASS
