********** Results for Matrix_mul**********
problem-size: 3072
local-size: 256
num-iters: 1
core-freq: 0
memory-freq: 0
device-name: Intel(R) Arc(TM) A770 Graphics
sycl-implementation: UNKNOWN
throughput-metric: N/A
kernel-time-mean: 0.137808 [s]
kernel-time-stddev: 0.000323 [s]
kernel-time-median: 0.137941 [s]
kernel-time-min: 0.137364 [s]
kernel-time-samples: "0.137364 0.137574 0.137941 0.138072 0.138088"
kernel-time-throughput: N/A
run-time-mean: 0.138179 [s]
run-time-stddev: 0.000316 [s]
run-time-median: 0.138320 [s]
run-time-min: 0.137763 [s]
run-time-samples: "0.137763 0.137923 0.138320 0.138430 0.138459"
run-time-throughput: N/A
kernel-energy-mean: 24.773694 [J]
kernel-energy-stddev: 0.027432 [J]
kernel-energy-median: 24.771972 [J]
kernel-energy-min: 24.742736 [J]
kernel-energy-max: 24.814087 [J]
kernel-energy-samples: "24.742736 24.755921 24.771972 24.783752 24.814087"
Verification: PASS
