********** Results for Matrix_mul**********
problem-size: 3072
local-size: 256
num-iters: 1
core-freq: 0
memory-freq: 0
device-name: Intel(R) Arc(TM) A770 Graphics
sycl-implementation: UNKNOWN
throughput-metric: N/A
kernel-time-mean: 0.137711 [s]
kernel-time-stddev: 0.000103 [s]
kernel-time-median: 0.137728 [s]
kernel-time-min: 0.137585 [s]
kernel-time-samples: "0.137585 0.137625 0.137728 0.137805 0.137812"
kernel-time-throughput: N/A
run-time-mean: 0.138152 [s]
run-time-stddev: 0.000100 [s]
run-time-median: 0.138215 [s]
run-time-min: 0.138025 [s]
run-time-samples: "0.138025 0.138063 0.138215 0.138224 0.138232"
run-time-throughput: N/A
kernel-energy-mean: 24.275269 [J]
kernel-energy-stddev: 0.021666 [J]
kernel-energy-median: 24.281066 [J]
kernel-energy-min: 24.245179 [J]
kernel-energy-max: 24.297119 [J]
kernel-energy-samples: "24.245179 24.261353 24.281066 24.291626 24.297119"
Verification: PASS
