********** Results for Matrix_mul**********
problem-size: 3072
local-size: 256
num-iters: 1
core-freq: 0
memory-freq: 0
device-name: Intel(R) Arc(TM) A770 Graphics
sycl-implementation: UNKNOWN
throughput-metric: N/A
kernel-time-mean: 0.138072 [s]
kernel-time-stddev: 0.000264 [s]
kernel-time-median: 0.138099 [s]
kernel-time-min: 0.137638 [s]
kernel-time-samples: "0.137638 0.138085 0.138099 0.138185 0.138352"
kernel-time-throughput: N/A
run-time-mean: 0.138494 [s]
run-time-stddev: 0.000276 [s]
run-time-median: 0.138555 [s]
run-time-min: 0.138051 [s]
run-time-samples: "0.138051 0.138455 0.138555 0.138622 0.138787"
run-time-throughput: N/A
kernel-energy-mean: 24.705786 [J]
kernel-energy-stddev: 0.062977 [J]
kernel-energy-median: 24.731872 [J]
kernel-energy-min: 24.605713 [J]
kernel-energy-max: 24.767823 [J]
kernel-energy-samples: "24.605713 24.686768 24.731872 24.736755 24.767823"
Verification: PASS
