********** Results for Matrix_mul**********
problem-size: 3072
local-size: 256
num-iters: 1
core-freq: 0
memory-freq: 0
device-name: Intel(R) Arc(TM) A770 Graphics
sycl-implementation: UNKNOWN
throughput-metric: N/A
kernel-time-mean: 0.137698 [s]
kernel-time-stddev: 0.000342 [s]
kernel-time-median: 0.137658 [s]
kernel-time-min: 0.137247 [s]
kernel-time-samples: "0.137247 0.137640 0.137658 0.137742 0.138204"
kernel-time-throughput: N/A
run-time-mean: 0.138129 [s]
run-time-stddev: 0.000354 [s]
run-time-median: 0.138091 [s]
run-time-min: 0.137675 [s]
run-time-samples: "0.137675 0.138044 0.138091 0.138175 0.138662"
run-time-throughput: N/A
kernel-energy-mean: 24.873975 [J]
kernel-energy-stddev: 0.098542 [J]
kernel-energy-median: 24.863892 [J]
kernel-energy-min: 24.729492 [J]
kernel-energy-max: 24.979798 [J]
kernel-energy-samples: "24.729492 24.846008 24.863892 24.950683 24.979798"
Verification: PASS
