********** Results for Matrix_mul**********
problem-size: 3072
local-size: 256
num-iters: 1
core-freq: 0
memory-freq: 0
device-name: Intel(R) Arc(TM) A770 Graphics
sycl-implementation: UNKNOWN
throughput-metric: N/A
kernel-time-mean: 0.137796 [s]
kernel-time-stddev: 0.000186 [s]
kernel-time-median: 0.137814 [s]
kernel-time-min: 0.137531 [s]
kernel-time-samples: "0.137531 0.137715 0.137814 0.137901 0.138019"
kernel-time-throughput: N/A
run-time-mean: 0.138233 [s]
run-time-stddev: 0.000207 [s]
run-time-median: 0.138218 [s]
run-time-min: 0.137973 [s]
run-time-samples: "0.137973 0.138139 0.138218 0.138302 0.138534"
run-time-throughput: N/A
kernel-energy-mean: 24.857251 [J]
kernel-energy-stddev: 0.046068 [J]
kernel-energy-median: 24.852906 [J]
kernel-energy-min: 24.798157 [J]
kernel-energy-max: 24.909424 [J]
kernel-energy-samples: "24.798157 24.829773 24.852906 24.895996 24.909424"
Verification: PASS
