********** Results for Matrix_mul**********
problem-size: 3072
local-size: 256
num-iters: 1
core-freq: 0
memory-freq: 0
device-name: Intel(R) Arc(TM) A770 Graphics
sycl-implementation: UNKNOWN
throughput-metric: N/A
kernel-time-mean: 0.137553 [s]
kernel-time-stddev: 0.000259 [s]
kernel-time-median: 0.137618 [s]
kernel-time-min: 0.137149 [s]
kernel-time-samples: "0.137149 0.137497 0.137618 0.137652 0.137849"
kernel-time-throughput: N/A
run-time-mean: 0.137989 [s]
run-time-stddev: 0.000262 [s]
run-time-median: 0.138040 [s]
run-time-min: 0.137597 [s]
run-time-samples: "0.137597 0.137891 0.138040 0.138125 0.138290"
run-time-throughput: N/A
kernel-energy-mean: 24.530286 [J]
kernel-energy-stddev: 0.033438 [J]
kernel-energy-median: 24.542481 [J]
kernel-energy-min: 24.476685 [J]
kernel-energy-max: 24.559449 [J]
kernel-energy-samples: "24.476685 24.520203 24.542481 24.552612 24.559449"
Verification: PASS
