********** Results for Matrix_mul**********
problem-size: 3072
local-size: 256
num-iters: 1
core-freq: 0
memory-freq: 0
device-name: Intel(R) Arc(TM) A770 Graphics
sycl-implementation: UNKNOWN
throughput-metric: N/A
kernel-time-mean: 0.137798 [s]
kernel-time-stddev: 0.000198 [s]
kernel-time-median: 0.137883 [s]
kernel-time-min: 0.137582 [s]
kernel-time-samples: "0.137582 0.137591 0.137883 0.137925 0.138008"
kernel-time-throughput: N/A
run-time-mean: 0.138214 [s]
run-time-stddev: 0.000198 [s]
run-time-median: 0.138282 [s]
run-time-min: 0.137989 [s]
run-time-samples: "0.137989 0.138018 0.138282 0.138379 0.138404"
run-time-throughput: N/A
kernel-energy-mean: 24.540100 [J]
kernel-energy-stddev: 0.015174 [J]
kernel-energy-median: 24.548035 [J]
kernel-energy-min: 24.517151 [J]
kernel-energy-max: 24.553467 [J]
kernel-energy-samples: "24.517151 24.532226 24.548035 24.549622 24.553467"
Verification: PASS
