********** Results for Matrix_mul**********
problem-size: 3072
local-size: 256
num-iters: 1
core-freq: 0
memory-freq: 0
device-name: Intel(R) Arc(TM) A770 Graphics
sycl-implementation: UNKNOWN
throughput-metric: N/A
kernel-time-mean: 0.137701 [s]
kernel-time-stddev: 0.000599 [s]
kernel-time-median: 0.137963 [s]
kernel-time-min: 0.136750 [s]
kernel-time-samples: "0.136750 0.137493 0.137963 0.138059 0.138242"
kernel-time-throughput: N/A
run-time-mean: 0.138117 [s]
run-time-stddev: 0.000609 [s]
run-time-median: 0.138422 [s]
run-time-min: 0.137160 [s]
run-time-samples: "0.137160 0.137878 0.138422 0.138460 0.138664"
run-time-throughput: N/A
kernel-energy-mean: 24.707349 [J]
kernel-energy-stddev: 0.071311 [J]
kernel-energy-median: 24.738037 [J]
kernel-energy-min: 24.584046 [J]
kernel-energy-max: 24.760925 [J]
kernel-energy-samples: "24.584046 24.710083 24.738037 24.743653 24.760925"
Verification: PASS
