********** Results for Matrix_mul**********
problem-size: 3072
local-size: 256
num-iters: 1
core-freq: 0
memory-freq: 0
device-name: Intel(R) Arc(TM) A770 Graphics
sycl-implementation: UNKNOWN
throughput-metric: N/A
kernel-time-mean: 0.137766 [s]
kernel-time-stddev: 0.000299 [s]
kernel-time-median: 0.137659 [s]
kernel-time-min: 0.137433 [s]
kernel-time-samples: "0.137433 0.137579 0.137659 0.138034 0.138124"
kernel-time-throughput: N/A
run-time-mean: 0.138153 [s]
run-time-stddev: 0.000286 [s]
run-time-median: 0.138108 [s]
run-time-min: 0.137823 [s]
run-time-samples: "0.137823 0.137943 0.138108 0.138407 0.138482"
run-time-throughput: N/A
kernel-energy-mean: 24.507080 [J]
kernel-energy-stddev: 0.071296 [J]
kernel-energy-median: 24.498779 [J]
kernel-energy-min: 24.398072 [J]
kernel-energy-max: 24.572510 [J]
kernel-energy-samples: "24.398072 24.495911 24.498779 24.570129 24.572510"
Verification: PASS
