********** Results for Matrix_mul**********
problem-size: 3072
local-size: 256
num-iters: 1
core-freq: 0
memory-freq: 0
device-name: Intel(R) Arc(TM) A770 Graphics
sycl-implementation: UNKNOWN
throughput-metric: N/A
kernel-time-mean: 0.137910 [s]
kernel-time-stddev: 0.000277 [s]
kernel-time-median: 0.137760 [s]
kernel-time-min: 0.137679 [s]
kernel-time-samples: "0.137679 0.137724 0.137760 0.138058 0.138327"
kernel-time-throughput: N/A
run-time-mean: 0.138281 [s]
run-time-stddev: 0.000261 [s]
run-time-median: 0.138120 [s]
run-time-min: 0.138087 [s]
run-time-samples: "0.138087 0.138102 0.138120 0.138420 0.138679"
run-time-throughput: N/A
kernel-energy-mean: 24.851819 [J]
kernel-energy-stddev: 0.079290 [J]
kernel-energy-median: 24.855164 [J]
kernel-energy-min: 24.731751 [J]
kernel-energy-max: 24.952392 [J]
kernel-energy-samples: "24.731751 24.844482 24.855164 24.875305 24.952392"
Verification: PASS
