********** Results for Matrix_mul**********
problem-size: 3072
local-size: 256
num-iters: 1
core-freq: 0
memory-freq: 0
device-name: Intel(R) Arc(TM) A770 Graphics
sycl-implementation: UNKNOWN
throughput-metric: N/A
kernel-time-mean: 0.137813 [s]
kernel-time-stddev: 0.000419 [s]
kernel-time-median: 0.137656 [s]
kernel-time-min: 0.137345 [s]
kernel-time-samples: "0.137345 0.137585 0.137656 0.138092 0.138386"
kernel-time-throughput: N/A
run-time-mean: 0.138247 [s]
run-time-stddev: 0.000419 [s]
run-time-median: 0.138099 [s]
run-time-min: 0.137766 [s]
run-time-samples: "0.137766 0.138035 0.138099 0.138507 0.138829"
run-time-throughput: N/A
kernel-energy-mean: 24.857971 [J]
kernel-energy-stddev: 0.053196 [J]
kernel-energy-median: 24.840638 [J]
kernel-energy-min: 24.809815 [J]
kernel-energy-max: 24.948120 [J]
kernel-energy-samples: "24.809815 24.834045 24.840638 24.857239 24.948120"
Verification: PASS
