********** Results for Matrix_mul**********
problem-size: 3072
local-size: 256
num-iters: 1
core-freq: 0
memory-freq: 0
device-name: Intel(R) Arc(TM) A770 Graphics
sycl-implementation: UNKNOWN
throughput-metric: N/A
kernel-time-mean: 0.137929 [s]
kernel-time-stddev: 0.000206 [s]
kernel-time-median: 0.137845 [s]
kernel-time-min: 0.137799 [s]
kernel-time-samples: "0.137799 0.137832 0.137845 0.137874 0.138295"
kernel-time-throughput: N/A
run-time-mean: 0.138352 [s]
run-time-stddev: 0.000218 [s]
run-time-median: 0.138248 [s]
run-time-min: 0.138221 [s]
run-time-samples: "0.138221 0.138240 0.138248 0.138315 0.138736"
run-time-throughput: N/A
kernel-energy-mean: 24.362988 [J]
kernel-energy-stddev: 0.071848 [J]
kernel-energy-median: 24.354920 [J]
kernel-energy-min: 24.281799 [J]
kernel-energy-max: 24.472717 [J]
kernel-energy-samples: "24.281799 24.323242 24.354920 24.382263 24.472717"
Verification: PASS
