********** Results for Matrix_mul**********
problem-size: 3072
local-size: 256
num-iters: 1
core-freq: 0
memory-freq: 0
device-name: Intel(R) Arc(TM) A770 Graphics
sycl-implementation: UNKNOWN
throughput-metric: N/A
kernel-time-mean: 0.137492 [s]
kernel-time-stddev: 0.000117 [s]
kernel-time-median: 0.137572 [s]
kernel-time-min: 0.137345 [s]
kernel-time-samples: "0.137345 0.137385 0.137572 0.137577 0.137581"
kernel-time-throughput: N/A
run-time-mean: 0.137934 [s]
run-time-stddev: 0.000136 [s]
run-time-median: 0.138004 [s]
run-time-min: 0.137776 [s]
run-time-samples: "0.137776 0.137801 0.138004 0.138016 0.138074"
run-time-throughput: N/A
kernel-energy-mean: 24.293249 [J]
kernel-energy-stddev: 0.037365 [J]
kernel-energy-median: 24.302795 [J]
kernel-energy-min: 24.249878 [J]
kernel-energy-max: 24.340759 [J]
kernel-energy-samples: "24.249878 24.261292 24.302795 24.311523 24.340759"
Verification: PASS
