********** Results for Matrix_mul**********
problem-size: 3072
local-size: 256
num-iters: 1
core-freq: 0
memory-freq: 0
device-name: Intel(R) Arc(TM) A770 Graphics
sycl-implementation: UNKNOWN
throughput-metric: N/A
kernel-time-mean: 0.137577 [s]
kernel-time-stddev: 0.000493 [s]
kernel-time-median: 0.137893 [s]
kernel-time-min: 0.136829 [s]
kernel-time-samples: "0.136829 0.137315 0.137893 0.137924 0.137925"
kernel-time-throughput: N/A
run-time-mean: 0.138001 [s]
run-time-stddev: 0.000511 [s]
run-time-median: 0.138324 [s]
run-time-min: 0.137225 [s]
run-time-samples: "0.137225 0.137725 0.138324 0.138351 0.138377"
run-time-throughput: N/A
kernel-energy-mean: 24.446070 [J]
kernel-energy-stddev: 0.098693 [J]
kernel-energy-median: 24.384217 [J]
kernel-energy-min: 24.358033 [J]
kernel-energy-max: 24.571899 [J]
kernel-energy-samples: "24.358033 24.383057 24.384217 24.533142 24.571899"
Verification: PASS
