********** Results for Matrix_mul**********
problem-size: 3072
local-size: 256
num-iters: 1
core-freq: 0
memory-freq: 0
device-name: Intel(R) Arc(TM) A770 Graphics
sycl-implementation: UNKNOWN
throughput-metric: N/A
kernel-time-mean: 0.137503 [s]
kernel-time-stddev: 0.000433 [s]
kernel-time-median: 0.137711 [s]
kernel-time-min: 0.136782 [s]
kernel-time-samples: "0.136782 0.137429 0.137711 0.137730 0.137865"
kernel-time-throughput: N/A
run-time-mean: 0.137886 [s]
run-time-stddev: 0.000444 [s]
run-time-median: 0.138090 [s]
run-time-min: 0.137151 [s]
run-time-samples: "0.137151 0.137798 0.138090 0.138136 0.138252"
run-time-throughput: N/A
kernel-energy-mean: 24.832996 [J]
kernel-energy-stddev: 0.072802 [J]
kernel-energy-median: 24.864380 [J]
kernel-energy-min: 24.733215 [J]
kernel-energy-max: 24.896973 [J]
kernel-energy-samples: "24.733215 24.779724 24.864380 24.890686 24.896973"
Verification: PASS
