********** Results for Matrix_mul**********
problem-size: 3072
local-size: 256
num-iters: 1
core-freq: 0
memory-freq: 0
device-name: Intel(R) Arc(TM) A770 Graphics
sycl-implementation: UNKNOWN
throughput-metric: N/A
kernel-time-mean: 0.137828 [s]
kernel-time-stddev: 0.000324 [s]
kernel-time-median: 0.137616 [s]
kernel-time-min: 0.137585 [s]
kernel-time-samples: "0.137585 0.137616 0.137616 0.138006 0.138316"
kernel-time-throughput: N/A
run-time-mean: 0.138194 [s]
run-time-stddev: 0.000343 [s]
run-time-median: 0.137980 [s]
run-time-min: 0.137946 [s]
run-time-samples: "0.137946 0.137960 0.137980 0.138363 0.138723"
run-time-throughput: N/A
kernel-energy-mean: 24.734827 [J]
kernel-energy-stddev: 0.089875 [J]
kernel-energy-median: 24.726196 [J]
kernel-energy-min: 24.605652 [J]
kernel-energy-max: 24.852173 [J]
kernel-energy-samples: "24.605652 24.717041 24.726196 24.773071 24.852173"
Verification: PASS
