********** Results for Matrix_mul**********
problem-size: 3072
local-size: 256
num-iters: 1
core-freq: 0
memory-freq: 0
device-name: Intel(R) Arc(TM) A770 Graphics
sycl-implementation: UNKNOWN
throughput-metric: N/A
kernel-time-mean: 0.137660 [s]
kernel-time-stddev: 0.000290 [s]
kernel-time-median: 0.137662 [s]
kernel-time-min: 0.137235 [s]
kernel-time-samples: "0.137235 0.137655 0.137662 0.137694 0.138054"
kernel-time-throughput: N/A
run-time-mean: 0.138077 [s]
run-time-stddev: 0.000282 [s]
run-time-median: 0.138068 [s]
run-time-min: 0.137684 [s]
run-time-samples: "0.137684 0.138063 0.138068 0.138087 0.138481"
run-time-throughput: N/A
kernel-energy-mean: 24.377820 [J]
kernel-energy-stddev: 0.095228 [J]
kernel-energy-median: 24.401733 [J]
kernel-energy-min: 24.214416 [J]
kernel-energy-max: 24.463440 [J]
kernel-energy-samples: "24.214416 24.394287 24.401733 24.415222 24.463440"
Verification: PASS
