********** Results for Matrix_mul**********
problem-size: 3072
local-size: 256
num-iters: 1
core-freq: 0
memory-freq: 0
device-name: Intel(R) Arc(TM) A770 Graphics
sycl-implementation: UNKNOWN
throughput-metric: N/A
kernel-time-mean: 0.137792 [s]
kernel-time-stddev: 0.000382 [s]
kernel-time-median: 0.137764 [s]
kernel-time-min: 0.137437 [s]
kernel-time-samples: "0.137437 0.137446 0.137764 0.137967 0.138346"
kernel-time-throughput: N/A
run-time-mean: 0.138151 [s]
run-time-stddev: 0.000372 [s]
run-time-median: 0.138108 [s]
run-time-min: 0.137795 [s]
run-time-samples: "0.137795 0.137840 0.138108 0.138311 0.138701"
run-time-throughput: N/A
kernel-energy-mean: 24.416882 [J]
kernel-energy-stddev: 0.068478 [J]
kernel-energy-median: 24.382934 [J]
kernel-energy-min: 24.365845 [J]
kernel-energy-max: 24.531066 [J]
kernel-energy-samples: "24.365845 24.374573 24.382934 24.429992 24.531066"
Verification: PASS
