********** Results for Matrix_mul**********
problem-size: 3072
local-size: 256
num-iters: 1
core-freq: 0
memory-freq: 0
device-name: Intel(R) Arc(TM) A770 Graphics
sycl-implementation: UNKNOWN
throughput-metric: N/A
kernel-time-mean: 0.137537 [s]
kernel-time-stddev: 0.000145 [s]
kernel-time-median: 0.137547 [s]
kernel-time-min: 0.137325 [s]
kernel-time-samples: "0.137325 0.137511 0.137547 0.137569 0.137732"
kernel-time-throughput: N/A
run-time-mean: 0.137911 [s]
run-time-stddev: 0.000130 [s]
run-time-median: 0.137893 [s]
run-time-min: 0.137731 [s]
run-time-samples: "0.137731 0.137877 0.137893 0.137969 0.138085"
run-time-throughput: N/A
kernel-energy-mean: 24.800903 [J]
kernel-energy-stddev: 0.124086 [J]
kernel-energy-median: 24.774475 [J]
kernel-energy-min: 24.681640 [J]
kernel-energy-max: 24.966186 [J]
kernel-energy-samples: "24.681640 24.693237 24.774475 24.888977 24.966186"
Verification: PASS
