********** Results for Matrix_mul**********
problem-size: 3072
local-size: 256
num-iters: 1
core-freq: 0
memory-freq: 0
device-name: Intel(R) Arc(TM) A770 Graphics
sycl-implementation: UNKNOWN
throughput-metric: N/A
kernel-time-mean: 0.137665 [s]
kernel-time-stddev: 0.000267 [s]
kernel-time-median: 0.137670 [s]
kernel-time-min: 0.137263 [s]
kernel-time-samples: "0.137263 0.137593 0.137670 0.137845 0.137957"
kernel-time-throughput: N/A
run-time-mean: 0.138039 [s]
run-time-stddev: 0.000270 [s]
run-time-median: 0.138110 [s]
run-time-min: 0.137620 [s]
run-time-samples: "0.137620 0.137949 0.138110 0.138201 0.138315"
run-time-throughput: N/A
kernel-energy-mean: 24.794861 [J]
kernel-energy-stddev: 0.048513 [J]
kernel-energy-median: 24.805481 [J]
kernel-energy-min: 24.714539 [J]
kernel-energy-max: 24.846131 [J]
kernel-energy-samples: "24.714539 24.799011 24.805481 24.809143 24.846131"
Verification: PASS
