********** Results for Matrix_mul**********
problem-size: 3072
local-size: 256
num-iters: 1
core-freq: 0
memory-freq: 0
device-name: Intel(R) Arc(TM) A770 Graphics
sycl-implementation: UNKNOWN
throughput-metric: N/A
kernel-time-mean: 0.137716 [s]
kernel-time-stddev: 0.000205 [s]
kernel-time-median: 0.137699 [s]
kernel-time-min: 0.137440 [s]
kernel-time-samples: "0.137440 0.137641 0.137699 0.137803 0.137997"
kernel-time-throughput: N/A
run-time-mean: 0.138164 [s]
run-time-stddev: 0.000203 [s]
run-time-median: 0.138148 [s]
run-time-min: 0.137881 [s]
run-time-samples: "0.137881 0.138115 0.138148 0.138232 0.138442"
run-time-throughput: N/A
kernel-energy-mean: 24.511939 [J]
kernel-energy-stddev: 0.066137 [J]
kernel-energy-median: 24.526550 [J]
kernel-energy-min: 24.397339 [J]
kernel-energy-max: 24.559998 [J]
kernel-energy-samples: "24.397339 24.522217 24.526550 24.553589 24.559998"
Verification: PASS
