********** Results for Matrix_mul**********
problem-size: 3072
local-size: 256
num-iters: 1
core-freq: 0
memory-freq: 0
device-name: Intel(R) Arc(TM) A770 Graphics
sycl-implementation: UNKNOWN
throughput-metric: N/A
kernel-time-mean: 0.137690 [s]
kernel-time-stddev: 0.000196 [s]
kernel-time-median: 0.137738 [s]
kernel-time-min: 0.137366 [s]
kernel-time-samples: "0.137366 0.137668 0.137738 0.137815 0.137865"
kernel-time-throughput: N/A
run-time-mean: 0.138064 [s]
run-time-stddev: 0.000199 [s]
run-time-median: 0.138147 [s]
run-time-min: 0.137735 [s]
run-time-samples: "0.137735 0.138027 0.138147 0.138179 0.138233"
run-time-throughput: N/A
kernel-energy-mean: 24.834912 [J]
kernel-energy-stddev: 0.076307 [J]
kernel-energy-median: 24.883057 [J]
kernel-energy-min: 24.736206 [J]
kernel-energy-max: 24.902343 [J]
kernel-energy-samples: "24.736206 24.769288 24.883057 24.883667 24.902343"
Verification: PASS
