********** Results for Matrix_mul**********
problem-size: 3072
local-size: 256
num-iters: 1
core-freq: 0
memory-freq: 0
device-name: Intel(R) Arc(TM) A770 Graphics
sycl-implementation: UNKNOWN
throughput-metric: N/A
kernel-time-mean: 0.137635 [s]
kernel-time-stddev: 0.000236 [s]
kernel-time-median: 0.137584 [s]
kernel-time-min: 0.137385 [s]
kernel-time-samples: "0.137385 0.137505 0.137584 0.137700 0.138003"
kernel-time-throughput: N/A
run-time-mean: 0.138068 [s]
run-time-stddev: 0.000258 [s]
run-time-median: 0.138010 [s]
run-time-min: 0.137794 [s]
run-time-samples: "0.137794 0.137909 0.138010 0.138169 0.138458"
run-time-throughput: N/A
kernel-energy-mean: 24.720435 [J]
kernel-energy-stddev: 0.058229 [J]
kernel-energy-median: 24.742126 [J]
kernel-energy-min: 24.627014 [J]
kernel-energy-max: 24.776734 [J]
kernel-energy-samples: "24.627014 24.704956 24.742126 24.751343 24.776734"
Verification: PASS
