********** Results for Matrix_mul**********
problem-size: 3072
local-size: 256
num-iters: 1
core-freq: 0
memory-freq: 0
device-name: Intel(R) Arc(TM) A770 Graphics
sycl-implementation: UNKNOWN
throughput-metric: N/A
kernel-time-mean: 0.137772 [s]
kernel-time-stddev: 0.000220 [s]
kernel-time-median: 0.137745 [s]
kernel-time-min: 0.137486 [s]
kernel-time-samples: "0.137486 0.137692 0.137745 0.137853 0.138085"
kernel-time-throughput: N/A
run-time-mean: 0.138138 [s]
run-time-stddev: 0.000214 [s]
run-time-median: 0.138103 [s]
run-time-min: 0.137847 [s]
run-time-samples: "0.137847 0.138097 0.138103 0.138202 0.138439"
run-time-throughput: N/A
kernel-energy-mean: 24.669043 [J]
kernel-energy-stddev: 0.068711 [J]
kernel-energy-median: 24.679688 [J]
kernel-energy-min: 24.559326 [J]
kernel-energy-max: 24.747315 [J]
kernel-energy-samples: "24.559326 24.665466 24.679688 24.693421 24.747315"
Verification: PASS
