********** Results for Matrix_mul**********
problem-size: 3072
local-size: 256
num-iters: 1
core-freq: 0
memory-freq: 0
device-name: Intel(R) Arc(TM) A770 Graphics
sycl-implementation: UNKNOWN
throughput-metric: N/A
kernel-time-mean: 0.137683 [s]
kernel-time-stddev: 0.000201 [s]
kernel-time-median: 0.137684 [s]
kernel-time-min: 0.137456 [s]
kernel-time-samples: "0.137456 0.137510 0.137684 0.137866 0.137899"
kernel-time-throughput: N/A
run-time-mean: 0.138062 [s]
run-time-stddev: 0.000198 [s]
run-time-median: 0.138047 [s]
run-time-min: 0.137863 [s]
run-time-samples: "0.137863 0.137879 0.138047 0.138215 0.138305"
run-time-throughput: N/A
kernel-energy-mean: 24.818079 [J]
kernel-energy-stddev: 0.098718 [J]
kernel-energy-median: 24.841614 [J]
kernel-energy-min: 24.649476 [J]
kernel-energy-max: 24.890930 [J]
kernel-energy-samples: "24.649476 24.821900 24.841614 24.886474 24.890930"
Verification: PASS
