********** Results for Matrix_mul**********
problem-size: 3072
local-size: 256
num-iters: 1
core-freq: 0
memory-freq: 0
device-name: Intel(R) Arc(TM) A770 Graphics
sycl-implementation: UNKNOWN
throughput-metric: N/A
kernel-time-mean: 0.137698 [s]
kernel-time-stddev: 0.000086 [s]
kernel-time-median: 0.137676 [s]
kernel-time-min: 0.137606 [s]
kernel-time-samples: "0.137606 0.137631 0.137676 0.137780 0.137796"
kernel-time-throughput: N/A
run-time-mean: 0.138058 [s]
run-time-stddev: 0.000106 [s]
run-time-median: 0.138019 [s]
run-time-min: 0.137955 [s]
run-time-samples: "0.137955 0.137979 0.138019 0.138138 0.138199"
run-time-throughput: N/A
kernel-energy-mean: 24.745227 [J]
kernel-energy-stddev: 0.080114 [J]
kernel-energy-median: 24.767090 [J]
kernel-energy-min: 24.617310 [J]
kernel-energy-max: 24.822876 [J]
kernel-energy-samples: "24.617310 24.724793 24.767090 24.794068 24.822876"
Verification: PASS
