********** Results for Matrix_mul**********
problem-size: 3072
local-size: 256
num-iters: 1
core-freq: 0
memory-freq: 0
device-name: Intel(R) Arc(TM) A770 Graphics
sycl-implementation: UNKNOWN
throughput-metric: N/A
kernel-time-mean: 0.137753 [s]
kernel-time-stddev: 0.000224 [s]
kernel-time-median: 0.137824 [s]
kernel-time-min: 0.137404 [s]
kernel-time-samples: "0.137404 0.137673 0.137824 0.137891 0.137971"
kernel-time-throughput: N/A
run-time-mean: 0.138136 [s]
run-time-stddev: 0.000235 [s]
run-time-median: 0.138188 [s]
run-time-min: 0.137789 [s]
run-time-samples: "0.137789 0.138023 0.138188 0.138341 0.138342"
run-time-throughput: N/A
kernel-energy-mean: 24.892920 [J]
kernel-energy-stddev: 0.042085 [J]
kernel-energy-median: 24.915039 [J]
kernel-energy-min: 24.825501 [J]
kernel-energy-max: 24.924194 [J]
kernel-energy-samples: "24.825501 24.877869 24.915039 24.921997 24.924194"
Verification: PASS
