********** Results for Matrix_mul**********
problem-size: 3072
local-size: 256
num-iters: 1
core-freq: 0
memory-freq: 0
device-name: Intel(R) Arc(TM) A770 Graphics
sycl-implementation: UNKNOWN
throughput-metric: N/A
kernel-time-mean: 0.137763 [s]
kernel-time-stddev: 0.000248 [s]
kernel-time-median: 0.137788 [s]
kernel-time-min: 0.137416 [s]
kernel-time-samples: "0.137416 0.137698 0.137788 0.137805 0.138107"
kernel-time-throughput: N/A
run-time-mean: 0.138131 [s]
run-time-stddev: 0.000261 [s]
run-time-median: 0.138140 [s]
run-time-min: 0.137788 [s]
run-time-samples: "0.137788 0.138047 0.138140 0.138165 0.138514"
run-time-throughput: N/A
kernel-energy-mean: 24.846399 [J]
kernel-energy-stddev: 0.046636 [J]
kernel-energy-median: 24.847718 [J]
kernel-energy-min: 24.795776 [J]
kernel-energy-max: 24.909729 [J]
kernel-energy-samples: "24.795776 24.807556 24.847718 24.871215 24.909729"
Verification: PASS
