********** Results for Matrix_mul**********
problem-size: 3072
local-size: 256
num-iters: 1
core-freq: 0
memory-freq: 0
device-name: Intel(R) Arc(TM) A770 Graphics
sycl-implementation: UNKNOWN
throughput-metric: N/A
kernel-time-mean: 0.137712 [s]
kernel-time-stddev: 0.000369 [s]
kernel-time-median: 0.137877 [s]
kernel-time-min: 0.137185 [s]
kernel-time-samples: "0.137185 0.137480 0.137877 0.137934 0.138083"
kernel-time-throughput: N/A
run-time-mean: 0.138146 [s]
run-time-stddev: 0.000344 [s]
run-time-median: 0.138304 [s]
run-time-min: 0.137628 [s]
run-time-samples: "0.137628 0.137981 0.138304 0.138327 0.138491"
run-time-throughput: N/A
kernel-energy-mean: 24.344104 [J]
kernel-energy-stddev: 0.070763 [J]
kernel-energy-median: 24.376465 [J]
kernel-energy-min: 24.239502 [J]
kernel-energy-max: 24.406616 [J]
kernel-energy-samples: "24.239502 24.303772 24.376465 24.394165 24.406616"
Verification: PASS
