********** Results for Matrix_mul**********
problem-size: 3072
local-size: 256
num-iters: 1
core-freq: 0
memory-freq: 0
device-name: Intel(R) Arc(TM) A770 Graphics
sycl-implementation: UNKNOWN
throughput-metric: N/A
kernel-time-mean: 0.137694 [s]
kernel-time-stddev: 0.000307 [s]
kernel-time-median: 0.137585 [s]
kernel-time-min: 0.137387 [s]
kernel-time-samples: "0.137387 0.137466 0.137585 0.137929 0.138100"
kernel-time-throughput: N/A
run-time-mean: 0.138075 [s]
run-time-stddev: 0.000294 [s]
run-time-median: 0.137958 [s]
run-time-min: 0.137762 [s]
run-time-samples: "0.137762 0.137887 0.137958 0.138320 0.138449"
run-time-throughput: N/A
kernel-energy-mean: 24.747973 [J]
kernel-energy-stddev: 0.103441 [J]
kernel-energy-median: 24.764038 [J]
kernel-energy-min: 24.631713 [J]
kernel-energy-max: 24.894653 [J]
kernel-energy-samples: "24.631713 24.668030 24.764038 24.781433 24.894653"
Verification: PASS
