********** Results for Matrix_mul**********
problem-size: 3072
local-size: 256
num-iters: 1
core-freq: 0
memory-freq: 0
device-name: Intel(R) Arc(TM) A770 Graphics
sycl-implementation: UNKNOWN
throughput-metric: N/A
kernel-time-mean: 0.137732 [s]
kernel-time-stddev: 0.000214 [s]
kernel-time-median: 0.137663 [s]
kernel-time-min: 0.137529 [s]
kernel-time-samples: "0.137529 0.137645 0.137663 0.137730 0.138092"
kernel-time-throughput: N/A
run-time-mean: 0.138153 [s]
run-time-stddev: 0.000208 [s]
run-time-median: 0.138121 [s]
run-time-min: 0.137966 [s]
run-time-samples: "0.137966 0.138048 0.138121 0.138124 0.138508"
run-time-throughput: N/A
kernel-energy-mean: 24.303747 [J]
kernel-energy-stddev: 0.057378 [J]
kernel-energy-median: 24.286072 [J]
kernel-energy-min: 24.251709 [J]
kernel-energy-max: 24.401916 [J]
kernel-energy-samples: "24.251709 24.282226 24.286072 24.296814 24.401916"
Verification: PASS
