********** Results for Matrix_mul**********
problem-size: 3072
local-size: 256
num-iters: 1
core-freq: 0
memory-freq: 0
device-name: Intel(R) Arc(TM) A770 Graphics
sycl-implementation: UNKNOWN
throughput-metric: N/A
kernel-time-mean: 0.137658 [s]
kernel-time-stddev: 0.000122 [s]
kernel-time-median: 0.137587 [s]
kernel-time-min: 0.137572 [s]
kernel-time-samples: "0.137572 0.137580 0.137587 0.137691 0.137858"
kernel-time-throughput: N/A
run-time-mean: 0.138020 [s]
run-time-stddev: 0.000110 [s]
run-time-median: 0.137977 [s]
run-time-min: 0.137931 [s]
run-time-samples: "0.137931 0.137939 0.137977 0.138058 0.138194"
run-time-throughput: N/A
kernel-energy-mean: 24.745081 [J]
kernel-energy-stddev: 0.052482 [J]
kernel-energy-median: 24.741699 [J]
kernel-energy-min: 24.679322 [J]
kernel-energy-max: 24.803223 [J]
kernel-energy-samples: "24.679322 24.710327 24.741699 24.790833 24.803223"
Verification: PASS
