********** Results for Matrix_mul**********
problem-size: 3072
local-size: 256
num-iters: 1
core-freq: 0
memory-freq: 0
device-name: Intel(R) Arc(TM) A770 Graphics
sycl-implementation: UNKNOWN
throughput-metric: N/A
kernel-time-mean: 0.137627 [s]
kernel-time-stddev: 0.000337 [s]
kernel-time-median: 0.137492 [s]
kernel-time-min: 0.137297 [s]
kernel-time-samples: "0.137297 0.137391 0.137492 0.137867 0.138089"
kernel-time-throughput: N/A
run-time-mean: 0.138053 [s]
run-time-stddev: 0.000361 [s]
run-time-median: 0.137878 [s]
run-time-min: 0.137730 [s]
run-time-samples: "0.137730 0.137811 0.137878 0.138254 0.138590"
run-time-throughput: N/A
kernel-energy-mean: 24.803736 [J]
kernel-energy-stddev: 0.030014 [J]
kernel-energy-median: 24.805237 [J]
kernel-energy-min: 24.770264 [J]
kernel-energy-max: 24.845154 [J]
kernel-energy-samples: "24.770264 24.780030 24.805237 24.817993 24.845154"
Verification: PASS
