********** Results for Matrix_mul**********
problem-size: 3072
local-size: 256
num-iters: 1
core-freq: 0
memory-freq: 0
device-name: Intel(R) Arc(TM) A770 Graphics
sycl-implementation: UNKNOWN
throughput-metric: N/A
kernel-time-mean: 0.137906 [s]
kernel-time-stddev: 0.000372 [s]
kernel-time-median: 0.137886 [s]
kernel-time-min: 0.137425 [s]
kernel-time-samples: "0.137425 0.137674 0.137886 0.138260 0.138283"
kernel-time-throughput: N/A
run-time-mean: 0.138276 [s]
run-time-stddev: 0.000364 [s]
run-time-median: 0.138240 [s]
run-time-min: 0.137790 [s]
run-time-samples: "0.137790 0.138082 0.138240 0.138618 0.138648"
run-time-throughput: N/A
kernel-energy-mean: 24.784888 [J]
kernel-energy-stddev: 0.105728 [J]
kernel-energy-median: 24.784241 [J]
kernel-energy-min: 24.666870 [J]
kernel-energy-max: 24.937378 [J]
kernel-energy-samples: "24.666870 24.708985 24.784241 24.826966 24.937378"
Verification: PASS
