********** Results for Matrix_mul**********
problem-size: 3072
local-size: 256
num-iters: 1
core-freq: 0
memory-freq: 0
device-name: Intel(R) Arc(TM) A770 Graphics
sycl-implementation: UNKNOWN
throughput-metric: N/A
kernel-time-mean: 0.137885 [s]
kernel-time-stddev: 0.000508 [s]
kernel-time-median: 0.138131 [s]
kernel-time-min: 0.137103 [s]
kernel-time-samples: "0.137103 0.137663 0.138131 0.138154 0.138374"
kernel-time-throughput: N/A
run-time-mean: 0.138260 [s]
run-time-stddev: 0.000511 [s]
run-time-median: 0.138503 [s]
run-time-min: 0.137450 [s]
run-time-samples: "0.137450 0.138078 0.138503 0.138542 0.138729"
run-time-throughput: N/A
kernel-energy-mean: 24.788941 [J]
kernel-energy-stddev: 0.106891 [J]
kernel-energy-median: 24.805054 [J]
kernel-energy-min: 24.628418 [J]
kernel-energy-max: 24.923889 [J]
kernel-energy-samples: "24.628418 24.767029 24.805054 24.820313 24.923889"
Verification: PASS
