********** Results for Matrix_mul**********
problem-size: 3072
local-size: 256
num-iters: 1
core-freq: 0
memory-freq: 0
device-name: Intel(R) Arc(TM) A770 Graphics
sycl-implementation: UNKNOWN
throughput-metric: N/A
kernel-time-mean: 0.137607 [s]
kernel-time-stddev: 0.000238 [s]
kernel-time-median: 0.137600 [s]
kernel-time-min: 0.137301 [s]
kernel-time-samples: "0.137301 0.137453 0.137600 0.137820 0.137860"
kernel-time-throughput: N/A
run-time-mean: 0.138035 [s]
run-time-stddev: 0.000264 [s]
run-time-median: 0.138008 [s]
run-time-min: 0.137718 [s]
run-time-samples: "0.137718 0.137849 0.138008 0.138254 0.138344"
run-time-throughput: N/A
kernel-energy-mean: 24.578137 [J]
kernel-energy-stddev: 0.017328 [J]
kernel-energy-median: 24.575562 [J]
kernel-energy-min: 24.554138 [J]
kernel-energy-max: 24.601196 [J]
kernel-energy-samples: "24.554138 24.573548 24.575562 24.586243 24.601196"
Verification: PASS
