********** Results for Matrix_mul**********
problem-size: 3072
local-size: 256
num-iters: 1
core-freq: 0
memory-freq: 0
device-name: Intel(R) Arc(TM) A770 Graphics
sycl-implementation: UNKNOWN
throughput-metric: N/A
kernel-time-mean: 0.137620 [s]
kernel-time-stddev: 0.000364 [s]
kernel-time-median: 0.137824 [s]
kernel-time-min: 0.137164 [s]
kernel-time-samples: "0.137164 0.137298 0.137824 0.137828 0.137987"
kernel-time-throughput: N/A
run-time-mean: 0.138039 [s]
run-time-stddev: 0.000342 [s]
run-time-median: 0.138226 [s]
run-time-min: 0.137615 [s]
run-time-samples: "0.137615 0.137733 0.138226 0.138234 0.138389"
run-time-throughput: N/A
kernel-energy-mean: 24.368530 [J]
kernel-energy-stddev: 0.074323 [J]
kernel-energy-median: 24.398499 [J]
kernel-energy-min: 24.255981 [J]
kernel-energy-max: 24.429382 [J]
kernel-energy-samples: "24.255981 24.331482 24.398499 24.427307 24.429382"
Verification: PASS
