********** Results for Matrix_mul**********
problem-size: 3072
local-size: 256
num-iters: 1
core-freq: 0
memory-freq: 0
device-name: Intel(R) Arc(TM) A770 Graphics
sycl-implementation: UNKNOWN
throughput-metric: N/A
kernel-time-mean: 0.137783 [s]
kernel-time-stddev: 0.000399 [s]
kernel-time-median: 0.137611 [s]
kernel-time-min: 0.137381 [s]
kernel-time-samples: "0.137381 0.137604 0.137611 0.137908 0.138414"
kernel-time-throughput: N/A
run-time-mean: 0.138159 [s]
run-time-stddev: 0.000392 [s]
run-time-median: 0.138027 [s]
run-time-min: 0.137735 [s]
run-time-samples: "0.137735 0.137986 0.138027 0.138275 0.138771"
run-time-throughput: N/A
kernel-energy-mean: 24.568994 [J]
kernel-energy-stddev: 0.094098 [J]
kernel-energy-median: 24.624389 [J]
kernel-energy-min: 24.422973 [J]
kernel-energy-max: 24.645569 [J]
kernel-energy-samples: "24.422973 24.525696 24.624389 24.626343 24.645569"
Verification: PASS
