********** Results for Matrix_mul**********
problem-size: 3072
local-size: 256
num-iters: 1
core-freq: 0
memory-freq: 0
device-name: Intel(R) Arc(TM) A770 Graphics
sycl-implementation: UNKNOWN
throughput-metric: N/A
kernel-time-mean: 0.137774 [s]
kernel-time-stddev: 0.000248 [s]
kernel-time-median: 0.137727 [s]
kernel-time-min: 0.137511 [s]
kernel-time-samples: "0.137511 0.137572 0.137727 0.138010 0.138053"
kernel-time-throughput: N/A
run-time-mean: 0.138145 [s]
run-time-stddev: 0.000237 [s]
run-time-median: 0.138125 [s]
run-time-min: 0.137857 [s]
run-time-samples: "0.137857 0.137977 0.138125 0.138366 0.138399"
run-time-throughput: N/A
kernel-energy-mean: 24.886755 [J]
kernel-energy-stddev: 0.032415 [J]
kernel-energy-median: 24.887024 [J]
kernel-energy-min: 24.839966 [J]
kernel-energy-max: 24.920166 [J]
kernel-energy-samples: "24.839966 24.873169 24.887024 24.913452 24.920166"
Verification: PASS
