********** Results for Matrix_mul**********
problem-size: 3072
local-size: 256
num-iters: 1
core-freq: 0
memory-freq: 0
device-name: Intel(R) Arc(TM) A770 Graphics
sycl-implementation: UNKNOWN
throughput-metric: N/A
kernel-time-mean: 0.137595 [s]
kernel-time-stddev: 0.000289 [s]
kernel-time-median: 0.137635 [s]
kernel-time-min: 0.137246 [s]
kernel-time-samples: "0.137246 0.137404 0.137635 0.137690 0.138000"
kernel-time-throughput: N/A
run-time-mean: 0.137968 [s]
run-time-stddev: 0.000289 [s]
run-time-median: 0.138034 [s]
run-time-min: 0.137604 [s]
run-time-samples: "0.137604 0.137768 0.138034 0.138090 0.138345"
run-time-throughput: N/A
kernel-energy-mean: 24.760705 [J]
kernel-energy-stddev: 0.035175 [J]
kernel-energy-median: 24.755127 [J]
kernel-energy-min: 24.729126 [J]
kernel-energy-max: 24.814880 [J]
kernel-energy-samples: "24.729126 24.731689 24.755127 24.772705 24.814880"
Verification: PASS
