********** Results for Matrix_mul**********
problem-size: 3072
local-size: 256
num-iters: 1
core-freq: 0
memory-freq: 0
device-name: Intel(R) Arc(TM) A770 Graphics
sycl-implementation: UNKNOWN
throughput-metric: N/A
kernel-time-mean: 0.137986 [s]
kernel-time-stddev: 0.000380 [s]
kernel-time-median: 0.137877 [s]
kernel-time-min: 0.137464 [s]
kernel-time-samples: "0.137464 0.137872 0.137877 0.138311 0.138404"
kernel-time-throughput: N/A
run-time-mean: 0.138362 [s]
run-time-stddev: 0.000387 [s]
run-time-median: 0.138241 [s]
run-time-min: 0.137838 [s]
run-time-samples: "0.137838 0.138239 0.138241 0.138730 0.138761"
run-time-throughput: N/A
kernel-energy-mean: 24.938074 [J]
kernel-energy-stddev: 0.094102 [J]
kernel-energy-median: 24.913574 [J]
kernel-energy-min: 24.821228 [J]
kernel-energy-max: 25.073608 [J]
kernel-energy-samples: "24.821228 24.903686 24.913574 24.978272 25.073608"
Verification: PASS
