********** Results for Matrix_mul**********
problem-size: 3072
local-size: 256
num-iters: 1
core-freq: 0
memory-freq: 0
device-name: Intel(R) Arc(TM) A770 Graphics
sycl-implementation: UNKNOWN
throughput-metric: N/A
kernel-time-mean: 0.137661 [s]
kernel-time-stddev: 0.000273 [s]
kernel-time-median: 0.137556 [s]
kernel-time-min: 0.137421 [s]
kernel-time-samples: "0.137421 0.137428 0.137556 0.137890 0.138010"
kernel-time-throughput: N/A
run-time-mean: 0.138031 [s]
run-time-stddev: 0.000273 [s]
run-time-median: 0.137920 [s]
run-time-min: 0.137790 [s]
run-time-samples: "0.137790 0.137808 0.137920 0.138241 0.138397"
run-time-throughput: N/A
kernel-energy-mean: 24.775622 [J]
kernel-energy-stddev: 0.063366 [J]
kernel-energy-median: 24.783325 [J]
kernel-energy-min: 24.675720 [J]
kernel-energy-max: 24.851624 [J]
kernel-energy-samples: "24.675720 24.776184 24.783325 24.791259 24.851624"
Verification: PASS
