********** Results for Matrix_mul**********
problem-size: 3072
local-size: 256
num-iters: 1
core-freq: 0
memory-freq: 0
device-name: Intel(R) Arc(TM) A770 Graphics
sycl-implementation: UNKNOWN
throughput-metric: N/A
kernel-time-mean: 0.137703 [s]
kernel-time-stddev: 0.000026 [s]
kernel-time-median: 0.137695 [s]
kernel-time-min: 0.137674 [s]
kernel-time-samples: "0.137674 0.137693 0.137695 0.137710 0.137742"
kernel-time-throughput: N/A
run-time-mean: 0.138125 [s]
run-time-stddev: 0.000016 [s]
run-time-median: 0.138124 [s]
run-time-min: 0.138110 [s]
run-time-samples: "0.138110 0.138116 0.138124 0.138125 0.138152"
run-time-throughput: N/A
kernel-energy-mean: 24.316943 [J]
kernel-energy-stddev: 0.028482 [J]
kernel-energy-median: 24.323974 [J]
kernel-energy-min: 24.281738 [J]
kernel-energy-max: 24.345825 [J]
kernel-energy-samples: "24.281738 24.292908 24.323974 24.340271 24.345825"
Verification: PASS
