********** Results for Matrix_mul**********
problem-size: 3072
local-size: 256
num-iters: 1
core-freq: 0
memory-freq: 0
device-name: Intel(R) Arc(TM) A770 Graphics
sycl-implementation: UNKNOWN
throughput-metric: N/A
kernel-time-mean: 0.137893 [s]
kernel-time-stddev: 0.000389 [s]
kernel-time-median: 0.137919 [s]
kernel-time-min: 0.137365 [s]
kernel-time-samples: "0.137365 0.137660 0.137919 0.138247 0.138276"
kernel-time-throughput: N/A
run-time-mean: 0.138255 [s]
run-time-stddev: 0.000392 [s]
run-time-median: 0.138310 [s]
run-time-min: 0.137717 [s]
run-time-samples: "0.137717 0.138013 0.138310 0.138604 0.138632"
run-time-throughput: N/A
kernel-energy-mean: 24.406396 [J]
kernel-energy-stddev: 0.033559 [J]
kernel-energy-median: 24.412964 [J]
kernel-energy-min: 24.372192 [J]
kernel-energy-max: 24.452698 [J]
kernel-energy-samples: "24.372192 24.375000 24.412964 24.419128 24.452698"
Verification: PASS
