********** Results for Matrix_mul**********
problem-size: 3072
local-size: 256
num-iters: 1
core-freq: 0
memory-freq: 0
device-name: Intel(R) Arc(TM) A770 Graphics
sycl-implementation: UNKNOWN
throughput-metric: N/A
kernel-time-mean: 0.137887 [s]
kernel-time-stddev: 0.000168 [s]
kernel-time-median: 0.137960 [s]
kernel-time-min: 0.137663 [s]
kernel-time-samples: "0.137663 0.137757 0.137960 0.137991 0.138061"
kernel-time-throughput: N/A
run-time-mean: 0.138301 [s]
run-time-stddev: 0.000182 [s]
run-time-median: 0.138383 [s]
run-time-min: 0.138063 [s]
run-time-samples: "0.138063 0.138151 0.138383 0.138445 0.138461"
run-time-throughput: N/A
kernel-energy-mean: 24.450989 [J]
kernel-energy-stddev: 0.072193 [J]
kernel-energy-median: 24.428345 [J]
kernel-energy-min: 24.382263 [J]
kernel-energy-max: 24.569702 [J]
kernel-energy-samples: "24.382263 24.413391 24.428345 24.461243 24.569702"
Verification: PASS
