********** Results for Matrix_mul**********
problem-size: 3072
local-size: 256
num-iters: 1
core-freq: 0
memory-freq: 0
device-name: Intel(R) Arc(TM) A770 Graphics
sycl-implementation: UNKNOWN
throughput-metric: N/A
kernel-time-mean: 0.137553 [s]
kernel-time-stddev: 0.000265 [s]
kernel-time-median: 0.137511 [s]
kernel-time-min: 0.137162 [s]
kernel-time-samples: "0.137162 0.137503 0.137511 0.137733 0.137854"
kernel-time-throughput: N/A
run-time-mean: 0.137973 [s]
run-time-stddev: 0.000277 [s]
run-time-median: 0.137959 [s]
run-time-min: 0.137561 [s]
run-time-samples: "0.137561 0.137914 0.137959 0.138129 0.138303"
run-time-throughput: N/A
kernel-energy-mean: 24.472436 [J]
kernel-energy-stddev: 0.040847 [J]
kernel-energy-median: 24.455749 [J]
kernel-energy-min: 24.424317 [J]
kernel-energy-max: 24.523865 [J]
kernel-energy-samples: "24.424317 24.453186 24.455749 24.505065 24.523865"
Verification: PASS
