********** Results for Matrix_mul**********
problem-size: 3072
local-size: 256
num-iters: 1
core-freq: 0
memory-freq: 0
device-name: Intel(R) Arc(TM) A770 Graphics
sycl-implementation: UNKNOWN
throughput-metric: N/A
kernel-time-mean: 0.137861 [s]
kernel-time-stddev: 0.000178 [s]
kernel-time-median: 0.137830 [s]
kernel-time-min: 0.137664 [s]
kernel-time-samples: "0.137664 0.137737 0.137830 0.137965 0.138108"
kernel-time-throughput: N/A
run-time-mean: 0.138234 [s]
run-time-stddev: 0.000190 [s]
run-time-median: 0.138189 [s]
run-time-min: 0.138016 [s]
run-time-samples: "0.138016 0.138131 0.138189 0.138321 0.138512"
run-time-throughput: N/A
kernel-energy-mean: 24.847802 [J]
kernel-energy-stddev: 0.054016 [J]
kernel-energy-median: 24.865539 [J]
kernel-energy-min: 24.756775 [J]
kernel-energy-max: 24.896484 [J]
kernel-energy-samples: "24.756775 24.846008 24.865539 24.874206 24.896484"
Verification: PASS
