********** Results for Matrix_mul**********
problem-size: 3072
local-size: 256
num-iters: 1
core-freq: 0
memory-freq: 0
device-name: Intel(R) Arc(TM) A770 Graphics
sycl-implementation: UNKNOWN
throughput-metric: N/A
kernel-time-mean: 0.137919 [s]
kernel-time-stddev: 0.000537 [s]
kernel-time-median: 0.138027 [s]
kernel-time-min: 0.137140 [s]
kernel-time-samples: "0.137140 0.137639 0.138027 0.138339 0.138449"
kernel-time-throughput: N/A
run-time-mean: 0.138285 [s]
run-time-stddev: 0.000553 [s]
run-time-median: 0.138383 [s]
run-time-min: 0.137493 [s]
run-time-samples: "0.137493 0.137984 0.138383 0.138747 0.138816"
run-time-throughput: N/A
kernel-energy-mean: 24.473450 [J]
kernel-energy-stddev: 0.100760 [J]
kernel-energy-median: 24.520569 [J]
kernel-energy-min: 24.335937 [J]
kernel-energy-max: 24.556702 [J]
kernel-energy-samples: "24.335937 24.397889 24.520569 24.556152 24.556702"
Verification: PASS
