********** Results for Matrix_mul**********
problem-size: 3072
local-size: 256
num-iters: 1
core-freq: 0
memory-freq: 0
device-name: Intel(R) Arc(TM) A770 Graphics
sycl-implementation: UNKNOWN
throughput-metric: N/A
kernel-time-mean: 0.137754 [s]
kernel-time-stddev: 0.000549 [s]
kernel-time-median: 0.137668 [s]
kernel-time-min: 0.136982 [s]
kernel-time-samples: "0.136982 0.137637 0.137668 0.138003 0.138479"
kernel-time-throughput: N/A
run-time-mean: 0.138186 [s]
run-time-stddev: 0.000555 [s]
run-time-median: 0.138158 [s]
run-time-min: 0.137390 [s]
run-time-samples: "0.137390 0.138017 0.138158 0.138488 0.138876"
run-time-throughput: N/A
kernel-energy-mean: 24.770728 [J]
kernel-energy-stddev: 0.098175 [J]
kernel-energy-median: 24.802918 [J]
kernel-energy-min: 24.600281 [J]
kernel-energy-max: 24.848816 [J]
kernel-energy-samples: "24.600281 24.784118 24.802918 24.817505 24.848816"
Verification: PASS
