********** Results for Matrix_mul**********
problem-size: 3072
local-size: 256
num-iters: 1
core-freq: 0
memory-freq: 0
device-name: Intel(R) Arc(TM) A770 Graphics
sycl-implementation: UNKNOWN
throughput-metric: N/A
kernel-time-mean: 0.137893 [s]
kernel-time-stddev: 0.000387 [s]
kernel-time-median: 0.137793 [s]
kernel-time-min: 0.137498 [s]
kernel-time-samples: "0.137498 0.137670 0.137793 0.138004 0.138502"
kernel-time-throughput: N/A
run-time-mean: 0.138272 [s]
run-time-stddev: 0.000370 [s]
run-time-median: 0.138205 [s]
run-time-min: 0.137876 [s]
run-time-samples: "0.137876 0.138070 0.138205 0.138357 0.138854"
run-time-throughput: N/A
kernel-energy-mean: 24.760877 [J]
kernel-energy-stddev: 0.069603 [J]
kernel-energy-median: 24.729004 [J]
kernel-energy-min: 24.710693 [J]
kernel-energy-max: 24.881836 [J]
kernel-energy-samples: "24.710693 24.726319 24.729004 24.756531 24.881836"
Verification: PASS
