********** Results for Matrix_mul**********
problem-size: 3072
local-size: 256
num-iters: 1
core-freq: 0
memory-freq: 0
device-name: Intel(R) Arc(TM) A770 Graphics
sycl-implementation: UNKNOWN
throughput-metric: N/A
kernel-time-mean: 0.137899 [s]
kernel-time-stddev: 0.000253 [s]
kernel-time-median: 0.137936 [s]
kernel-time-min: 0.137649 [s]
kernel-time-samples: "0.137649 0.137650 0.137936 0.138022 0.138237"
kernel-time-throughput: N/A
run-time-mean: 0.138270 [s]
run-time-stddev: 0.000271 [s]
run-time-median: 0.138342 [s]
run-time-min: 0.137999 [s]
run-time-samples: "0.137999 0.138003 0.138342 0.138372 0.138635"
run-time-throughput: N/A
kernel-energy-mean: 24.641834 [J]
kernel-energy-stddev: 0.089085 [J]
kernel-energy-median: 24.639771 [J]
kernel-energy-min: 24.499146 [J]
kernel-energy-max: 24.718934 [J]
kernel-energy-samples: "24.499146 24.635986 24.639771 24.715332 24.718934"
Verification: PASS
