********** Results for Matrix_mul**********
problem-size: 3072
local-size: 256
num-iters: 1
core-freq: 0
memory-freq: 0
device-name: Intel(R) Arc(TM) A770 Graphics
sycl-implementation: UNKNOWN
throughput-metric: N/A
kernel-time-mean: 0.137863 [s]
kernel-time-stddev: 0.000258 [s]
kernel-time-median: 0.137878 [s]
kernel-time-min: 0.137462 [s]
kernel-time-samples: "0.137462 0.137807 0.137878 0.138046 0.138123"
kernel-time-throughput: N/A
run-time-mean: 0.138229 [s]
run-time-stddev: 0.000255 [s]
run-time-median: 0.138283 [s]
run-time-min: 0.137830 [s]
run-time-samples: "0.137830 0.138150 0.138283 0.138414 0.138469"
run-time-throughput: N/A
kernel-energy-mean: 24.797522 [J]
kernel-energy-stddev: 0.012562 [J]
kernel-energy-median: 24.797851 [J]
kernel-energy-min: 24.783997 [J]
kernel-energy-max: 24.817383 [J]
kernel-energy-samples: "24.783997 24.790222 24.797851 24.798157 24.817383"
Verification: PASS
