********** Results for Matrix_mul**********
problem-size: 3072
local-size: 256
num-iters: 1
core-freq: 0
memory-freq: 0
device-name: Intel(R) Arc(TM) A770 Graphics
sycl-implementation: UNKNOWN
throughput-metric: N/A
kernel-time-mean: 0.137489 [s]
kernel-time-stddev: 0.000457 [s]
kernel-time-median: 0.137442 [s]
kernel-time-min: 0.136938 [s]
kernel-time-samples: "0.136938 0.137196 0.137442 0.137778 0.138089"
kernel-time-throughput: N/A
run-time-mean: 0.137869 [s]
run-time-stddev: 0.000468 [s]
run-time-median: 0.137851 [s]
run-time-min: 0.137307 [s]
run-time-samples: "0.137307 0.137552 0.137851 0.138145 0.138488"
run-time-throughput: N/A
kernel-energy-mean: 24.805225 [J]
kernel-energy-stddev: 0.088092 [J]
kernel-energy-median: 24.826049 [J]
kernel-energy-min: 24.682373 [J]
kernel-energy-max: 24.896240 [J]
kernel-energy-samples: "24.682373 24.750855 24.826049 24.870606 24.896240"
Verification: PASS
