********** Results for Matrix_mul**********
problem-size: 3072
local-size: 256
num-iters: 1
core-freq: 0
memory-freq: 0
device-name: Intel(R) Arc(TM) A770 Graphics
sycl-implementation: UNKNOWN
throughput-metric: N/A
kernel-time-mean: 0.137690 [s]
kernel-time-stddev: 0.000265 [s]
kernel-time-median: 0.137758 [s]
kernel-time-min: 0.137273 [s]
kernel-time-samples: "0.137273 0.137612 0.137758 0.137858 0.137951"
kernel-time-throughput: N/A
run-time-mean: 0.138113 [s]
run-time-stddev: 0.000261 [s]
run-time-median: 0.138185 [s]
run-time-min: 0.137696 [s]
run-time-samples: "0.137696 0.138044 0.138185 0.138285 0.138356"
run-time-throughput: N/A
kernel-energy-mean: 24.587476 [J]
kernel-energy-stddev: 0.026803 [J]
kernel-energy-median: 24.579163 [J]
kernel-energy-min: 24.562561 [J]
kernel-energy-max: 24.622620 [J]
kernel-energy-samples: "24.562561 24.564759 24.579163 24.608276 24.622620"
Verification: PASS
