********** Results for Matrix_mul**********
problem-size: 3072
local-size: 256
num-iters: 1
core-freq: 0
memory-freq: 0
device-name: Intel(R) Arc(TM) A770 Graphics
sycl-implementation: UNKNOWN
throughput-metric: N/A
kernel-time-mean: 0.137708 [s]
kernel-time-stddev: 0.000168 [s]
kernel-time-median: 0.137800 [s]
kernel-time-min: 0.137428 [s]
kernel-time-samples: "0.137428 0.137673 0.137800 0.137809 0.137827"
kernel-time-throughput: N/A
run-time-mean: 0.138070 [s]
run-time-stddev: 0.000177 [s]
run-time-median: 0.138153 [s]
run-time-min: 0.137771 [s]
run-time-samples: "0.137771 0.138045 0.138153 0.138182 0.138200"
run-time-throughput: N/A
kernel-energy-mean: 24.687146 [J]
kernel-energy-stddev: 0.070790 [J]
kernel-energy-median: 24.675842 [J]
kernel-energy-min: 24.608459 [J]
kernel-energy-max: 24.794434 [J]
kernel-energy-samples: "24.608459 24.646363 24.675842 24.710632 24.794434"
Verification: PASS
