********** Results for Matrix_mul**********
problem-size: 3072
local-size: 256
num-iters: 1
core-freq: 0
memory-freq: 0
device-name: Intel(R) Arc(TM) A770 Graphics
sycl-implementation: UNKNOWN
throughput-metric: N/A
kernel-time-mean: 0.137643 [s]
kernel-time-stddev: 0.000193 [s]
kernel-time-median: 0.137660 [s]
kernel-time-min: 0.137358 [s]
kernel-time-samples: "0.137358 0.137587 0.137660 0.137723 0.137884"
kernel-time-throughput: N/A
run-time-mean: 0.138004 [s]
run-time-stddev: 0.000214 [s]
run-time-median: 0.138020 [s]
run-time-min: 0.137701 [s]
run-time-samples: "0.137701 0.137935 0.138020 0.138078 0.138288"
run-time-throughput: N/A
kernel-energy-mean: 24.873767 [J]
kernel-energy-stddev: 0.069973 [J]
kernel-energy-median: 24.885559 [J]
kernel-energy-min: 24.757080 [J]
kernel-energy-max: 24.937805 [J]
kernel-energy-samples: "24.757080 24.873047 24.885559 24.915345 24.937805"
Verification: PASS
