********** Results for Matrix_mul**********
problem-size: 3072
local-size: 256
num-iters: 1
core-freq: 0
memory-freq: 0
device-name: Intel(R) Arc(TM) A770 Graphics
sycl-implementation: UNKNOWN
throughput-metric: N/A
kernel-time-mean: 0.137636 [s]
kernel-time-stddev: 0.000390 [s]
kernel-time-median: 0.137748 [s]
kernel-time-min: 0.137102 [s]
kernel-time-samples: "0.137102 0.137370 0.137748 0.137936 0.138024"
kernel-time-throughput: N/A
run-time-mean: 0.138013 [s]
run-time-stddev: 0.000399 [s]
run-time-median: 0.138137 [s]
run-time-min: 0.137459 [s]
run-time-samples: "0.137459 0.137746 0.138137 0.138344 0.138377"
run-time-throughput: N/A
kernel-energy-mean: 24.619092 [J]
kernel-energy-stddev: 0.101293 [J]
kernel-energy-median: 24.603699 [J]
kernel-energy-min: 24.537293 [J]
kernel-energy-max: 24.784851 [J]
kernel-energy-samples: "24.537293 24.538514 24.603699 24.631104 24.784851"
Verification: PASS
