********** Results for Matrix_mul**********
problem-size: 3072
local-size: 256
num-iters: 1
core-freq: 0
memory-freq: 0
device-name: Intel(R) Arc(TM) A770 Graphics
sycl-implementation: UNKNOWN
throughput-metric: N/A
kernel-time-mean: 0.137903 [s]
kernel-time-stddev: 0.000292 [s]
kernel-time-median: 0.137914 [s]
kernel-time-min: 0.137502 [s]
kernel-time-samples: "0.137502 0.137796 0.137914 0.137999 0.138303"
kernel-time-throughput: N/A
run-time-mean: 0.138268 [s]
run-time-stddev: 0.000294 [s]
run-time-median: 0.138272 [s]
run-time-min: 0.137845 [s]
run-time-samples: "0.137845 0.138206 0.138272 0.138352 0.138662"
run-time-throughput: N/A
kernel-energy-mean: 24.683838 [J]
kernel-energy-stddev: 0.078758 [J]
kernel-energy-median: 24.732117 [J]
kernel-energy-min: 24.578430 [J]
kernel-energy-max: 24.746094 [J]
kernel-energy-samples: "24.578430 24.620117 24.732117 24.742431 24.746094"
Verification: PASS
