********** Results for Matrix_mul**********
problem-size: 3072
local-size: 256
num-iters: 1
core-freq: 0
memory-freq: 0
device-name: Intel(R) Arc(TM) A770 Graphics
sycl-implementation: UNKNOWN
throughput-metric: N/A
kernel-time-mean: 0.137806 [s]
kernel-time-stddev: 0.000218 [s]
kernel-time-median: 0.137814 [s]
kernel-time-min: 0.137463 [s]
kernel-time-samples: "0.137463 0.137780 0.137814 0.137934 0.138040"
kernel-time-throughput: N/A
run-time-mean: 0.138176 [s]
run-time-stddev: 0.000201 [s]
run-time-median: 0.138165 [s]
run-time-min: 0.137872 [s]
run-time-samples: "0.137872 0.138141 0.138165 0.138296 0.138407"
run-time-throughput: N/A
kernel-energy-mean: 24.687756 [J]
kernel-energy-stddev: 0.097553 [J]
kernel-energy-median: 24.739258 [J]
kernel-energy-min: 24.565063 [J]
kernel-energy-max: 24.783508 [J]
kernel-energy-samples: "24.565063 24.601684 24.739258 24.749267 24.783508"
Verification: PASS
