********** Results for Matrix_mul**********
problem-size: 3072
local-size: 256
num-iters: 1
core-freq: 0
memory-freq: 0
device-name: Intel(R) Arc(TM) A770 Graphics
sycl-implementation: UNKNOWN
throughput-metric: N/A
kernel-time-mean: 0.137979 [s]
kernel-time-stddev: 0.000290 [s]
kernel-time-median: 0.138077 [s]
kernel-time-min: 0.137520 [s]
kernel-time-samples: "0.137520 0.137890 0.138077 0.138144 0.138263"
kernel-time-throughput: N/A
run-time-mean: 0.138397 [s]
run-time-stddev: 0.000319 [s]
run-time-median: 0.138484 [s]
run-time-min: 0.137888 [s]
run-time-samples: "0.137888 0.138324 0.138484 0.138577 0.138715"
run-time-throughput: N/A
kernel-energy-mean: 24.783350 [J]
kernel-energy-stddev: 0.068039 [J]
kernel-energy-median: 24.766297 [J]
kernel-energy-min: 24.693054 [J]
kernel-energy-max: 24.865723 [J]
kernel-energy-samples: "24.693054 24.757263 24.766297 24.834411 24.865723"
Verification: PASS
