********** Results for Matrix_mul**********
problem-size: 3072
local-size: 256
num-iters: 1
core-freq: 0
memory-freq: 0
device-name: Intel(R) Arc(TM) A770 Graphics
sycl-implementation: UNKNOWN
throughput-metric: N/A
kernel-time-mean: 0.137730 [s]
kernel-time-stddev: 0.000370 [s]
kernel-time-median: 0.137617 [s]
kernel-time-min: 0.137341 [s]
kernel-time-samples: "0.137341 0.137508 0.137617 0.137899 0.138283"
kernel-time-throughput: N/A
run-time-mean: 0.138177 [s]
run-time-stddev: 0.000364 [s]
run-time-median: 0.138042 [s]
run-time-min: 0.137834 [s]
run-time-samples: "0.137834 0.137931 0.138042 0.138345 0.138731"
run-time-throughput: N/A
kernel-energy-mean: 24.699439 [J]
kernel-energy-stddev: 0.049494 [J]
kernel-energy-median: 24.724365 [J]
kernel-energy-min: 24.615662 [J]
kernel-energy-max: 24.737427 [J]
kernel-energy-samples: "24.615662 24.694092 24.724365 24.725647 24.737427"
Verification: PASS
