********** Results for Matrix_mul**********
problem-size: 3072
local-size: 256
num-iters: 1
core-freq: 0
memory-freq: 0
device-name: Intel(R) Arc(TM) A770 Graphics
sycl-implementation: UNKNOWN
throughput-metric: N/A
kernel-time-mean: 0.138003 [s]
kernel-time-stddev: 0.000293 [s]
kernel-time-median: 0.138157 [s]
kernel-time-min: 0.137667 [s]
kernel-time-samples: "0.137667 0.137704 0.138157 0.138216 0.138272"
kernel-time-throughput: N/A
run-time-mean: 0.138422 [s]
run-time-stddev: 0.000300 [s]
run-time-median: 0.138612 [s]
run-time-min: 0.138091 [s]
run-time-samples: "0.138091 0.138099 0.138612 0.138621 0.138686"
run-time-throughput: N/A
kernel-energy-mean: 24.807702 [J]
kernel-energy-stddev: 0.083517 [J]
kernel-energy-median: 24.785950 [J]
kernel-energy-min: 24.717163 [J]
kernel-energy-max: 24.920776 [J]
kernel-energy-samples: "24.717163 24.750549 24.785950 24.864074 24.920776"
Verification: PASS
