********** Results for Matrix_mul**********
problem-size: 3072
local-size: 256
num-iters: 1
core-freq: 0
memory-freq: 0
device-name: Intel(R) Arc(TM) A770 Graphics
sycl-implementation: UNKNOWN
throughput-metric: N/A
kernel-time-mean: 0.137734 [s]
kernel-time-stddev: 0.000163 [s]
kernel-time-median: 0.137702 [s]
kernel-time-min: 0.137531 [s]
kernel-time-samples: "0.137531 0.137637 0.137702 0.137884 0.137913"
kernel-time-throughput: N/A
run-time-mean: 0.138097 [s]
run-time-stddev: 0.000135 [s]
run-time-median: 0.138062 [s]
run-time-min: 0.137948 [s]
run-time-samples: "0.137948 0.138003 0.138062 0.138213 0.138260"
run-time-throughput: N/A
kernel-energy-mean: 24.410816 [J]
kernel-energy-stddev: 0.026413 [J]
kernel-energy-median: 24.418579 [J]
kernel-energy-min: 24.378968 [J]
kernel-energy-max: 24.437928 [J]
kernel-energy-samples: "24.378968 24.387207 24.418579 24.431396 24.437928"
Verification: PASS
