********** Results for Matrix_mul**********
problem-size: 3072
local-size: 256
num-iters: 1
core-freq: 0
memory-freq: 0
device-name: Intel(R) Arc(TM) A770 Graphics
sycl-implementation: UNKNOWN
throughput-metric: N/A
kernel-time-mean: 0.137506 [s]
kernel-time-stddev: 0.000253 [s]
kernel-time-median: 0.137517 [s]
kernel-time-min: 0.137203 [s]
kernel-time-samples: "0.137203 0.137305 0.137517 0.137736 0.137771"
kernel-time-throughput: N/A
run-time-mean: 0.137882 [s]
run-time-stddev: 0.000258 [s]
run-time-median: 0.137878 [s]
run-time-min: 0.137558 [s]
run-time-samples: "0.137558 0.137706 0.137878 0.138097 0.138172"
run-time-throughput: N/A
kernel-energy-mean: 24.789831 [J]
kernel-energy-stddev: 0.059331 [J]
kernel-energy-median: 24.790405 [J]
kernel-energy-min: 24.704345 [J]
kernel-energy-max: 24.856750 [J]
kernel-energy-samples: "24.704345 24.766174 24.790405 24.831482 24.856750"
Verification: PASS
