********** Results for Matrix_mul**********
problem-size: 3072
local-size: 256
num-iters: 1
core-freq: 0
memory-freq: 0
device-name: Intel(R) Arc(TM) A770 Graphics
sycl-implementation: UNKNOWN
throughput-metric: N/A
kernel-time-mean: 0.137579 [s]
kernel-time-stddev: 0.000378 [s]
kernel-time-median: 0.137363 [s]
kernel-time-min: 0.137241 [s]
kernel-time-samples: "0.137241 0.137312 0.137363 0.137950 0.138029"
kernel-time-throughput: N/A
run-time-mean: 0.137936 [s]
run-time-stddev: 0.000372 [s]
run-time-median: 0.137762 [s]
run-time-min: 0.137586 [s]
run-time-samples: "0.137586 0.137660 0.137762 0.138291 0.138382"
run-time-throughput: N/A
kernel-energy-mean: 24.827185 [J]
kernel-energy-stddev: 0.094579 [J]
kernel-energy-median: 24.866821 [J]
kernel-energy-min: 24.667298 [J]
kernel-energy-max: 24.909546 [J]
kernel-energy-samples: "24.667298 24.822204 24.866821 24.870057 24.909546"
Verification: PASS
