********** Results for Matrix_mul**********
problem-size: 3072
local-size: 256
num-iters: 1
core-freq: 0
memory-freq: 0
device-name: Intel(R) Arc(TM) A770 Graphics
sycl-implementation: UNKNOWN
throughput-metric: N/A
kernel-time-mean: 0.137390 [s]
kernel-time-stddev: 0.000353 [s]
kernel-time-median: 0.137414 [s]
kernel-time-min: 0.136826 [s]
kernel-time-samples: "0.136826 0.137384 0.137414 0.137537 0.137789"
kernel-time-throughput: N/A
run-time-mean: 0.137756 [s]
run-time-stddev: 0.000354 [s]
run-time-median: 0.137813 [s]
run-time-min: 0.137185 [s]
run-time-samples: "0.137185 0.137747 0.137813 0.137883 0.138150"
run-time-throughput: N/A
kernel-energy-mean: 24.383997 [J]
kernel-energy-stddev: 0.086210 [J]
kernel-energy-median: 24.369690 [J]
kernel-energy-min: 24.308716 [J]
kernel-energy-max: 24.516113 [J]
kernel-energy-samples: "24.308716 24.310303 24.369690 24.415161 24.516113"
Verification: PASS
