********** Results for Matrix_mul**********
problem-size: 3072
local-size: 256
num-iters: 1
core-freq: 0
memory-freq: 0
device-name: Intel(R) Arc(TM) A770 Graphics
sycl-implementation: UNKNOWN
throughput-metric: N/A
kernel-time-mean: 0.137566 [s]
kernel-time-stddev: 0.000415 [s]
kernel-time-median: 0.137594 [s]
kernel-time-min: 0.137039 [s]
kernel-time-samples: "0.137039 0.137284 0.137594 0.137845 0.138068"
kernel-time-throughput: N/A
run-time-mean: 0.137941 [s]
run-time-stddev: 0.000446 [s]
run-time-median: 0.137943 [s]
run-time-min: 0.137386 [s]
run-time-samples: "0.137386 0.137655 0.137943 0.138196 0.138526"
run-time-throughput: N/A
kernel-energy-mean: 24.845618 [J]
kernel-energy-stddev: 0.064183 [J]
kernel-energy-median: 24.864746 [J]
kernel-energy-min: 24.747192 [J]
kernel-energy-max: 24.920655 [J]
kernel-energy-samples: "24.747192 24.827942 24.864746 24.867553 24.920655"
Verification: PASS
