********** Results for Matrix_mul**********
problem-size: 3072
local-size: 256
num-iters: 1
core-freq: 0
memory-freq: 0
device-name: Intel(R) Arc(TM) A770 Graphics
sycl-implementation: UNKNOWN
throughput-metric: N/A
kernel-time-mean: 0.137968 [s]
kernel-time-stddev: 0.000220 [s]
kernel-time-median: 0.137849 [s]
kernel-time-min: 0.137783 [s]
kernel-time-samples: "0.137783 0.137804 0.137849 0.138135 0.138269"
kernel-time-throughput: N/A
run-time-mean: 0.138346 [s]
run-time-stddev: 0.000217 [s]
run-time-median: 0.138269 [s]
run-time-min: 0.138141 [s]
run-time-samples: "0.138141 0.138173 0.138269 0.138518 0.138630"
run-time-throughput: N/A
kernel-energy-mean: 24.953430 [J]
kernel-energy-stddev: 0.068775 [J]
kernel-energy-median: 24.963074 [J]
kernel-energy-min: 24.875183 [J]
kernel-energy-max: 25.051269 [J]
kernel-energy-samples: "24.875183 24.902038 24.963074 24.975586 25.051269"
Verification: PASS
