********** Results for Matrix_mul**********
problem-size: 3072
local-size: 256
num-iters: 1
core-freq: 0
memory-freq: 0
device-name: Intel(R) Arc(TM) A770 Graphics
sycl-implementation: UNKNOWN
throughput-metric: N/A
kernel-time-mean: 0.137580 [s]
kernel-time-stddev: 0.000317 [s]
kernel-time-median: 0.137658 [s]
kernel-time-min: 0.137071 [s]
kernel-time-samples: "0.137071 0.137569 0.137658 0.137661 0.137941"
kernel-time-throughput: N/A
run-time-mean: 0.137960 [s]
run-time-stddev: 0.000305 [s]
run-time-median: 0.138033 [s]
run-time-min: 0.137474 [s]
run-time-samples: "0.137474 0.137936 0.138033 0.138045 0.138310"
run-time-throughput: N/A
kernel-energy-mean: 24.546228 [J]
kernel-energy-stddev: 0.071260 [J]
kernel-energy-median: 24.569031 [J]
kernel-energy-min: 24.434937 [J]
kernel-energy-max: 24.623840 [J]
kernel-energy-samples: "24.434937 24.525940 24.569031 24.577393 24.623840"
Verification: PASS
