********** Results for Matrix_mul**********
problem-size: 3072
local-size: 256
num-iters: 1
core-freq: 0
memory-freq: 0
device-name: Intel(R) Arc(TM) A770 Graphics
sycl-implementation: UNKNOWN
throughput-metric: N/A
kernel-time-mean: 0.137556 [s]
kernel-time-stddev: 0.000286 [s]
kernel-time-median: 0.137654 [s]
kernel-time-min: 0.137087 [s]
kernel-time-samples: "0.137087 0.137517 0.137654 0.137687 0.137834"
kernel-time-throughput: N/A
run-time-mean: 0.137983 [s]
run-time-stddev: 0.000294 [s]
run-time-median: 0.138086 [s]
run-time-min: 0.137512 [s]
run-time-samples: "0.137512 0.137917 0.138086 0.138113 0.138288"
run-time-throughput: N/A
kernel-energy-mean: 24.293567 [J]
kernel-energy-stddev: 0.053338 [J]
kernel-energy-median: 24.324158 [J]
kernel-energy-min: 24.208130 [J]
kernel-energy-max: 24.332336 [J]
kernel-energy-samples: "24.208130 24.274109 24.324158 24.329102 24.332336"
Verification: PASS
