********** Results for Matrix_mul**********
problem-size: 3072
local-size: 256
num-iters: 1
core-freq: 0
memory-freq: 0
device-name: Intel(R) Arc(TM) A770 Graphics
sycl-implementation: UNKNOWN
throughput-metric: N/A
kernel-time-mean: 0.137667 [s]
kernel-time-stddev: 0.000399 [s]
kernel-time-median: 0.137617 [s]
kernel-time-min: 0.137218 [s]
kernel-time-samples: "0.137218 0.137360 0.137617 0.137993 0.138150"
kernel-time-throughput: N/A
run-time-mean: 0.138030 [s]
run-time-stddev: 0.000388 [s]
run-time-median: 0.137973 [s]
run-time-min: 0.137615 [s]
run-time-samples: "0.137615 0.137715 0.137973 0.138339 0.138510"
run-time-throughput: N/A
kernel-energy-mean: 24.774829 [J]
kernel-energy-stddev: 0.031587 [J]
kernel-energy-median: 24.769165 [J]
kernel-energy-min: 24.741577 [J]
kernel-energy-max: 24.810181 [J]
kernel-energy-samples: "24.741577 24.748352 24.769165 24.804870 24.810181"
Verification: PASS
