********** Results for Matrix_mul**********
problem-size: 3072
local-size: 256
num-iters: 1
core-freq: 0
memory-freq: 0
device-name: Intel(R) Arc(TM) A770 Graphics
sycl-implementation: UNKNOWN
throughput-metric: N/A
kernel-time-mean: 0.137735 [s]
kernel-time-stddev: 0.000401 [s]
kernel-time-median: 0.137611 [s]
kernel-time-min: 0.137355 [s]
kernel-time-samples: "0.137355 0.137564 0.137611 0.137738 0.138410"
kernel-time-throughput: N/A
run-time-mean: 0.138132 [s]
run-time-stddev: 0.000416 [s]
run-time-median: 0.138015 [s]
run-time-min: 0.137704 [s]
run-time-samples: "0.137704 0.137986 0.138015 0.138133 0.138820"
run-time-throughput: N/A
kernel-energy-mean: 24.296155 [J]
kernel-energy-stddev: 0.083110 [J]
kernel-energy-median: 24.263001 [J]
kernel-energy-min: 24.245728 [J]
kernel-energy-max: 24.442810 [J]
kernel-energy-samples: "24.245728 24.248963 24.263001 24.280274 24.442810"
Verification: PASS
