********** Results for Matrix_mul**********
problem-size: 3072
local-size: 256
num-iters: 1
core-freq: 0
memory-freq: 0
device-name: Intel(R) Arc(TM) A770 Graphics
sycl-implementation: UNKNOWN
throughput-metric: N/A
kernel-time-mean: 0.137840 [s]
kernel-time-stddev: 0.000293 [s]
kernel-time-median: 0.137865 [s]
kernel-time-min: 0.137513 [s]
kernel-time-samples: "0.137513 0.137591 0.137865 0.138007 0.138222"
kernel-time-throughput: N/A
run-time-mean: 0.138198 [s]
run-time-stddev: 0.000301 [s]
run-time-median: 0.138251 [s]
run-time-min: 0.137854 [s]
run-time-samples: "0.137854 0.137941 0.138251 0.138364 0.138582"
run-time-throughput: N/A
kernel-energy-mean: 24.817041 [J]
kernel-energy-stddev: 0.106239 [J]
kernel-energy-median: 24.783813 [J]
kernel-energy-min: 24.703309 [J]
kernel-energy-max: 24.958374 [J]
kernel-energy-samples: "24.703309 24.745301 24.783813 24.894409 24.958374"
Verification: PASS
