********** Results for Matrix_mul**********
problem-size: 3072
local-size: 256
num-iters: 1
core-freq: 0
memory-freq: 0
device-name: Intel(R) Arc(TM) A770 Graphics
sycl-implementation: UNKNOWN
throughput-metric: N/A
kernel-time-mean: 0.137482 [s]
kernel-time-stddev: 0.000364 [s]
kernel-time-median: 0.137338 [s]
kernel-time-min: 0.137159 [s]
kernel-time-samples: "0.137159 0.137179 0.137338 0.137779 0.137957"
kernel-time-throughput: N/A
run-time-mean: 0.137843 [s]
run-time-stddev: 0.000353 [s]
run-time-median: 0.137732 [s]
run-time-min: 0.137523 [s]
run-time-samples: "0.137523 0.137536 0.137732 0.138124 0.138301"
run-time-throughput: N/A
kernel-energy-mean: 24.837549 [J]
kernel-energy-stddev: 0.016416 [J]
kernel-energy-median: 24.840881 [J]
kernel-energy-min: 24.819092 [J]
kernel-energy-max: 24.853272 [J]
kernel-energy-samples: "24.819092 24.821778 24.840881 24.852722 24.853272"
Verification: PASS
