********** Results for Matrix_mul**********
problem-size: 3072
local-size: 256
num-iters: 1
core-freq: 0
memory-freq: 0
device-name: Intel(R) Arc(TM) A770 Graphics
sycl-implementation: UNKNOWN
throughput-metric: N/A
kernel-time-mean: 0.138039 [s]
kernel-time-stddev: 0.000226 [s]
kernel-time-median: 0.138072 [s]
kernel-time-min: 0.137720 [s]
kernel-time-samples: "0.137720 0.137937 0.138072 0.138148 0.138320"
kernel-time-throughput: N/A
run-time-mean: 0.138474 [s]
run-time-stddev: 0.000207 [s]
run-time-median: 0.138477 [s]
run-time-min: 0.138213 [s]
run-time-samples: "0.138213 0.138360 0.138477 0.138559 0.138763"
run-time-throughput: N/A
kernel-energy-mean: 24.556445 [J]
kernel-energy-stddev: 0.067467 [J]
kernel-energy-median: 24.539307 [J]
kernel-energy-min: 24.464966 [J]
kernel-energy-max: 24.631104 [J]
kernel-energy-samples: "24.464966 24.532226 24.539307 24.614624 24.631104"
Verification: PASS
