********** Results for Matrix_mul**********
problem-size: 3072
local-size: 256
num-iters: 1
core-freq: 0
memory-freq: 0
device-name: Intel(R) Arc(TM) A770 Graphics
sycl-implementation: UNKNOWN
throughput-metric: N/A
kernel-time-mean: 0.137791 [s]
kernel-time-stddev: 0.000280 [s]
kernel-time-median: 0.137789 [s]
kernel-time-min: 0.137388 [s]
kernel-time-samples: "0.137388 0.137674 0.137789 0.138033 0.138071"
kernel-time-throughput: N/A
run-time-mean: 0.138215 [s]
run-time-stddev: 0.000286 [s]
run-time-median: 0.138236 [s]
run-time-min: 0.137788 [s]
run-time-samples: "0.137788 0.138106 0.138236 0.138461 0.138484"
run-time-throughput: N/A
kernel-energy-mean: 24.315808 [J]
kernel-energy-stddev: 0.106068 [J]
kernel-energy-median: 24.309082 [J]
kernel-energy-min: 24.176025 [J]
kernel-energy-max: 24.474915 [J]
kernel-energy-samples: "24.176025 24.306152 24.309082 24.312866 24.474915"
Verification: PASS
