********** Results for Matrix_mul**********
problem-size: 3072
local-size: 256
num-iters: 1
core-freq: 0
memory-freq: 0
device-name: Intel(R) Arc(TM) A770 Graphics
sycl-implementation: UNKNOWN
throughput-metric: N/A
kernel-time-mean: 0.137641 [s]
kernel-time-stddev: 0.000111 [s]
kernel-time-median: 0.137633 [s]
kernel-time-min: 0.137481 [s]
kernel-time-samples: "0.137481 0.137629 0.137633 0.137670 0.137792"
kernel-time-throughput: N/A
run-time-mean: 0.138067 [s]
run-time-stddev: 0.000133 [s]
run-time-median: 0.138044 [s]
run-time-min: 0.137891 [s]
run-time-samples: "0.137891 0.138031 0.138044 0.138108 0.138258"
run-time-throughput: N/A
kernel-energy-mean: 24.529785 [J]
kernel-energy-stddev: 0.024500 [J]
kernel-energy-median: 24.529785 [J]
kernel-energy-min: 24.506531 [J]
kernel-energy-max: 24.567138 [J]
kernel-energy-samples: "24.506531 24.509216 24.529785 24.536255 24.567138"
Verification: PASS
