********** Results for Matrix_mul**********
problem-size: 3072
local-size: 256
num-iters: 1
core-freq: 0
memory-freq: 0
device-name: Intel(R) Arc(TM) A770 Graphics
sycl-implementation: UNKNOWN
throughput-metric: N/A
kernel-time-mean: 0.137621 [s]
kernel-time-stddev: 0.000203 [s]
kernel-time-median: 0.137528 [s]
kernel-time-min: 0.137412 [s]
kernel-time-samples: "0.137412 0.137495 0.137528 0.137779 0.137888"
kernel-time-throughput: N/A
run-time-mean: 0.138042 [s]
run-time-stddev: 0.000221 [s]
run-time-median: 0.137921 [s]
run-time-min: 0.137832 [s]
run-time-samples: "0.137832 0.137905 0.137921 0.138203 0.138346"
run-time-throughput: N/A
kernel-energy-mean: 24.439709 [J]
kernel-energy-stddev: 0.051364 [J]
kernel-energy-median: 24.444336 [J]
kernel-energy-min: 24.362427 [J]
kernel-energy-max: 24.495361 [J]
kernel-energy-samples: "24.362427 24.422546 24.444336 24.473877 24.495361"
Verification: PASS
