********** Results for Matrix_mul**********
problem-size: 3072
local-size: 256
num-iters: 1
core-freq: 0
memory-freq: 0
device-name: Intel(R) Arc(TM) A770 Graphics
sycl-implementation: UNKNOWN
throughput-metric: N/A
kernel-time-mean: 0.137678 [s]
kernel-time-stddev: 0.000267 [s]
kernel-time-median: 0.137744 [s]
kernel-time-min: 0.137222 [s]
kernel-time-samples: "0.137222 0.137693 0.137744 0.137826 0.137904"
kernel-time-throughput: N/A
run-time-mean: 0.138090 [s]
run-time-stddev: 0.000275 [s]
run-time-median: 0.138147 [s]
run-time-min: 0.137616 [s]
run-time-samples: "0.137616 0.138128 0.138147 0.138250 0.138309"
run-time-throughput: N/A
kernel-energy-mean: 24.408032 [J]
kernel-energy-stddev: 0.054633 [J]
kernel-energy-median: 24.382569 [J]
kernel-energy-min: 24.365478 [J]
kernel-energy-max: 24.500244 [J]
kernel-energy-samples: "24.365478 24.377442 24.382569 24.414429 24.500244"
Verification: PASS
