********** Results for Matrix_mul**********
problem-size: 3072
local-size: 256
num-iters: 1
core-freq: 0
memory-freq: 0
device-name: Intel(R) Arc(TM) A770 Graphics
sycl-implementation: UNKNOWN
throughput-metric: N/A
kernel-time-mean: 0.137554 [s]
kernel-time-stddev: 0.000290 [s]
kernel-time-median: 0.137575 [s]
kernel-time-min: 0.137106 [s]
kernel-time-samples: "0.137106 0.137480 0.137575 0.137760 0.137851"
kernel-time-throughput: N/A
run-time-mean: 0.137976 [s]
run-time-stddev: 0.000298 [s]
run-time-median: 0.138031 [s]
run-time-min: 0.137501 [s]
run-time-samples: "0.137501 0.137905 0.138031 0.138209 0.138236"
run-time-throughput: N/A
kernel-energy-mean: 24.583655 [J]
kernel-energy-stddev: 0.068117 [J]
kernel-energy-median: 24.581910 [J]
kernel-energy-min: 24.489868 [J]
kernel-energy-max: 24.673950 [J]
kernel-energy-samples: "24.489868 24.558045 24.581910 24.614502 24.673950"
Verification: PASS
