
----------------------------
Global Size: 1024
Local Size: 32
Execution Time: 0.025272 ms
Memory Bandwidth: 0.162077 GB/s
----------------------------
Global Size: 2048
Local Size: 32
Execution Time: 0.006968 ms
Memory Bandwidth: 1.17566 GB/s
----------------------------
Global Size: 4096
Local Size: 32
Execution Time: 0.006448 ms
Memory Bandwidth: 2.54094 GB/s
----------------------------
Global Size: 8192
Local Size: 32
Execution Time: 0.007592 ms
Memory Bandwidth: 4.31612 GB/s
----------------------------
Global Size: 16384
Local Size: 32
Execution Time: 0.0104 ms
Memory Bandwidth: 6.30154 GB/s
----------------------------
Global Size: 32768
Local Size: 32
Execution Time: 0.01092 ms
Memory Bandwidth: 12.0029 GB/s
----------------------------
Global Size: 65536
Local Size: 32
Execution Time: 0.015288 ms
Memory Bandwidth: 17.147 GB/s
----------------------------
Global Size: 131072
Local Size: 32
Execution Time: 0.023192 ms
Memory Bandwidth: 22.6064 GB/s
----------------------------
Global Size: 262144
Local Size: 32
Execution Time: 0.031096 ms
Memory Bandwidth: 33.7206 GB/s
----------------------------
Global Size: 524288
Local Size: 32
Execution Time: 0.043576 ms
Memory Bandwidth: 48.1263 GB/s
----------------------------
Global Size: 1048576
Local Size: 32
Execution Time: 0.086112 ms
Memory Bandwidth: 48.7075 GB/s
----------------------------
Global Size: 2097152
Local Size: 32
Execution Time: 0.146432 ms
Memory Bandwidth: 57.2867 GB/s
----------------------------
Global Size: 4194304
Local Size: 32
Execution Time: 0.257712 ms
Memory Bandwidth: 65.1006 GB/s
----------------------------
Global Size: 8388608
Local Size: 32
Execution Time: 0.583024 ms
Memory Bandwidth: 57.5524 GB/s
----------------------------
Global Size: 16777216
Local Size: 32
Execution Time: 0.921648 ms
Memory Bandwidth: 72.814 GB/s
----------------------------
Global Size: 1024
Local Size: 64
Execution Time: 0.024128 ms
Memory Bandwidth: 0.169761 GB/s
----------------------------
Global Size: 2048
Local Size: 64
Execution Time: 0.006032 ms
Memory Bandwidth: 1.35809 GB/s
----------------------------
Global Size: 4096
Local Size: 64
Execution Time: 0.006448 ms
Memory Bandwidth: 2.54094 GB/s
----------------------------
Global Size: 8192
Local Size: 64
Execution Time: 0.007488 ms
Memory Bandwidth: 4.37607 GB/s
----------------------------
Global Size: 16384
Local Size: 64
Execution Time: 0.009256 ms
Memory Bandwidth: 7.08038 GB/s
----------------------------
Global Size: 32768
Local Size: 64
Execution Time: 0.010296 ms
Memory Bandwidth: 12.7304 GB/s
----------------------------
Global Size: 65536
Local Size: 64
Execution Time: 0.01196 ms
Memory Bandwidth: 21.9184 GB/s
----------------------------
Global Size: 131072
Local Size: 64
Execution Time: 0.0182 ms
Memory Bandwidth: 28.807 GB/s
----------------------------
Global Size: 262144
Local Size: 64
Execution Time: 0.02392 ms
Memory Bandwidth: 43.8368 GB/s
----------------------------
Global Size: 524288
Local Size: 64
Execution Time: 0.034216 ms
Memory Bandwidth: 61.2916 GB/s
----------------------------
Global Size: 1048576
Local Size: 64
Execution Time: 0.065416 ms
Memory Bandwidth: 64.1174 GB/s
----------------------------
Global Size: 2097152
Local Size: 64
Execution Time: 0.1144 ms
Memory Bandwidth: 73.327 GB/s
----------------------------
Global Size: 4194304
Local Size: 64
Execution Time: 0.197496 ms
Memory Bandwidth: 84.9496 GB/s
----------------------------
Global Size: 8388608
Local Size: 64
Execution Time: 0.49712 ms
Memory Bandwidth: 67.4977 GB/s
----------------------------
Global Size: 16777216
Local Size: 64
Execution Time: 0.950872 ms
Memory Bandwidth: 70.5761 GB/s
----------------------------
Global Size: 1024
Local Size: 128
Execution Time: 0.020592 ms
Memory Bandwidth: 0.198912 GB/s
----------------------------
Global Size: 2048
Local Size: 128
Execution Time: 0.020592 ms
Memory Bandwidth: 0.397824 GB/s
----------------------------
Global Size: 4096
Local Size: 128
Execution Time: 0.022256 ms
Memory Bandwidth: 0.736161 GB/s
----------------------------
Global Size: 8192
Local Size: 128
Execution Time: 0.02236 ms
Memory Bandwidth: 1.46547 GB/s
----------------------------
Global Size: 16384
Local Size: 128
Execution Time: 0.023816 ms
Memory Bandwidth: 2.75176 GB/s
----------------------------
Global Size: 32768
Local Size: 128
Execution Time: 0.026832 ms
Memory Bandwidth: 4.88491 GB/s
----------------------------
Global Size: 65536
Local Size: 128
Execution Time: 0.030784 ms
Memory Bandwidth: 8.51559 GB/s
----------------------------
Global Size: 131072
Local Size: 128
Execution Time: 0.041288 ms
Memory Bandwidth: 12.6983 GB/s
----------------------------
Global Size: 262144
Local Size: 128
Execution Time: 0.058656 ms
Memory Bandwidth: 17.8767 GB/s
----------------------------
Global Size: 524288
Local Size: 128
Execution Time: 0.095368 ms
Memory Bandwidth: 21.9901 GB/s
----------------------------
Global Size: 1048576
Local Size: 128
Execution Time: 0.133224 ms
Memory Bandwidth: 31.4831 GB/s
----------------------------
Global Size: 2097152
Local Size: 128
Execution Time: 0.226512 ms
Memory Bandwidth: 37.0338 GB/s
----------------------------
Global Size: 4194304
Local Size: 128
Execution Time: 0.383968 ms
Memory Bandwidth: 43.6943 GB/s
----------------------------
Global Size: 8388608
Local Size: 128
Execution Time: 0.705016 ms
Memory Bandwidth: 47.5939 GB/s
----------------------------
Global Size: 16777216
Local Size: 128
Execution Time: 0.454584 ms
Memory Bandwidth: 147.627 GB/s
----------------------------
Global Size: 1024
Local Size: 256
Execution Time: 0.009568 ms
Memory Bandwidth: 0.428094 GB/s
----------------------------
Global Size: 2048
Local Size: 256
Execution Time: 0.011544 ms
Memory Bandwidth: 0.709633 GB/s
----------------------------
Global Size: 4096
Local Size: 256
Execution Time: 0.012272 ms
Memory Bandwidth: 1.33507 GB/s
----------------------------
Global Size: 8192
Local Size: 256
Execution Time: 0.014352 ms
Memory Bandwidth: 2.28317 GB/s
----------------------------
Global Size: 16384
Local Size: 256
Execution Time: 0.019344 ms
Memory Bandwidth: 3.38792 GB/s
----------------------------
Global Size: 32768
Local Size: 256
Execution Time: 0.022048 ms
Memory Bandwidth: 5.94485 GB/s
----------------------------
Global Size: 65536
Local Size: 256
Execution Time: 0.024336 ms
Memory Bandwidth: 10.7719 GB/s
----------------------------
Global Size: 131072
Local Size: 256
Execution Time: 0.028392 ms
Memory Bandwidth: 18.466 GB/s
----------------------------
Global Size: 262144
Local Size: 256
Execution Time: 0.038168 ms
Memory Bandwidth: 27.4726 GB/s
----------------------------
Global Size: 524288
Local Size: 256
Execution Time: 0.05616 ms
Memory Bandwidth: 37.3425 GB/s
----------------------------
Global Size: 1048576
Local Size: 256
Execution Time: 0.115856 ms
Memory Bandwidth: 36.2027 GB/s
----------------------------
Global Size: 2097152
Local Size: 256
Execution Time: 0.198432 ms
Memory Bandwidth: 42.2745 GB/s
----------------------------
Global Size: 4194304
Local Size: 256
Execution Time: 0.341016 ms
Memory Bandwidth: 49.1977 GB/s
----------------------------
Global Size: 8388608
Local Size: 256
Execution Time: 0.714064 ms
Memory Bandwidth: 46.9908 GB/s
----------------------------
Global Size: 16777216
Local Size: 256
Execution Time: 0.454792 ms
Memory Bandwidth: 147.559 GB/s
----------------------------
Global Size: 1024
Local Size: 512
Execution Time: 0.011128 ms
Memory Bandwidth: 0.368081 GB/s
----------------------------
Global Size: 2048
Local Size: 512
Execution Time: 0.012376 ms
Memory Bandwidth: 0.661926 GB/s
----------------------------
Global Size: 4096
Local Size: 512
Execution Time: 0.01508 ms
Memory Bandwidth: 1.08647 GB/s
----------------------------
Global Size: 8192
Local Size: 512
Execution Time: 0.020072 ms
Memory Bandwidth: 1.63252 GB/s
----------------------------
Global Size: 16384
Local Size: 512
Execution Time: 0.021528 ms
Memory Bandwidth: 3.04422 GB/s
----------------------------
Global Size: 32768
Local Size: 512
Execution Time: 0.025584 ms
Memory Bandwidth: 5.1232 GB/s
----------------------------
Global Size: 65536
Local Size: 512
Execution Time: 0.008736 ms
Memory Bandwidth: 30.0073 GB/s
----------------------------
Global Size: 131072
Local Size: 512
Execution Time: 0.010296 ms
Memory Bandwidth: 50.9215 GB/s
----------------------------
Global Size: 262144
Local Size: 512
Execution Time: 0.016016 ms
Memory Bandwidth: 65.4705 GB/s
----------------------------
Global Size: 524288
Local Size: 512
Execution Time: 0.02704 ms
Memory Bandwidth: 77.5574 GB/s
----------------------------
Global Size: 1048576
Local Size: 512
Execution Time: 0.043992 ms
Memory Bandwidth: 95.3424 GB/s
----------------------------
Global Size: 2097152
Local Size: 512
Execution Time: 0.078936 ms
Memory Bandwidth: 106.271 GB/s
----------------------------
Global Size: 4194304
Local Size: 512
Execution Time: 0.137488 ms
Memory Bandwidth: 122.027 GB/s
----------------------------
Global Size: 8388608
Local Size: 512
Execution Time: 0.271544 ms
Memory Bandwidth: 123.569 GB/s
----------------------------
Global Size: 16777216
Local Size: 512
Execution Time: 0.678184 ms
Memory Bandwidth: 98.9538 GB/s
----------------------------
Global Size: 1024
Local Size: 1024
Execution Time: 0.02132 ms
Memory Bandwidth: 0.19212 GB/s
----------------------------
Global Size: 2048
Local Size: 1024
Execution Time: 0.021632 ms
Memory Bandwidth: 0.378698 GB/s
----------------------------
Global Size: 4096
Local Size: 1024
Execution Time: 0.025272 ms
Memory Bandwidth: 0.648306 GB/s
----------------------------
Global Size: 8192
Local Size: 1024
Execution Time: 0.026312 ms
Memory Bandwidth: 1.24536 GB/s
----------------------------
Global Size: 16384
Local Size: 1024
Execution Time: 0.02808 ms
Memory Bandwidth: 2.3339 GB/s
----------------------------
Global Size: 32768
Local Size: 1024
Execution Time: 0.032864 ms
Memory Bandwidth: 3.98832 GB/s
----------------------------
Global Size: 65536
Local Size: 1024
Execution Time: 0.00832 ms
Memory Bandwidth: 31.5077 GB/s
----------------------------
Global Size: 131072
Local Size: 1024
Execution Time: 0.010192 ms
Memory Bandwidth: 51.4411 GB/s
----------------------------
Global Size: 262144
Local Size: 1024
Execution Time: 0.014872 ms
Memory Bandwidth: 70.5067 GB/s
----------------------------
Global Size: 524288
Local Size: 1024
Execution Time: 0.026312 ms
Memory Bandwidth: 79.7033 GB/s
----------------------------
Global Size: 1048576
Local Size: 1024
Execution Time: 0.0442 ms
Memory Bandwidth: 94.8938 GB/s
----------------------------
Global Size: 2097152
Local Size: 1024
Execution Time: 0.074672 ms
Memory Bandwidth: 112.339 GB/s
----------------------------
Global Size: 4194304
Local Size: 1024
Execution Time: 0.140192 ms
Memory Bandwidth: 119.673 GB/s
----------------------------
Global Size: 8388608
Local Size: 1024
Execution Time: 0.271128 ms
Memory Bandwidth: 123.759 GB/s
----------------------------
Global Size: 16777216
Local Size: 1024
Execution Time: 0.656136 ms
Memory Bandwidth: 102.279 GB/s
